#
# A fatal error has been detected by the Java Runtime Environment:
#
#  SIGSEGV (0xb) at pc=0x00007fd6cd8e5d80, pid=23942, tid=0x00007fd6b4125700
#
# JRE version: Java(TM) SE Runtime Environment (8.0_101-b13) (build 1.8.0_101-b13)
# Java VM: Java HotSpot(TM) 64-Bit Server VM (25.101-b13 mixed mode linux-amd64 compressed oops)
# Problematic frame:
# V  [libjvm.so+0x8acd80]  Method::checked_resolve_jmethod_id(_jmethodID*)+0x20
#
# Failed to write core dump. Core dumps have been disabled. To enable core dumping, try "ulimit -c unlimited" before starting Java again
#
# If you would like to submit a bug report, please visit:
#   http://bugreport.java.com/bugreport/crash.jsp
#

---------------  T H R E A D  ---------------

Current thread (0x00007fd6c80ce000):  JavaThread "JDWP Transport Listener: dt_socket" daemon [_thread_in_vm, id=23963, stack(0x00007fd6b4025000,0x00007fd6b4126000)]

siginfo: si_signo: 11 (SIGSEGV), si_code: 1 (SEGV_MAPERR), si_addr: 0x0000000000000021

Registers:
RAX=0x0000000000000001, RBX=0x00007fd6c80034a0, RCX=0x00007fd6cea222c0, RDX=0x00007fd6cdffae80
RSP=0x00007fd6b4124950, RBP=0x00007fd6b4124960, RSI=0x00007fd6c80ce000, RDI=0x0000000000000021
R8 =0x00007fd67c0057f0, R9 =0x0000000000000000, R10=0x00007fd67c0057e0, R11=0x00007fd6ce1bc790
R12=0x0000000000000017, R13=0x0000000000000021, R14=0x00007fd6c80ce000, R15=0x00007fd6b4124a67
RIP=0x00007fd6cd8e5d80, EFLAGS=0x0000000000010206, CSGSFS=0x0000000000000033, ERR=0x0000000000000004
  TRAPNO=0x000000000000000e

Top of Stack: (sp=0x00007fd6b4124950)
0x00007fd6b4124950:   0000000000000074 00007fd6c80034a0
0x00007fd6b4124960:   00007fd6b41249d0 00007fd6cd772efe
0x00007fd6b4124970:   00007fd6b4124990 00007fd6b4124980
0x00007fd6b4124980:   00007fd6c80ce000 0000000000000000
0x00007fd6b4124990:   00007fd600000000 0000000000000000
0x00007fd6b41249a0:   00007fd6b41249c0 00007fd6cc6ece40
0x00007fd6b41249b0:   0000000000000021 00007fd6b4124a67
0x00007fd6b41249c0:   000000000000000b 00007fd6b4124a67
0x00007fd6b41249d0:   00007fd6b4124a00 00007fd6cc4d88c2
0x00007fd6b41249e0:   00007fd6b4124a00 0000000000000021
0x00007fd6b41249f0:   00007fd6b4124ad0 0000000000000058
0x00007fd6b4124a00:   00007fd6b4124a90 00007fd6cc4b9aa0
0x00007fd6b4124a10:   00007fd6b4124a48 00007fd6b4124a40
0x00007fd6b4124a20:   00007fd6b4124a38 00007fd6b4124a5c
0x00007fd6b4124a30:   000000017c004410 0000000000000000
0x00007fd6b4124a40:   0000000000000000 0000000000000000
0x00007fd6b4124a50:   00007fd67c005bd0 f0001008b4124ad0
0x00007fd6b4124a60:   010000000000000c 0000000000000002
0x00007fd6b4124a70:   000000000000000f 0000000000000002
0x00007fd6b4124a80:   00000000000f0200 000000000000000f
0x00007fd6b4124a90:   00007fd6b4124ce0 00007fd6cc4c49c6
0x00007fd6b4124aa0:   000a749100000013 00007fd6cd0f0200
0x00007fd6b4124ab0:   00007fd674000ba0 0000000000000000
0x00007fd6b4124ac0:   00007fd6b4124ad0 00007fd6b4124c60
0x00007fd6b4124ad0:   00007fd67c00757d 00007fd60000008b
0x00007fd6b4124ae0:   00007fd67c008f90 000000000000012c
0x00007fd6b4124af0:   00007fd6b4124b20 00007fd67c008f90
0x00007fd6b4124b00:   00007f0000000000 000a74910000001c
0x00007fd6b4124b10:   00007fd600004c80 00007fd6b4124b20
0x00007fd6b4124b20:   d67f00000c000000 040000002088007c
0x00007fd6b4124b30:   2c000000706d7564 61632f67726f4c28
0x00007fd6b4124b40:   646a2f62616c656b 6970612f6c6d786f 

Instructions: (pc=0x00007fd6cd8e5d80)
0x00007fd6cd8e5d60:   55 48 89 e5 53 48 83 ec 08 48 85 ff 75 12 31 db
0x00007fd6cd8e5d70:   48 89 d8 48 83 c4 08 5b c9 c3 66 0f 1f 44 00 00
0x00007fd6cd8e5d80:   48 8b 1f 48 85 db 74 e6 48 83 fb 37 74 e0 48 8b
0x00007fd6cd8e5d90:   03 48 89 df ff 50 10 84 c0 0f 1f 80 00 00 00 00 

Register to memory mapping:

RAX=0x0000000000000001 is an unknown value
RBX=0x00007fd6c80034a0 is an unknown value
RCX=0x00007fd6cea222c0: <offset 0x2182c0> in /lib/x86_64-linux-gnu/libpthread.so.0 at 0x00007fd6ce80a000
RDX=0x00007fd6cdffae80: <offset 0xfc1e80> in /usr/lib/jvm/java-8-oracle/jre/lib/amd64/server/libjvm.so at 0x00007fd6cd039000
RSP=0x00007fd6b4124950 is pointing into the stack for thread: 0x00007fd6c80ce000
RBP=0x00007fd6b4124960 is pointing into the stack for thread: 0x00007fd6c80ce000
RSI=0x00007fd6c80ce000 is a thread
RDI=0x0000000000000021 is an unknown value
R8 =0x00007fd67c0057f0 is an unknown value
R9 =0x0000000000000000 is an unknown value
R10=0x00007fd67c0057e0 is an unknown value
R11=0x00007fd6ce1bc790: <offset 0x195790> in /lib/x86_64-linux-gnu/libc.so.6 at 0x00007fd6ce027000
R12=0x0000000000000017 is an unknown value
R13=0x0000000000000021 is an unknown value
R14=0x00007fd6c80ce000 is a thread
R15=0x00007fd6b4124a67 is pointing into the stack for thread: 0x00007fd6c80ce000


Stack: [0x00007fd6b4025000,0x00007fd6b4126000],  sp=0x00007fd6b4124950,  free space=1022k
Native frames: (J=compiled Java code, j=interpreted, Vv=VM code, C=native code)
V  [libjvm.so+0x8acd80]  Method::checked_resolve_jmethod_id(_jmethodID*)+0x20
V  [libjvm.so+0x739efe]  jvmti_IsMethodSynthetic+0x2be
C  [libjdwp.so+0x258c2]  isMethodSynthetic+0x42
C  [libjdwp.so+0x6aa0]  methods1+0x1b0
C  [libjdwp.so+0x119c6]  debugLoop_run+0x2b6
C  [libjdwp.so+0x247ff]  attachThread+0x2f
V  [libjvm.so+0x7a63e2]  JvmtiAgentThread::call_start_function()+0xc2
V  [libjvm.so+0xa7343f]  JavaThread::thread_main_inner()+0xdf
V  [libjvm.so+0xa7356c]  JavaThread::run()+0x11c
V  [libjvm.so+0x924698]  java_start(Thread*)+0x108
C  [libpthread.so.0+0x770a]  start_thread+0xca


---------------  P R O C E S S  ---------------

Java Threads: ( => current thread )
  0x00007fd6c80f0000 JavaThread "Service Thread" daemon [_thread_blocked, id=23974, stack(0x00007fd69f9fa000,0x00007fd69fafb000)]
  0x00007fd6c80da800 JavaThread "C1 CompilerThread3" daemon [_thread_blocked, id=23973, stack(0x00007fd69fafb000,0x00007fd69fbfc000)]
  0x00007fd6c80d8000 JavaThread "C2 CompilerThread2" daemon [_thread_blocked, id=23972, stack(0x00007fd69fbfc000,0x00007fd69fcfd000)]
  0x00007fd6c80d6800 JavaThread "C2 CompilerThread1" daemon [_thread_blocked, id=23971, stack(0x00007fd69fcfd000,0x00007fd69fdfe000)]
  0x00007fd6c80d3800 JavaThread "C2 CompilerThread0" daemon [_thread_blocked, id=23970, stack(0x00007fd69fdfe000,0x00007fd69feff000)]
  0x00007fd67c001000 JavaThread "JDWP Command Reader" daemon [_thread_in_native, id=23967, stack(0x00007fd69feff000,0x00007fd6a0000000)]
  0x00007fd6c80d1800 JavaThread "JDWP Event Helper Thread" daemon [_thread_blocked, id=23965, stack(0x00007fd6a40ef000,0x00007fd6a41f0000)]
=>0x00007fd6c80ce000 JavaThread "JDWP Transport Listener: dt_socket" daemon [_thread_in_vm, id=23963, stack(0x00007fd6b4025000,0x00007fd6b4126000)]
  0x00007fd6c80c1800 JavaThread "Signal Dispatcher" daemon [_thread_blocked, id=23961, stack(0x00007fd6b432a000,0x00007fd6b442b000)]
  0x00007fd6c808f000 JavaThread "Finalizer" daemon [_thread_blocked, id=23959, stack(0x00007fd6b442b000,0x00007fd6b452c000)]
  0x00007fd6c808a800 JavaThread "Reference Handler" daemon [_thread_blocked, id=23958, stack(0x00007fd6b452c000,0x00007fd6b462d000)]
  0x00007fd6c800d000 JavaThread "main" [_thread_blocked, id=23948, stack(0x00007fd6ceb1a000,0x00007fd6cec1b000)]

Other Threads:
  0x00007fd6c8083000 VMThread [stack: 0x00007fd6b462d000,0x00007fd6b472e000] [id=23957]
  0x00007fd6c80f3000 WatcherThread [stack: 0x00007fd69f8f9000,0x00007fd69f9fa000] [id=23975]

VM state:not at safepoint (normal execution)

VM Mutex/Monitor currently owned by a thread: None

Heap:
 PSYoungGen      total 37888K, used 28891K [0x00000000d6a00000, 0x00000000d9400000, 0x0000000100000000)
  eden space 32768K, 88% used [0x00000000d6a00000,0x00000000d8636ed0,0x00000000d8a00000)
  from space 5120K, 0% used [0x00000000d8f00000,0x00000000d8f00000,0x00000000d9400000)
  to   space 5120K, 0% used [0x00000000d8a00000,0x00000000d8a00000,0x00000000d8f00000)
 ParOldGen       total 86016K, used 0K [0x0000000083e00000, 0x0000000089200000, 0x00000000d6a00000)
  object space 86016K, 0% used [0x0000000083e00000,0x0000000083e00000,0x0000000089200000)
 Metaspace       used 4987K, capacity 5262K, committed 5504K, reserved 1056768K
  class space    used 572K, capacity 623K, committed 640K, reserved 1048576K

Card table byte_map: [0x00007fd6b7bb6000,0x00007fd6b7f98000] byte_map_base: 0x00007fd6b7797000

Marking Bits: (ParMarkBitMap*) 0x00007fd6cdffa120
 Begin Bits: [0x00007fd6a41f0000, 0x00007fd6a60f8000)
 End Bits:   [0x00007fd6a60f8000, 0x00007fd6a8000000)

Polling page: 0x00007fd6cec49000

CodeCache: size=245760Kb used=2716Kb max_used=2756Kb free=243043Kb
 bounds [0x00007fd6b8358000, 0x00007fd6b8618000, 0x00007fd6c7358000]
 total_blobs=699 nmethods=455 adapters=166
 compilation: enabled

Compilation events (10 events):
Event: 0,559 Thread 0x00007fd6c80d8000  387       4       com.sun.org.apache.xerces.internal.utils.XMLSecurityManager::isNoLimit (10 bytes)
Event: 0,559 Thread 0x00007fd6c80d8000 nmethod 387 0x00007fd6b85aa650 code [0x00007fd6b85aa7a0, 0x00007fd6b85aa818]
Event: 0,559 Thread 0x00007fd6c80d8000  398       4       com.sun.org.apache.xerces.internal.util.XMLAttributesIteratorImpl::removeAllAttributes (10 bytes)
Event: 0,559 Thread 0x00007fd6c80d8000 nmethod 398 0x00007fd6b85b0d50 code [0x00007fd6b85b0ea0, 0x00007fd6b85b0ef8]
Event: 0,559 Thread 0x00007fd6c80d8000  399       4       com.sun.org.apache.xerces.internal.util.XMLAttributesImpl::removeAllAttributes (6 bytes)
Event: 0,559 Thread 0x00007fd6c80d8000 nmethod 399 0x00007fd6b85e0f50 code [0x00007fd6b85e10a0, 0x00007fd6b85e10f8]
Event: 0,559 Thread 0x00007fd6c80d8000  435       4       java.lang.Math::max (11 bytes)
Event: 0,560 Thread 0x00007fd6c80d8000 nmethod 435 0x00007fd6b85e5290 code [0x00007fd6b85e53c0, 0x00007fd6b85e5418]
Event: 0,571 Thread 0x00007fd6c80d6800 nmethod 396 0x00007fd6b85f1d90 code [0x00007fd6b85f1fa0, 0x00007fd6b85f3678]
Event: 0,691 Thread 0x00007fd6c80d3800 nmethod 357 0x00007fd6b85fe1d0 code [0x00007fd6b85ff160, 0x00007fd6b8608018]

GC Heap History (0 events):
No events

Deoptimization events (10 events):
Event: 0,462 Thread 0x00007fd6c800d000 Uncommon trap: reason=unstable_if action=reinterpret pc=0x00007fd6b852c5dc method=com.sun.org.apache.xerces.internal.impl.XMLDocumentFragmentScannerImpl.seekCloseOfStartTag()Z @ 36
Event: 0,469 Thread 0x00007fd6c800d000 Uncommon trap: reason=class_check action=maybe_recompile pc=0x00007fd6b858e9f8 method=com.sun.org.apache.xerces.internal.parsers.AbstractSAXParser.endElement(Lcom/sun/org/apache/xerces/internal/xni/QName;Lcom/sun/org/apache/xerces/internal/xni/Augmentatio
Event: 0,469 Thread 0x00007fd6c800d000 Uncommon trap: reason=unstable_if action=reinterpret pc=0x00007fd6b8589810 method=org.cakelab.jdoxml.impl.basehandler.BaseHandler.endElement(Ljava/lang/String;Ljava/lang/String;Ljava/lang/String;)V @ 4
Event: 0,471 Thread 0x00007fd6c800d000 Uncommon trap: reason=class_check action=maybe_recompile pc=0x00007fd6b85942a0 method=com.sun.org.apache.xerces.internal.parsers.AbstractSAXParser.endElement(Lcom/sun/org/apache/xerces/internal/xni/QName;Lcom/sun/org/apache/xerces/internal/xni/Augmentatio
Event: 0,478 Thread 0x00007fd6c800d000 Uncommon trap: reason=class_check action=maybe_recompile pc=0x00007fd6b8555964 method=com.sun.org.apache.xerces.internal.parsers.AbstractSAXParser.endNamespaceMapping()V @ 35
Event: 0,478 Thread 0x00007fd6c800d000 Uncommon trap: reason=class_check action=maybe_recompile pc=0x00007fd6b84fdc08 method=com.sun.org.apache.xerces.internal.impl.XMLDocumentScannerImpl.next()I @ 4
Event: 0,488 Thread 0x00007fd6c800d000 Uncommon trap: reason=unstable_if action=reinterpret pc=0x00007fd6b8532568 method=com.sun.org.apache.xerces.internal.parsers.AbstractSAXParser.startNamespaceMapping()V @ 11
Event: 0,490 Thread 0x00007fd6c800d000 Uncommon trap: reason=unstable_if action=reinterpret pc=0x00007fd6b84e4a6c method=com.sun.org.apache.xerces.internal.utils.XMLLimitAnalyzer.addValue(ILjava/lang/String;I)V @ 78
Event: 0,490 Thread 0x00007fd6c800d000 Uncommon trap: reason=unstable_if action=reinterpret pc=0x00007fd6b84e4200 method=com.sun.org.apache.xerces.internal.utils.XMLLimitAnalyzer.addValue(ILjava/lang/String;I)V @ 78
Event: 0,512 Thread 0x00007fd6c800d000 Uncommon trap: reason=class_check action=maybe_recompile pc=0x00007fd6b8555964 method=com.sun.org.apache.xerces.internal.parsers.AbstractSAXParser.endNamespaceMapping()V @ 35

Internal exceptions (9 events):
Event: 0,027 Thread 0x00007fd6c800d000 Exception <a 'java/lang/NoSuchMethodError': Method sun.misc.Unsafe.defineClass(Ljava/lang/String;[BII)Ljava/lang/Class; name or signature does not match> (0x00000000d6a07cc0) thrown at [/HUDSON3/workspace/8-2-build-linux-amd64/jdk8u101/7261/hotspot/src/sh
Event: 0,027 Thread 0x00007fd6c800d000 Exception <a 'java/lang/NoSuchMethodError': Method sun.misc.Unsafe.prefetchRead(Ljava/lang/Object;J)V name or signature does not match> (0x00000000d6a07fa8) thrown at [/HUDSON3/workspace/8-2-build-linux-amd64/jdk8u101/7261/hotspot/src/share/vm/prims/jni.c
Event: 0,225 Thread 0x00007fd6c800d000 Exception <a 'java/security/PrivilegedActionException'> (0x00000000d6c7d9d8) thrown at [/HUDSON3/workspace/8-2-build-linux-amd64/jdk8u101/7261/hotspot/src/share/vm/prims/jvm.cpp, line 1386]
Event: 0,226 Thread 0x00007fd6c800d000 Exception <a 'java/security/PrivilegedActionException'> (0x00000000d6c7dbe8) thrown at [/HUDSON3/workspace/8-2-build-linux-amd64/jdk8u101/7261/hotspot/src/share/vm/prims/jvm.cpp, line 1386]
Event: 0,227 Thread 0x00007fd6c800d000 Exception <a 'java/security/PrivilegedActionException'> (0x00000000d6c80028) thrown at [/HUDSON3/workspace/8-2-build-linux-amd64/jdk8u101/7261/hotspot/src/share/vm/prims/jvm.cpp, line 1386]
Event: 0,228 Thread 0x00007fd6c800d000 Exception <a 'java/security/PrivilegedActionException'> (0x00000000d6c80238) thrown at [/HUDSON3/workspace/8-2-build-linux-amd64/jdk8u101/7261/hotspot/src/share/vm/prims/jvm.cpp, line 1386]
Event: 0,456 Thread 0x00007fd6c800d000 Implicit null exception at 0x00007fd6b8533dfc to 0x00007fd6b8535a5d
Event: 0,456 Thread 0x00007fd6c800d000 Implicit null exception at 0x00007fd6b8509cf2 to 0x00007fd6b850a1c9
Event: 0,456 Thread 0x00007fd6c800d000 Implicit null exception at 0x00007fd6b853bd30 to 0x00007fd6b853be62

Events (10 events):
Event: 263,692 Executing VM operation: GetCurrentLocation
Event: 263,692 Executing VM operation: GetCurrentLocation done
Event: 263,692 Executing VM operation: EnterInterpOnlyMode
Event: 263,692 Executing VM operation: EnterInterpOnlyMode done
Event: 263,692 Executing VM operation: ChangeSingleStep
Event: 263,692 Executing VM operation: ChangeSingleStep done
Event: 263,693 Executing VM operation: ChangeSingleStep
Event: 263,693 Executing VM operation: ChangeSingleStep done
Event: 263,696 Executing VM operation: RedefineClasses
Event: 263,700 Executing VM operation: RedefineClasses done


Dynamic libraries:
00400000-00401000 r-xp 00000000 08:02 4072954                            /usr/lib/jvm/java-8-oracle/bin/java
00600000-00601000 rw-p 00000000 08:02 4072954                            /usr/lib/jvm/java-8-oracle/bin/java
00717000-00738000 rw-p 00000000 00:00 0                                  [heap]
83e00000-89200000 rw-p 00000000 00:00 0 
89200000-d6a00000 ---p 00000000 00:00 0 
d6a00000-d9400000 rw-p 00000000 00:00 0 
d9400000-100000000 ---p 00000000 00:00 0 
100000000-1000a0000 rw-p 00000000 00:00 0 
1000a0000-140000000 ---p 00000000 00:00 0 
7fd658000000-7fd658021000 rw-p 00000000 00:00 0 
7fd658021000-7fd65c000000 ---p 00000000 00:00 0 
7fd65c000000-7fd65c021000 rw-p 00000000 00:00 0 
7fd65c021000-7fd660000000 ---p 00000000 00:00 0 
7fd660000000-7fd6605e1000 rw-p 00000000 00:00 0 
7fd6605e1000-7fd664000000 ---p 00000000 00:00 0 
7fd664000000-7fd66451a000 rw-p 00000000 00:00 0 
7fd66451a000-7fd668000000 ---p 00000000 00:00 0 
7fd668000000-7fd668a35000 rw-p 00000000 00:00 0 
7fd668a35000-7fd66c000000 ---p 00000000 00:00 0 
7fd66c000000-7fd66c947000 rw-p 00000000 00:00 0 
7fd66c947000-7fd670000000 ---p 00000000 00:00 0 
7fd670000000-7fd670021000 rw-p 00000000 00:00 0 
7fd670021000-7fd674000000 ---p 00000000 00:00 0 
7fd674000000-7fd674021000 rw-p 00000000 00:00 0 
7fd674021000-7fd678000000 ---p 00000000 00:00 0 
7fd678000000-7fd678021000 rw-p 00000000 00:00 0 
7fd678021000-7fd67c000000 ---p 00000000 00:00 0 
7fd67c000000-7fd67c2ac000 rw-p 00000000 00:00 0 
7fd67c2ac000-7fd680000000 ---p 00000000 00:00 0 
7fd680000000-7fd680021000 rw-p 00000000 00:00 0 
7fd680021000-7fd684000000 ---p 00000000 00:00 0 
7fd684000000-7fd684021000 rw-p 00000000 00:00 0 
7fd684021000-7fd688000000 ---p 00000000 00:00 0 
7fd688000000-7fd688021000 rw-p 00000000 00:00 0 
7fd688021000-7fd68c000000 ---p 00000000 00:00 0 
7fd68c000000-7fd68c021000 rw-p 00000000 00:00 0 
7fd68c021000-7fd690000000 ---p 00000000 00:00 0 
7fd690000000-7fd690021000 rw-p 00000000 00:00 0 
7fd690021000-7fd694000000 ---p 00000000 00:00 0 
7fd694000000-7fd694021000 rw-p 00000000 00:00 0 
7fd694021000-7fd698000000 ---p 00000000 00:00 0 
7fd698000000-7fd698021000 rw-p 00000000 00:00 0 
7fd698021000-7fd69c000000 ---p 00000000 00:00 0 
7fd69f8f9000-7fd69f8fa000 ---p 00000000 00:00 0 
7fd69f8fa000-7fd69f9fa000 rw-p 00000000 00:00 0 
7fd69f9fa000-7fd69f9fd000 ---p 00000000 00:00 0 
7fd69f9fd000-7fd69fafb000 rw-p 00000000 00:00 0 
7fd69fafb000-7fd69fafe000 ---p 00000000 00:00 0 
7fd69fafe000-7fd69fbfc000 rw-p 00000000 00:00 0 
7fd69fbfc000-7fd69fbff000 ---p 00000000 00:00 0 
7fd69fbff000-7fd69fcfd000 rw-p 00000000 00:00 0 
7fd69fcfd000-7fd69fd00000 ---p 00000000 00:00 0 
7fd69fd00000-7fd69fdfe000 rw-p 00000000 00:00 0 
7fd69fdfe000-7fd69fe01000 ---p 00000000 00:00 0 
7fd69fe01000-7fd69feff000 rw-p 00000000 00:00 0 
7fd69feff000-7fd69ff02000 ---p 00000000 00:00 0 
7fd69ff02000-7fd6a0000000 rw-p 00000000 00:00 0 
7fd6a0000000-7fd6a0021000 rw-p 00000000 00:00 0 
7fd6a0021000-7fd6a4000000 ---p 00000000 00:00 0 
7fd6a40ef000-7fd6a40f2000 ---p 00000000 00:00 0 
7fd6a40f2000-7fd6a8000000 rw-p 00000000 00:00 0 
7fd6a8000000-7fd6a8021000 rw-p 00000000 00:00 0 
7fd6a8021000-7fd6ac000000 ---p 00000000 00:00 0 
7fd6ac000000-7fd6ac021000 rw-p 00000000 00:00 0 
7fd6ac021000-7fd6b0000000 ---p 00000000 00:00 0 
7fd6b0000000-7fd6b0021000 rw-p 00000000 00:00 0 
7fd6b0021000-7fd6b4000000 ---p 00000000 00:00 0 
7fd6b4012000-7fd6b4025000 r--s 00345000 08:02 4077060                    /usr/lib/jvm/java-8-oracle/jre/lib/resources.jar
7fd6b4025000-7fd6b4028000 ---p 00000000 00:00 0 
7fd6b4028000-7fd6b4126000 rw-p 00000000 00:00 0 
7fd6b4126000-7fd6b412a000 r-xp 00000000 08:02 4205425                    /usr/lib/jvm/java-8-oracle/jre/lib/amd64/libdt_socket.so
7fd6b412a000-7fd6b4329000 ---p 00004000 08:02 4205425                    /usr/lib/jvm/java-8-oracle/jre/lib/amd64/libdt_socket.so
7fd6b4329000-7fd6b432a000 rw-p 00003000 08:02 4205425                    /usr/lib/jvm/java-8-oracle/jre/lib/amd64/libdt_socket.so
7fd6b432a000-7fd6b432d000 ---p 00000000 00:00 0 
7fd6b432d000-7fd6b442b000 rw-p 00000000 00:00 0 
7fd6b442b000-7fd6b442e000 ---p 00000000 00:00 0 
7fd6b442e000-7fd6b452c000 rw-p 00000000 00:00 0 
7fd6b452c000-7fd6b452f000 ---p 00000000 00:00 0 
7fd6b452f000-7fd6b462d000 rw-p 00000000 00:00 0 
7fd6b462d000-7fd6b462e000 ---p 00000000 00:00 0 
7fd6b462e000-7fd6b635e000 rw-p 00000000 00:00 0 
7fd6b635e000-7fd6b6537000 r--s 03d29000 08:02 4077049                    /usr/lib/jvm/java-8-oracle/jre/lib/rt.jar
7fd6b6537000-7fd6b69f7000 rw-p 00000000 00:00 0 
7fd6b69f7000-7fd6b6d37000 ---p 00000000 00:00 0 
7fd6b6d37000-7fd6b7118000 rw-p 00000000 00:00 0 
7fd6b7118000-7fd6b7119000 ---p 00000000 00:00 0 
7fd6b7119000-7fd6b7219000 rw-p 00000000 00:00 0 
7fd6b7219000-7fd6b721a000 ---p 00000000 00:00 0 
7fd6b721a000-7fd6b731a000 rw-p 00000000 00:00 0 
7fd6b731a000-7fd6b731b000 ---p 00000000 00:00 0 
7fd6b731b000-7fd6b741b000 rw-p 00000000 00:00 0 
7fd6b741b000-7fd6b741c000 ---p 00000000 00:00 0 
7fd6b741c000-7fd6b751c000 rw-p 00000000 00:00 0 
7fd6b751c000-7fd6b751d000 ---p 00000000 00:00 0 
7fd6b751d000-7fd6b761d000 rw-p 00000000 00:00 0 
7fd6b761d000-7fd6b761e000 ---p 00000000 00:00 0 
7fd6b761e000-7fd6b771e000 rw-p 00000000 00:00 0 
7fd6b771e000-7fd6b771f000 ---p 00000000 00:00 0 
7fd6b771f000-7fd6b781f000 rw-p 00000000 00:00 0 
7fd6b781f000-7fd6b7820000 ---p 00000000 00:00 0 
7fd6b7820000-7fd6b794a000 rw-p 00000000 00:00 0 
7fd6b794a000-7fd6b7bb6000 ---p 00000000 00:00 0 
7fd6b7bb6000-7fd6b7be0000 rw-p 00000000 00:00 0 
7fd6b7be0000-7fd6b7e4c000 ---p 00000000 00:00 0 
7fd6b7e4c000-7fd6b7e61000 rw-p 00000000 00:00 0 
7fd6b7e61000-7fd6b7f97000 ---p 00000000 00:00 0 
7fd6b7f97000-7fd6b7fa3000 rw-p 00000000 00:00 0 
7fd6b7fa3000-7fd6b8358000 ---p 00000000 00:00 0 
7fd6b8358000-7fd6b8618000 rwxp 00000000 00:00 0 
7fd6b8618000-7fd6c7358000 ---p 00000000 00:00 0 
7fd6c7358000-7fd6c7372000 r-xp 00000000 08:02 4205653                    /usr/lib/jvm/java-8-oracle/jre/lib/amd64/libzip.so
7fd6c7372000-7fd6c7572000 ---p 0001a000 08:02 4205653                    /usr/lib/jvm/java-8-oracle/jre/lib/amd64/libzip.so
7fd6c7572000-7fd6c7573000 rw-p 0001a000 08:02 4205653                    /usr/lib/jvm/java-8-oracle/jre/lib/amd64/libzip.so
7fd6c7573000-7fd6c757e000 r-xp 00000000 08:02 1966283                    /lib/x86_64-linux-gnu/libnss_files-2.23.so
7fd6c757e000-7fd6c777d000 ---p 0000b000 08:02 1966283                    /lib/x86_64-linux-gnu/libnss_files-2.23.so
7fd6c777d000-7fd6c777e000 r--p 0000a000 08:02 1966283                    /lib/x86_64-linux-gnu/libnss_files-2.23.so
7fd6c777e000-7fd6c777f000 rw-p 0000b000 08:02 1966283                    /lib/x86_64-linux-gnu/libnss_files-2.23.so
7fd6c777f000-7fd6c7785000 rw-p 00000000 00:00 0 
7fd6c7785000-7fd6c7790000 r-xp 00000000 08:02 1966273                    /lib/x86_64-linux-gnu/libnss_nis-2.23.so
7fd6c7790000-7fd6c798f000 ---p 0000b000 08:02 1966273                    /lib/x86_64-linux-gnu/libnss_nis-2.23.so
7fd6c798f000-7fd6c7990000 r--p 0000a000 08:02 1966273                    /lib/x86_64-linux-gnu/libnss_nis-2.23.so
7fd6c7990000-7fd6c7991000 rw-p 0000b000 08:02 1966273                    /lib/x86_64-linux-gnu/libnss_nis-2.23.so
7fd6c7991000-7fd6c79a7000 r-xp 00000000 08:02 1966268                    /lib/x86_64-linux-gnu/libnsl-2.23.so
7fd6c79a7000-7fd6c7ba6000 ---p 00016000 08:02 1966268                    /lib/x86_64-linux-gnu/libnsl-2.23.so
7fd6c7ba6000-7fd6c7ba7000 r--p 00015000 08:02 1966268                    /lib/x86_64-linux-gnu/libnsl-2.23.so
7fd6c7ba7000-7fd6c7ba8000 rw-p 00016000 08:02 1966268                    /lib/x86_64-linux-gnu/libnsl-2.23.so
7fd6c7ba8000-7fd6c7baa000 rw-p 00000000 00:00 0 
7fd6c7baa000-7fd6c8000000 r--p 00000000 08:02 3933485                    /usr/lib/locale/locale-archive
7fd6c8000000-7fd6c83aa000 rw-p 00000000 00:00 0 
7fd6c83aa000-7fd6cc000000 ---p 00000000 00:00 0 
7fd6cc010000-7fd6cc0a7000 rw-p 00000000 00:00 0 
7fd6cc0a7000-7fd6cc0af000 r-xp 00000000 08:02 1966256                    /lib/x86_64-linux-gnu/libnss_compat-2.23.so
7fd6cc0af000-7fd6cc2ae000 ---p 00008000 08:02 1966256                    /lib/x86_64-linux-gnu/libnss_compat-2.23.so
7fd6cc2ae000-7fd6cc2af000 r--p 00007000 08:02 1966256                    /lib/x86_64-linux-gnu/libnss_compat-2.23.so
7fd6cc2af000-7fd6cc2b0000 rw-p 00008000 08:02 1966256                    /lib/x86_64-linux-gnu/libnss_compat-2.23.so
7fd6cc2b0000-7fd6cc2b2000 r-xp 00000000 08:02 4205427                    /usr/lib/jvm/java-8-oracle/jre/lib/amd64/libnpt.so
7fd6cc2b2000-7fd6cc4b2000 ---p 00002000 08:02 4205427                    /usr/lib/jvm/java-8-oracle/jre/lib/amd64/libnpt.so
7fd6cc4b2000-7fd6cc4b3000 rw-p 00002000 08:02 4205427                    /usr/lib/jvm/java-8-oracle/jre/lib/amd64/libnpt.so
7fd6cc4b3000-7fd6cc4ec000 r-xp 00000000 08:02 4205424                    /usr/lib/jvm/java-8-oracle/jre/lib/amd64/libjdwp.so
7fd6cc4ec000-7fd6cc6eb000 ---p 00039000 08:02 4205424                    /usr/lib/jvm/java-8-oracle/jre/lib/amd64/libjdwp.so
7fd6cc6eb000-7fd6cc6ed000 rw-p 00038000 08:02 4205424                    /usr/lib/jvm/java-8-oracle/jre/lib/amd64/libjdwp.so
7fd6cc6ed000-7fd6cc717000 r-xp 00000000 08:02 4205655                    /usr/lib/jvm/java-8-oracle/jre/lib/amd64/libjava.so
7fd6cc717000-7fd6cc917000 ---p 0002a000 08:02 4205655                    /usr/lib/jvm/java-8-oracle/jre/lib/amd64/libjava.so
7fd6cc917000-7fd6cc919000 rw-p 0002a000 08:02 4205655                    /usr/lib/jvm/java-8-oracle/jre/lib/amd64/libjava.so
7fd6cc919000-7fd6cc926000 r-xp 00000000 08:02 4205684                    /usr/lib/jvm/java-8-oracle/jre/lib/amd64/libverify.so
7fd6cc926000-7fd6ccb26000 ---p 0000d000 08:02 4205684                    /usr/lib/jvm/java-8-oracle/jre/lib/amd64/libverify.so
7fd6ccb26000-7fd6ccb28000 rw-p 0000d000 08:02 4205684                    /usr/lib/jvm/java-8-oracle/jre/lib/amd64/libverify.so
7fd6ccb28000-7fd6ccb2f000 r-xp 00000000 08:02 1967227                    /lib/x86_64-linux-gnu/librt-2.23.so
7fd6ccb2f000-7fd6ccd2e000 ---p 00007000 08:02 1967227                    /lib/x86_64-linux-gnu/librt-2.23.so
7fd6ccd2e000-7fd6ccd2f000 r--p 00006000 08:02 1967227                    /lib/x86_64-linux-gnu/librt-2.23.so
7fd6ccd2f000-7fd6ccd30000 rw-p 00007000 08:02 1967227                    /lib/x86_64-linux-gnu/librt-2.23.so
7fd6ccd30000-7fd6cce38000 r-xp 00000000 08:02 1967221                    /lib/x86_64-linux-gnu/libm-2.23.so
7fd6cce38000-7fd6cd037000 ---p 00108000 08:02 1967221                    /lib/x86_64-linux-gnu/libm-2.23.so
7fd6cd037000-7fd6cd038000 r--p 00107000 08:02 1967221                    /lib/x86_64-linux-gnu/libm-2.23.so
7fd6cd038000-7fd6cd039000 rw-p 00108000 08:02 1967221                    /lib/x86_64-linux-gnu/libm-2.23.so
7fd6cd039000-7fd6cdd04000 r-xp 00000000 08:02 4205679                    /usr/lib/jvm/java-8-oracle/jre/lib/amd64/server/libjvm.so
7fd6cdd04000-7fd6cdf03000 ---p 00ccb000 08:02 4205679                    /usr/lib/jvm/java-8-oracle/jre/lib/amd64/server/libjvm.so
7fd6cdf03000-7fd6cdfdc000 rw-p 00cca000 08:02 4205679                    /usr/lib/jvm/java-8-oracle/jre/lib/amd64/server/libjvm.so
7fd6cdfdc000-7fd6ce027000 rw-p 00000000 00:00 0 
7fd6ce027000-7fd6ce1e6000 r-xp 00000000 08:02 1967237                    /lib/x86_64-linux-gnu/libc-2.23.so
7fd6ce1e6000-7fd6ce3e6000 ---p 001bf000 08:02 1967237                    /lib/x86_64-linux-gnu/libc-2.23.so
7fd6ce3e6000-7fd6ce3ea000 r--p 001bf000 08:02 1967237                    /lib/x86_64-linux-gnu/libc-2.23.so
7fd6ce3ea000-7fd6ce3ec000 rw-p 001c3000 08:02 1967237                    /lib/x86_64-linux-gnu/libc-2.23.so
7fd6ce3ec000-7fd6ce3f0000 rw-p 00000000 00:00 0 
7fd6ce3f0000-7fd6ce3f3000 r-xp 00000000 08:02 1967239                    /lib/x86_64-linux-gnu/libdl-2.23.so
7fd6ce3f3000-7fd6ce5f2000 ---p 00003000 08:02 1967239                    /lib/x86_64-linux-gnu/libdl-2.23.so
7fd6ce5f2000-7fd6ce5f3000 r--p 00002000 08:02 1967239                    /lib/x86_64-linux-gnu/libdl-2.23.so
7fd6ce5f3000-7fd6ce5f4000 rw-p 00003000 08:02 1967239                    /lib/x86_64-linux-gnu/libdl-2.23.so
7fd6ce5f4000-7fd6ce609000 r-xp 00000000 08:02 3941116                    /usr/lib/jvm/java-8-oracle/lib/amd64/jli/libjli.so
7fd6ce609000-7fd6ce809000 ---p 00015000 08:02 3941116                    /usr/lib/jvm/java-8-oracle/lib/amd64/jli/libjli.so
7fd6ce809000-7fd6ce80a000 rw-p 00015000 08:02 3941116                    /usr/lib/jvm/java-8-oracle/lib/amd64/jli/libjli.so
7fd6ce80a000-7fd6ce822000 r-xp 00000000 08:02 1967235                    /lib/x86_64-linux-gnu/libpthread-2.23.so
7fd6ce822000-7fd6cea21000 ---p 00018000 08:02 1967235                    /lib/x86_64-linux-gnu/libpthread-2.23.so
7fd6cea21000-7fd6cea22000 r--p 00017000 08:02 1967235                    /lib/x86_64-linux-gnu/libpthread-2.23.so
7fd6cea22000-7fd6cea23000 rw-p 00018000 08:02 1967235                    /lib/x86_64-linux-gnu/libpthread-2.23.so
7fd6cea23000-7fd6cea27000 rw-p 00000000 00:00 0 
7fd6cea27000-7fd6cea4d000 r-xp 00000000 08:02 1967229                    /lib/x86_64-linux-gnu/ld-2.23.so
7fd6cea4f000-7fd6ceb1a000 rw-p 00000000 00:00 0 
7fd6ceb1a000-7fd6ceb1d000 ---p 00000000 00:00 0 
7fd6ceb1d000-7fd6cec40000 rw-p 00000000 00:00 0 
7fd6cec40000-7fd6cec48000 rw-s 00000000 08:02 3026727                    /tmp/hsperfdata_homac/23942
7fd6cec48000-7fd6cec49000 rw-p 00000000 00:00 0 
7fd6cec49000-7fd6cec4a000 r--p 00000000 00:00 0 
7fd6cec4a000-7fd6cec4c000 rw-p 00000000 00:00 0 
7fd6cec4c000-7fd6cec4d000 r--p 00025000 08:02 1967229                    /lib/x86_64-linux-gnu/ld-2.23.so
7fd6cec4d000-7fd6cec4e000 rw-p 00026000 08:02 1967229                    /lib/x86_64-linux-gnu/ld-2.23.so
7fd6cec4e000-7fd6cec4f000 rw-p 00000000 00:00 0 
7ffe8d082000-7ffe8d0a3000 rw-p 00000000 00:00 0                          [stack]
7ffe8d0bb000-7ffe8d0bd000 r--p 00000000 00:00 0                          [vvar]
7ffe8d0bd000-7ffe8d0bf000 r-xp 00000000 00:00 0                          [vdso]
ffffffffff600000-ffffffffff601000 r-xp 00000000 00:00 0                  [vsyscall]

VM Arguments:
jvm_args: -agentlib:jdwp=transport=dt_socket,suspend=y,address=localhost:34350 -Dfile.encoding=UTF-8 
java_command: org.cakelab.jdoxml.examples.metrics.Main
java_class_path (initial): /home/homac/repos/svn/cakelab.org/playground/org.cakelab.jdoxml/bin
Launcher Type: SUN_STANDARD

Environment Variables:
JAVA_HOME=/usr/lib/jvm/java-8-oracle
PATH=/home/homac/bin:/usr/local/sbin:/usr/local/bin:/usr/sbin:/usr/bin:/sbin:/bin:/usr/games:/usr/local/games:/snap/bin:/usr/lib/jvm/java-8-oracle/bin:/usr/lib/jvm/java-8-oracle/db/bin:/usr/lib/jvm/java-8-oracle/jre/bin
SHELL=/bin/bash
DISPLAY=:0.0

Signal Handlers:
SIGSEGV: [libjvm.so+0xac4790], sa_mask[0]=11111111011111111101111111111110, sa_flags=SA_RESTART|SA_SIGINFO
SIGBUS: [libjvm.so+0xac4790], sa_mask[0]=11111111011111111101111111111110, sa_flags=SA_RESTART|SA_SIGINFO
SIGFPE: [libjvm.so+0x91f140], sa_mask[0]=11111111011111111101111111111110, sa_flags=SA_RESTART|SA_SIGINFO
SIGPIPE: [libjvm.so+0x91f140], sa_mask[0]=11111111011111111101111111111110, sa_flags=SA_RESTART|SA_SIGINFO
SIGXFSZ: [libjvm.so+0x91f140], sa_mask[0]=11111111011111111101111111111110, sa_flags=SA_RESTART|SA_SIGINFO
SIGILL: [libjvm.so+0x91f140], sa_mask[0]=11111111011111111101111111111110, sa_flags=SA_RESTART|SA_SIGINFO
SIGUSR1: SIG_DFL, sa_mask[0]=00000000000000000000000000000000, sa_flags=none
SIGUSR2: [libjvm.so+0x920770], sa_mask[0]=00100000000000000000000000000000, sa_flags=SA_RESTART|SA_SIGINFO
SIGHUP: [libjvm.so+0x921b70], sa_mask[0]=11111111011111111101111111111110, sa_flags=SA_RESTART|SA_SIGINFO
SIGINT: [libjvm.so+0x921b70], sa_mask[0]=11111111011111111101111111111110, sa_flags=SA_RESTART|SA_SIGINFO
SIGTERM: [libjvm.so+0x921b70], sa_mask[0]=11111111011111111101111111111110, sa_flags=SA_RESTART|SA_SIGINFO
SIGQUIT: [libjvm.so+0x921b70], sa_mask[0]=11111111011111111101111111111110, sa_flags=SA_RESTART|SA_SIGINFO


---------------  S Y S T E M  ---------------

OS:DISTRIB_ID=Ubuntu
DISTRIB_RELEASE=16.04
DISTRIB_CODENAME=xenial
DISTRIB_DESCRIPTION="Ubuntu 16.04.1 LTS"

uname:Linux 4.4.0-47-generic #68-Ubuntu SMP Wed Oct 26 19:39:52 UTC 2016 x86_64
libc:glibc 2.23 NPTL 2.23 
rlimit: STACK 8192k, CORE 0k, NPROC 31574, NOFILE 65536, AS infinity
load average:0,17 0,21 0,18

/proc/meminfo:
MemTotal:        8129944 kB
MemFree:         3098616 kB
MemAvailable:    4452088 kB
Buffers:          185736 kB
Cached:          1366748 kB
SwapCached:            0 kB
Active:          3934376 kB
Inactive:         801416 kB
Active(anon):    3184536 kB
Inactive(anon):    39328 kB
Active(file):     749840 kB
Inactive(file):   762088 kB
Unevictable:          32 kB
Mlocked:              32 kB
SwapTotal:      16605180 kB
SwapFree:       16605180 kB
Dirty:                76 kB
Writeback:             0 kB
AnonPages:       3183376 kB
Mapped:           300856 kB
Shmem:             40560 kB
Slab:             161712 kB
SReclaimable:     121856 kB
SUnreclaim:        39856 kB
KernelStack:        9408 kB
PageTables:        36380 kB
NFS_Unstable:          0 kB
Bounce:                0 kB
WritebackTmp:          0 kB
CommitLimit:    20670152 kB
Committed_AS:    6166876 kB
VmallocTotal:   34359738367 kB
VmallocUsed:           0 kB
VmallocChunk:          0 kB
HardwareCorrupted:     0 kB
AnonHugePages:   2138112 kB
CmaTotal:              0 kB
CmaFree:               0 kB
HugePages_Total:       0
HugePages_Free:        0
HugePages_Rsvd:        0
HugePages_Surp:        0
Hugepagesize:       2048 kB
DirectMap4k:      174448 kB
DirectMap2M:     8169472 kB


CPU:total 8 (4 cores per cpu, 2 threads per core) family 6 model 58 stepping 9, cmov, cx8, fxsr, mmx, sse, sse2, sse3, ssse3, sse4.1, sse4.2, popcnt, avx, aes, clmul, erms, ht, tsc, tscinvbit, tscinv

/proc/cpuinfo:
processor	: 0
vendor_id	: GenuineIntel
cpu family	: 6
model		: 58
model name	: Intel(R) Core(TM) i7-3770K CPU @ 3.50GHz
stepping	: 9
microcode	: 0x15
cpu MHz		: 2883.945
cache size	: 8192 KB
physical id	: 0
siblings	: 8
core id		: 0
cpu cores	: 4
apicid		: 0
initial apicid	: 0
fpu		: yes
fpu_exception	: yes
cpuid level	: 13
wp		: yes
flags		: fpu vme de pse tsc msr pae mce cx8 apic sep mtrr pge mca cmov pat pse36 clflush dts acpi mmx fxsr sse sse2 ss ht tm pbe syscall nx rdtscp lm constant_tsc arch_perfmon pebs bts rep_good nopl xtopology nonstop_tsc aperfmperf eagerfpu pni pclmulqdq dtes64 monitor ds_cpl vmx est tm2 ssse3 cx16 xtpr pdcm pcid sse4_1 sse4_2 popcnt tsc_deadline_timer aes xsave avx f16c rdrand lahf_lm epb tpr_shadow vnmi flexpriority ept vpid fsgsbase smep erms xsaveopt dtherm ida arat pln pts
bugs		:
bogomips	: 6984.29
clflush size	: 64
cache_alignment	: 64
address sizes	: 36 bits physical, 48 bits virtual
power management:

processor	: 1
vendor_id	: GenuineIntel
cpu family	: 6
model		: 58
model name	: Intel(R) Core(TM) i7-3770K CPU @ 3.50GHz
stepping	: 9
microcode	: 0x15
cpu MHz		: 2730.683
cache size	: 8192 KB
physical id	: 0
siblings	: 8
core id		: 1
cpu cores	: 4
apicid		: 2
initial apicid	: 2
fpu		: yes
fpu_exception	: yes
cpuid level	: 13
wp		: yes
flags		: fpu vme de pse tsc msr pae mce cx8 apic sep mtrr pge mca cmov pat pse36 clflush dts acpi mmx fxsr sse sse2 ss ht tm pbe syscall nx rdtscp lm constant_tsc arch_perfmon pebs bts rep_good nopl xtopology nonstop_tsc aperfmperf eagerfpu pni pclmulqdq dtes64 monitor ds_cpl vmx est tm2 ssse3 cx16 xtpr pdcm pcid sse4_1 sse4_2 popcnt tsc_deadline_timer aes xsave avx f16c rdrand lahf_lm epb tpr_shadow vnmi flexpriority ept vpid fsgsbase smep erms xsaveopt dtherm ida arat pln pts
bugs		:
bogomips	: 6984.29
clflush size	: 64
cache_alignment	: 64
address sizes	: 36 bits physical, 48 bits virtual
power management:

processor	: 2
vendor_id	: GenuineIntel
cpu family	: 6
model		: 58
model name	: Intel(R) Core(TM) i7-3770K CPU @ 3.50GHz
stepping	: 9
microcode	: 0x15
cpu MHz		: 2671.210
cache size	: 8192 KB
physical id	: 0
siblings	: 8
core id		: 2
cpu cores	: 4
apicid		: 4
initial apicid	: 4
fpu		: yes
fpu_exception	: yes
cpuid level	: 13
wp		: yes
flags		: fpu vme de pse tsc msr pae mce cx8 apic sep mtrr pge mca cmov pat pse36 clflush dts acpi mmx fxsr sse sse2 ss ht tm pbe syscall nx rdtscp lm constant_tsc arch_perfmon pebs bts rep_good nopl xtopology nonstop_tsc aperfmperf eagerfpu pni pclmulqdq dtes64 monitor ds_cpl vmx est tm2 ssse3 cx16 xtpr pdcm pcid sse4_1 sse4_2 popcnt tsc_deadline_timer aes xsave avx f16c rdrand lahf_lm epb tpr_shadow vnmi flexpriority ept vpid fsgsbase smep erms xsaveopt dtherm ida arat pln pts
bugs		:
bogomips	: 6984.29
clflush size	: 64
cache_alignment	: 64
address sizes	: 36 bits physical, 48 bits virtual
power management:

processor	: 3
vendor_id	: GenuineIntel
cpu family	: 6
model		: 58
model name	: Intel(R) Core(TM) i7-3770K CPU @ 3.50GHz
stepping	: 9
microcode	: 0x15
cpu MHz		: 2727.675
cache size	: 8192 KB
physical id	: 0
siblings	: 8
core id		: 3
cpu cores	: 4
apicid		: 6
initial apicid	: 6
fpu		: yes
fpu_exception	: yes
cpuid level	: 13
wp		: yes
flags		: fpu vme de pse tsc msr pae mce cx8 apic sep mtrr pge mca cmov pat pse36 clflush dts acpi mmx fxsr sse sse2 ss ht tm pbe syscall nx rdtscp lm constant_tsc arch_perfmon pebs bts rep_good nopl xtopology nonstop_tsc aperfmperf eagerfpu pni pclmulqdq dtes64 monitor ds_cpl vmx est tm2 ssse3 cx16 xtpr pdcm pcid sse4_1 sse4_2 popcnt tsc_deadline_timer aes xsave avx f16c rdrand lahf_lm epb tpr_shadow vnmi flexpriority ept vpid fsgsbase smep erms xsaveopt dtherm ida arat pln pts
bugs		:
bogomips	: 6984.29
clflush size	: 64
cache_alignment	: 64
address sizes	: 36 bits physical, 48 bits virtual
power management:

processor	: 4
vendor_id	: GenuineIntel
cpu family	: 6
model		: 58
model name	: Intel(R) Core(TM) i7-3770K CPU @ 3.50GHz
stepping	: 9
microcode	: 0x15
cpu MHz		: 2765.273
cache size	: 8192 KB
physical id	: 0
siblings	: 8
core id		: 0
cpu cores	: 4
apicid		: 1
initial apicid	: 1
fpu		: yes
fpu_exception	: yes
cpuid level	: 13
wp		: yes
flags		: fpu vme de pse tsc msr pae mce cx8 apic sep mtrr pge mca cmov pat pse36 clflush dts acpi mmx fxsr sse sse2 ss ht tm pbe syscall nx rdtscp lm constant_tsc arch_perfmon pebs bts rep_good nopl xtopology nonstop_tsc aperfmperf eagerfpu pni pclmulqdq dtes64 monitor ds_cpl vmx est tm2 ssse3 cx16 xtpr pdcm pcid sse4_1 sse4_2 popcnt tsc_deadline_timer aes xsave avx f16c rdrand lahf_lm epb tpr_shadow vnmi flexpriority ept vpid fsgsbase smep erms xsaveopt dtherm ida arat pln pts
bugs		:
bogomips	: 6984.29
clflush size	: 64
cache_alignment	: 64
address sizes	: 36 bits physical, 48 bits virtual
power management:

processor	: 5
vendor_id	: GenuineIntel
cpu family	: 6
model		: 58
model name	: Intel(R) Core(TM) i7-3770K CPU @ 3.50GHz
stepping	: 9
microcode	: 0x15
cpu MHz		: 2786.601
cache size	: 8192 KB
physical id	: 0
siblings	: 8
core id		: 1
cpu cores	: 4
apicid		: 3
initial apicid	: 3
fpu		: yes
fpu_exception	: yes
cpuid level	: 13
wp		: yes
flags		: fpu vme de pse tsc msr pae mce cx8 apic sep mtrr pge mca cmov pat pse36 clflush dts acpi mmx fxsr sse sse2 ss ht tm pbe syscall nx rdtscp lm constant_tsc arch_perfmon pebs bts rep_good nopl xtopology nonstop_tsc aperfmperf eagerfpu pni pclmulqdq dtes64 monitor ds_cpl vmx est tm2 ssse3 cx16 xtpr pdcm pcid sse4_1 sse4_2 popcnt tsc_deadline_timer aes xsave avx f16c rdrand lahf_lm epb tpr_shadow vnmi flexpriority ept vpid fsgsbase smep erms xsaveopt dtherm ida arat pln pts
bugs		:
bogomips	: 6984.29
clflush size	: 64
cache_alignment	: 64
address sizes	: 36 bits physical, 48 bits virtual
power management:

processor	: 6
vendor_id	: GenuineIntel
cpu family	: 6
model		: 58
model name	: Intel(R) Core(TM) i7-3770K CPU @ 3.50GHz
stepping	: 9
microcode	: 0x15
cpu MHz		: 2699.101
cache size	: 8192 KB
physical id	: 0
siblings	: 8
core id		: 2
cpu cores	: 4
apicid		: 5
initial apicid	: 5
fpu		: yes
fpu_exception	: yes
cpuid level	: 13
wp		: yes
flags		: fpu vme de pse tsc msr pae mce cx8 apic sep mtrr pge mca cmov pat pse36 clflush dts acpi mmx fxsr sse sse2 ss ht tm pbe syscall nx rdtscp lm constant_tsc arch_perfmon pebs bts rep_good nopl xtopology nonstop_tsc aperfmperf eagerfpu pni pclmulqdq dtes64 monitor ds_cpl vmx est tm2 ssse3 cx16 xtpr pdcm pcid sse4_1 sse4_2 popcnt tsc_deadline_timer aes xsave avx f16c rdrand lahf_lm epb tpr_shadow vnmi flexpriority ept vpid fsgsbase smep erms xsaveopt dtherm ida arat pln pts
bugs		:
bogomips	: 6984.29
clflush size	: 64
cache_alignment	: 64
address sizes	: 36 bits physical, 48 bits virtual
power management:

processor	: 7
vendor_id	: GenuineIntel
cpu family	: 6
model		: 58
model name	: Intel(R) Core(TM) i7-3770K CPU @ 3.50GHz
stepping	: 9
microcode	: 0x15
cpu MHz		: 2617.070
cache size	: 8192 KB
physical id	: 0
siblings	: 8
core id		: 3
cpu cores	: 4
apicid		: 7
initial apicid	: 7
fpu		: yes
fpu_exception	: yes
cpuid level	: 13
wp		: yes
flags		: fpu vme de pse tsc msr pae mce cx8 apic sep mtrr pge mca cmov pat pse36 clflush dts acpi mmx fxsr sse sse2 ss ht tm pbe syscall nx rdtscp lm constant_tsc arch_perfmon pebs bts rep_good nopl xtopology nonstop_tsc aperfmperf eagerfpu pni pclmulqdq dtes64 monitor ds_cpl vmx est tm2 ssse3 cx16 xtpr pdcm pcid sse4_1 sse4_2 popcnt tsc_deadline_timer aes xsave avx f16c rdrand lahf_lm epb tpr_shadow vnmi flexpriority ept vpid fsgsbase smep erms xsaveopt dtherm ida arat pln pts
bugs		:
bogomips	: 6984.29
clflush size	: 64
cache_alignment	: 64
address sizes	: 36 bits physical, 48 bits virtual
power management:



Memory: 4k page, physical 8129944k(3098616k free), swap 16605180k(16605180k free)

vm_info: Java HotSpot(TM) 64-Bit Server VM (25.101-b13) for linux-amd64 JRE (1.8.0_101-b13), built on Jun 22 2016 02:59:44 by "java_re" with gcc 4.3.0 20080428 (Red Hat 4.3.0-8)

time: Sat Nov 12 20:04:08 2016
elapsed time: 263 seconds (0d 0h 4m 23s)

