#
# A fatal error has been detected by the Java Runtime Environment:
#
#  SIGSEGV (0xb) at pc=0x00007f051870bd80, pid=4606, tid=0x00007f04f2fed700
#
# JRE version: Java(TM) SE Runtime Environment (8.0_101-b13) (build 1.8.0_101-b13)
# Java VM: Java HotSpot(TM) 64-Bit Server VM (25.101-b13 mixed mode linux-amd64 compressed oops)
# Problematic frame:
# V  [libjvm.so+0x8acd80]  Method::checked_resolve_jmethod_id(_jmethodID*)+0x20
#
# Failed to write core dump. Core dumps have been disabled. To enable core dumping, try "ulimit -c unlimited" before starting Java again
#
# If you would like to submit a bug report, please visit:
#   http://bugreport.java.com/bugreport/crash.jsp
#

---------------  T H R E A D  ---------------

Current thread (0x00007f05100ce000):  JavaThread "JDWP Transport Listener: dt_socket" daemon [_thread_in_vm, id=4626, stack(0x00007f04f2eed000,0x00007f04f2fee000)]

siginfo: si_signo: 11 (SIGSEGV), si_code: 128 (SI_KERNEL), si_addr: 0x0000000000000000

Registers:
RAX=0x0000000000000001, RBX=0x00007f05100034a0, RCX=0x00007f05198482c0, RDX=0x00007f0518e20e80
RSP=0x00007f04f2fec950, RBP=0x00007f04f2fec960, RSI=0x00007f05100ce000, RDI=0x7845657372003b6e
R8 =0x00007f04b800ca90, R9 =0x0000000000000000, R10=0x00007f04b800a510, R11=0x00007f0518fe2790
R12=0x0000000000000017, R13=0x7845657372003b6e, R14=0x00007f05100ce000, R15=0x00007f04f2feca67
RIP=0x00007f051870bd80, EFLAGS=0x0000000000010202, CSGSFS=0x0000000000000033, ERR=0x0000000000000000
  TRAPNO=0x000000000000000d

Top of Stack: (sp=0x00007f04f2fec950)
0x00007f04f2fec950:   0000000000000074 00007f05100034a0
0x00007f04f2fec960:   00007f04f2fec9d0 00007f0518598efe
0x00007f04f2fec970:   00007f04f2fec990 00007f04f2fec980
0x00007f04f2fec980:   00007f05100ce000 0000000000000000
0x00007f04f2fec990:   00007f0400000000 0000000000000000
0x00007f04f2fec9a0:   00007f04f2fec9c0 00007f0517512e40
0x00007f04f2fec9b0:   7845657372003b6e 00007f04f2feca67
0x00007f04f2fec9c0:   0000000000000005 00007f04f2feca67
0x00007f04f2fec9d0:   00007f04f2feca00 00007f05172fe8c2
0x00007f04f2fec9e0:   00007f04f2feca00 7845657372003b6e
0x00007f04f2fec9f0:   00007f04f2fecad0 0000000000000028
0x00007f04f2feca00:   00007f04f2feca90 00007f05172dfaa0
0x00007f04f2feca10:   00007f04f2feca48 00007f04f2feca40
0x00007f04f2feca20:   00007f04f2feca38 00007f04f2feca5c
0x00007f04f2feca30:   00000001b800a5a0 0000000000000000
0x00007f04f2feca40:   0000000000000000 0000000000000000
0x00007f04f2feca50:   00007f04b800d2a0 0000000af2fecad0
0x00007f04f2feca60:   0000000000000006 0000000000000002
0x00007f04f2feca70:   000000000000000f 0000000000000002
0x00007f04f2feca80:   00000000000f0200 000000000000000f
0x00007f04f2feca90:   00007f04f2fecce0 00007f05172ea9c6
0x00007f04f2fecaa0:   00009ba600000013 00007f05180f0200
0x00007f04f2fecab0:   00007f04b0000ba0 0000000000000000
0x00007f04f2fecac0:   00007f04f2fecad0 00007f04f2fecc60
0x00007f04f2fecad0:   00007f04b800cd21 00007f0500000217
0x00007f04f2fecae0:   00007f04b800a520 000000000000012c
0x00007f04f2fecaf0:   00007f04f2fecb20 00007f04b800a520
0x00007f04f2fecb00:   00007f0000000000 00009ba60000001c
0x00007f04f2fecb10:   00007f040000cc80 00007f04f2fecb20
0x00007f04f2fecb20:   047f000006000000 0a000000c05800b8
0x00007f04f2fecb30:   75727453706d7564 4c28230000007463
0x00007f04f2fecb40:   656b61632f67726f 786f646a2f62616c 

Instructions: (pc=0x00007f051870bd80)
0x00007f051870bd60:   55 48 89 e5 53 48 83 ec 08 48 85 ff 75 12 31 db
0x00007f051870bd70:   48 89 d8 48 83 c4 08 5b c9 c3 66 0f 1f 44 00 00
0x00007f051870bd80:   48 8b 1f 48 85 db 74 e6 48 83 fb 37 74 e0 48 8b
0x00007f051870bd90:   03 48 89 df ff 50 10 84 c0 0f 1f 80 00 00 00 00 

Register to memory mapping:

RAX=0x0000000000000001 is an unknown value
RBX=0x00007f05100034a0 is an unknown value
RCX=0x00007f05198482c0: <offset 0x2182c0> in /lib/x86_64-linux-gnu/libpthread.so.0 at 0x00007f0519630000
RDX=0x00007f0518e20e80: <offset 0xfc1e80> in /usr/lib/jvm/java-8-oracle/jre/lib/amd64/server/libjvm.so at 0x00007f0517e5f000
RSP=0x00007f04f2fec950 is pointing into the stack for thread: 0x00007f05100ce000
RBP=0x00007f04f2fec960 is pointing into the stack for thread: 0x00007f05100ce000
RSI=0x00007f05100ce000 is a thread
RDI=0x7845657372003b6e is an unknown value
R8 =0x00007f04b800ca90 is an unknown value
R9 =0x0000000000000000 is an unknown value
R10=0x00007f04b800a510 is an unknown value
R11=0x00007f0518fe2790: <offset 0x195790> in /lib/x86_64-linux-gnu/libc.so.6 at 0x00007f0518e4d000
R12=0x0000000000000017 is an unknown value
R13=0x7845657372003b6e is an unknown value
R14=0x00007f05100ce000 is a thread
R15=0x00007f04f2feca67 is pointing into the stack for thread: 0x00007f05100ce000


Stack: [0x00007f04f2eed000,0x00007f04f2fee000],  sp=0x00007f04f2fec950,  free space=1022k
Native frames: (J=compiled Java code, j=interpreted, Vv=VM code, C=native code)
V  [libjvm.so+0x8acd80]  Method::checked_resolve_jmethod_id(_jmethodID*)+0x20
V  [libjvm.so+0x739efe]  jvmti_IsMethodSynthetic+0x2be
C  [libjdwp.so+0x258c2]  isMethodSynthetic+0x42
C  [libjdwp.so+0x6aa0]  methods1+0x1b0
C  [libjdwp.so+0x119c6]  debugLoop_run+0x2b6
C  [libjdwp.so+0x247ff]  attachThread+0x2f
V  [libjvm.so+0x7a63e2]  JvmtiAgentThread::call_start_function()+0xc2
V  [libjvm.so+0xa7343f]  JavaThread::thread_main_inner()+0xdf
V  [libjvm.so+0xa7356c]  JavaThread::run()+0x11c
V  [libjvm.so+0x924698]  java_start(Thread*)+0x108
C  [libpthread.so.0+0x770a]  start_thread+0xca


---------------  P R O C E S S  ---------------

Java Threads: ( => current thread )
  0x00007f05100e6000 JavaThread "Service Thread" daemon [_thread_blocked, id=4637, stack(0x00007f04f27e6000,0x00007f04f28e7000)]
  0x00007f05100da800 JavaThread "C1 CompilerThread3" daemon [_thread_blocked, id=4636, stack(0x00007f04f28e7000,0x00007f04f29e8000)]
  0x00007f05100d8000 JavaThread "C2 CompilerThread2" daemon [_thread_blocked, id=4635, stack(0x00007f04f29e8000,0x00007f04f2ae9000)]
  0x00007f05100d6800 JavaThread "C2 CompilerThread1" daemon [_thread_blocked, id=4634, stack(0x00007f04f2ae9000,0x00007f04f2bea000)]
  0x00007f05100d3800 JavaThread "C2 CompilerThread0" daemon [_thread_blocked, id=4633, stack(0x00007f04f2bea000,0x00007f04f2ceb000)]
  0x00007f04b8001000 JavaThread "JDWP Command Reader" daemon [_thread_in_native, id=4630, stack(0x00007f04f2ceb000,0x00007f04f2dec000)]
  0x00007f05100d1800 JavaThread "JDWP Event Helper Thread" daemon [_thread_blocked, id=4628, stack(0x00007f04f2dec000,0x00007f04f2eed000)]
=>0x00007f05100ce000 JavaThread "JDWP Transport Listener: dt_socket" daemon [_thread_in_vm, id=4626, stack(0x00007f04f2eed000,0x00007f04f2fee000)]
  0x00007f05100c1800 JavaThread "Signal Dispatcher" daemon [_thread_blocked, id=4624, stack(0x00007f04f31f2000,0x00007f04f32f3000)]
  0x00007f051008f000 JavaThread "Finalizer" daemon [_thread_blocked, id=4623, stack(0x00007f04f32f3000,0x00007f04f33f4000)]
  0x00007f051008a800 JavaThread "Reference Handler" daemon [_thread_blocked, id=4622, stack(0x00007f04f33f4000,0x00007f04f34f5000)]
  0x00007f051000d000 JavaThread "main" [_thread_blocked, id=4611, stack(0x00007f0519940000,0x00007f0519a41000)]

Other Threads:
  0x00007f0510083000 VMThread [stack: 0x00007f04f34f5000,0x00007f04f35f6000] [id=4621]
  0x00007f05100e9000 WatcherThread [stack: 0x00007f04f26e5000,0x00007f04f27e6000] [id=4638]

VM state:not at safepoint (normal execution)

VM Mutex/Monitor currently owned by a thread: None

Heap:
 PSYoungGen      total 37888K, used 7986K [0x00000000d6a00000, 0x00000000db400000, 0x0000000100000000)
  eden space 32768K, 8% used [0x00000000d6a00000,0x00000000d6cd4830,0x00000000d8a00000)
  from space 5120K, 99% used [0x00000000d8f00000,0x00000000d93f8060,0x00000000d9400000)
  to   space 5120K, 0% used [0x00000000d8a00000,0x00000000d8a00000,0x00000000d8f00000)
 ParOldGen       total 86016K, used 3168K [0x0000000083e00000, 0x0000000089200000, 0x00000000d6a00000)
  object space 86016K, 3% used [0x0000000083e00000,0x0000000084118010,0x0000000089200000)
 Metaspace       used 4868K, capacity 5022K, committed 5248K, reserved 1056768K
  class space    used 539K, capacity 565K, committed 640K, reserved 1048576K

Card table byte_map: [0x00007f0515a83000,0x00007f0515e65000] byte_map_base: 0x00007f0515664000

Marking Bits: (ParMarkBitMap*) 0x00007f0518e20120
 Begin Bits: [0x00007f04f81f0000, 0x00007f04fa0f8000)
 End Bits:   [0x00007f04fa0f8000, 0x00007f04fc000000)

Polling page: 0x00007f0519a6f000

CodeCache: size=245760Kb used=3452Kb max_used=3500Kb free=242307Kb
 bounds [0x00007f0501000000, 0x00007f0501370000, 0x00007f0510000000]
 total_blobs=833 nmethods=589 adapters=166
 compilation: enabled

Compilation events (10 events):
Event: 194,072 Thread 0x00007f05100da800  594       3       java.nio.charset.CharsetEncoder::maxBytesPerChar (5 bytes)
Event: 194,072 Thread 0x00007f05100da800 nmethod 594 0x00007f050133f010 code [0x00007f050133f160, 0x00007f050133f2b0]
Event: 194,072 Thread 0x00007f05100da800  595   !   3       java.lang.StringCoding$StringEncoder::encode (179 bytes)
Event: 194,075 Thread 0x00007f05100d6800 nmethod 593 0x00007f0501348ad0 code [0x00007f0501348c60, 0x00007f05013491a8]
Event: 194,075 Thread 0x00007f05100da800 nmethod 595 0x00007f0501349590 code [0x00007f0501349900, 0x00007f050134b638]
Event: 194,075 Thread 0x00007f05100da800  596       3       java.lang.StringCoding::access$300 (8 bytes)
Event: 194,076 Thread 0x00007f05100da800 nmethod 596 0x00007f0501348150 code [0x00007f0501348300, 0x00007f0501348828]
Event: 194,076 Thread 0x00007f05100da800  597       3       java.lang.StringCoding::safeTrim (24 bytes)
Event: 194,076 Thread 0x00007f05100da800 nmethod 597 0x00007f0501347910 code [0x00007f0501347aa0, 0x00007f0501347f68]
Event: 194,354 Thread 0x00007f05100d3800 nmethod 583 0x00007f0501357990 code [0x00007f0501358b60, 0x00007f05013629b0]

GC Heap History (4 events):
Event: 169,639 GC heap before
{Heap before GC invocations=1 (full 0):
 PSYoungGen      total 37888K, used 32768K [0x00000000d6a00000, 0x00000000d9400000, 0x0000000100000000)
  eden space 32768K, 100% used [0x00000000d6a00000,0x00000000d8a00000,0x00000000d8a00000)
  from space 5120K, 0% used [0x00000000d8f00000,0x00000000d8f00000,0x00000000d9400000)
  to   space 5120K, 0% used [0x00000000d8a00000,0x00000000d8a00000,0x00000000d8f00000)
 ParOldGen       total 86016K, used 0K [0x0000000083e00000, 0x0000000089200000, 0x00000000d6a00000)
  object space 86016K, 0% used [0x0000000083e00000,0x0000000083e00000,0x0000000089200000)
 Metaspace       used 4715K, capacity 4958K, committed 5248K, reserved 1056768K
  class space    used 520K, capacity 565K, committed 640K, reserved 1048576K
Event: 169,645 GC heap after
Heap after GC invocations=1 (full 0):
 PSYoungGen      total 37888K, used 4576K [0x00000000d6a00000, 0x00000000d9400000, 0x0000000100000000)
  eden space 32768K, 0% used [0x00000000d6a00000,0x00000000d6a00000,0x00000000d8a00000)
  from space 5120K, 89% used [0x00000000d8a00000,0x00000000d8e78070,0x00000000d8f00000)
  to   space 5120K, 0% used [0x00000000d8f00000,0x00000000d8f00000,0x00000000d9400000)
 ParOldGen       total 86016K, used 8K [0x0000000083e00000, 0x0000000089200000, 0x00000000d6a00000)
  object space 86016K, 0% used [0x0000000083e00000,0x0000000083e02000,0x0000000089200000)
 Metaspace       used 4715K, capacity 4958K, committed 5248K, reserved 1056768K
  class space    used 520K, capacity 565K, committed 640K, reserved 1048576K
}
Event: 169,887 GC heap before
{Heap before GC invocations=2 (full 0):
 PSYoungGen      total 37888K, used 37344K [0x00000000d6a00000, 0x00000000d9400000, 0x0000000100000000)
  eden space 32768K, 100% used [0x00000000d6a00000,0x00000000d8a00000,0x00000000d8a00000)
  from space 5120K, 89% used [0x00000000d8a00000,0x00000000d8e78070,0x00000000d8f00000)
  to   space 5120K, 0% used [0x00000000d8f00000,0x00000000d8f00000,0x00000000d9400000)
 ParOldGen       total 86016K, used 8K [0x0000000083e00000, 0x0000000089200000, 0x00000000d6a00000)
  object space 86016K, 0% used [0x0000000083e00000,0x0000000083e02000,0x0000000089200000)
 Metaspace       used 4722K, capacity 4958K, committed 5248K, reserved 1056768K
  class space    used 520K, capacity 565K, committed 640K, reserved 1048576K
Event: 169,893 GC heap after
Heap after GC invocations=2 (full 0):
 PSYoungGen      total 37888K, used 5088K [0x00000000d6a00000, 0x00000000db400000, 0x0000000100000000)
  eden space 32768K, 0% used [0x00000000d6a00000,0x00000000d6a00000,0x00000000d8a00000)
  from space 5120K, 99% used [0x00000000d8f00000,0x00000000d93f8060,0x00000000d9400000)
  to   space 5120K, 0% used [0x00000000d8a00000,0x00000000d8a00000,0x00000000d8f00000)
 ParOldGen       total 86016K, used 3168K [0x0000000083e00000, 0x0000000089200000, 0x00000000d6a00000)
  object space 86016K, 3% used [0x0000000083e00000,0x0000000084118010,0x0000000089200000)
 Metaspace       used 4722K, capacity 4958K, committed 5248K, reserved 1056768K
  class space    used 520K, capacity 565K, committed 640K, reserved 1048576K
}

Deoptimization events (10 events):
Event: 193,995 Thread 0x00007f051000d000 Uncommon trap: reason=unstable_if action=reinterpret pc=0x00007f050127d2ec method=java.util.Formatter$Conversion.isValid(C)Z @ 4
Event: 193,995 Thread 0x00007f051000d000 Uncommon trap: reason=unstable_if action=reinterpret pc=0x00007f050129ba64 method=java.util.Formatter$Conversion.isValid(C)Z @ 4
Event: 193,996 Thread 0x00007f051000d000 Uncommon trap: reason=unstable_if action=reinterpret pc=0x00007f05012132b8 method=java.util.regex.Pattern$Start.match(Ljava/util/regex/Matcher;ILjava/lang/CharSequence;)Z @ 34
Event: 194,018 Thread 0x00007f051000d000 Uncommon trap: reason=unstable_if action=reinterpret pc=0x00007f050129718c method=java.util.Formatter$Conversion.isValid(C)Z @ 4
Event: 194,018 Thread 0x00007f051000d000 Uncommon trap: reason=unstable_if action=reinterpret pc=0x00007f05011e83b8 method=java.util.regex.Pattern$Start.match(Ljava/util/regex/Matcher;ILjava/lang/CharSequence;)Z @ 34
Event: 194,039 Thread 0x00007f051000d000 Uncommon trap: reason=unstable_if action=reinterpret pc=0x00007f0501277818 method=com.sun.org.apache.xerces.internal.impl.XMLDocumentFragmentScannerImpl.seekCloseOfStartTag()Z @ 36
Event: 194,040 Thread 0x00007f051000d000 Uncommon trap: reason=unstable_if action=reinterpret pc=0x00007f0501270408 method=java.lang.String.substring(I)Ljava/lang/String; @ 35
Event: 194,069 Thread 0x00007f051000d000 Uncommon trap: reason=unstable_if action=reinterpret pc=0x00007f0501320894 method=java.util.HashMap.hash(Ljava/lang/Object;)I @ 1
Event: 194,069 Thread 0x00007f051000d000 Uncommon trap: reason=unstable_if action=reinterpret pc=0x00007f0501272b64 method=java.io.PrintStream.format(Ljava/lang/String;[Ljava/lang/Object;)Ljava/io/PrintStream; @ 12
Event: 194,069 Thread 0x00007f051000d000 Uncommon trap: reason=unstable_if action=reinterpret pc=0x00007f0501257504 method=java.nio.charset.CharsetEncoder.encode(Ljava/nio/CharBuffer;Ljava/nio/ByteBuffer;Z)Ljava/nio/charset/CoderResult; @ 15

Internal exceptions (10 events):
Event: 0,190 Thread 0x00007f051000d000 Exception <a 'java/security/PrivilegedActionException'> (0x00000000d6c7f998) thrown at [/HUDSON3/workspace/8-2-build-linux-amd64/jdk8u101/7261/hotspot/src/share/vm/prims/jvm.cpp, line 1386]
Event: 0,190 Thread 0x00007f051000d000 Exception <a 'java/security/PrivilegedActionException'> (0x00000000d6c7fba8) thrown at [/HUDSON3/workspace/8-2-build-linux-amd64/jdk8u101/7261/hotspot/src/share/vm/prims/jvm.cpp, line 1386]
Event: 173,307 Thread 0x00007f051000d000 Implicit null exception at 0x00007f0501279b5d to 0x00007f050127a011
Event: 173,307 Thread 0x00007f051000d000 Implicit null exception at 0x00007f0501282554 to 0x00007f050128285e
Event: 173,307 Thread 0x00007f051000d000 Implicit null exception at 0x00007f0501266d4d to 0x00007f05012689e9
Event: 173,307 Thread 0x00007f051000d000 Implicit null exception at 0x00007f050123d632 to 0x00007f050123db09
Event: 173,308 Thread 0x00007f051000d000 Implicit null exception at 0x00007f0501296650 to 0x00007f0501296871
Event: 173,308 Thread 0x00007f051000d000 Implicit null exception at 0x00007f0501276eb0 to 0x00007f0501276fe2
Event: 194,069 Thread 0x00007f051000d000 Implicit null exception at 0x00007f05013206d8 to 0x00007f050132087a
Event: 194,069 Thread 0x00007f051000d000 Implicit null exception at 0x00007f05012727d9 to 0x00007f0501272b3f

Events (10 events):
Event: 450,365 Executing VM operation: GetCurrentLocation
Event: 450,365 Executing VM operation: GetCurrentLocation done
Event: 450,365 Executing VM operation: EnterInterpOnlyMode
Event: 450,365 Executing VM operation: EnterInterpOnlyMode done
Event: 450,365 Executing VM operation: ChangeSingleStep
Event: 450,365 Executing VM operation: ChangeSingleStep done
Event: 450,365 Executing VM operation: ChangeSingleStep
Event: 450,365 Executing VM operation: ChangeSingleStep done
Event: 450,368 Executing VM operation: RedefineClasses
Event: 450,372 Executing VM operation: RedefineClasses done


Dynamic libraries:
00400000-00401000 r-xp 00000000 08:02 4072954                            /usr/lib/jvm/java-8-oracle/bin/java
00600000-00601000 rw-p 00000000 08:02 4072954                            /usr/lib/jvm/java-8-oracle/bin/java
01f23000-01f44000 rw-p 00000000 00:00 0                                  [heap]
83e00000-89200000 rw-p 00000000 00:00 0 
89200000-d6a00000 ---p 00000000 00:00 0 
d6a00000-db400000 rw-p 00000000 00:00 0 
db400000-100000000 ---p 00000000 00:00 0 
100000000-1000a0000 rw-p 00000000 00:00 0 
1000a0000-140000000 ---p 00000000 00:00 0 
7f0494000000-7f0494021000 rw-p 00000000 00:00 0 
7f0494021000-7f0498000000 ---p 00000000 00:00 0 
7f0498000000-7f0498021000 rw-p 00000000 00:00 0 
7f0498021000-7f049c000000 ---p 00000000 00:00 0 
7f049c000000-7f049d222000 rw-p 00000000 00:00 0 
7f049d222000-7f04a0000000 ---p 00000000 00:00 0 
7f04a0000000-7f04a04d0000 rw-p 00000000 00:00 0 
7f04a04d0000-7f04a4000000 ---p 00000000 00:00 0 
7f04a4000000-7f04a5626000 rw-p 00000000 00:00 0 
7f04a5626000-7f04a8000000 ---p 00000000 00:00 0 
7f04a8000000-7f04a8bb9000 rw-p 00000000 00:00 0 
7f04a8bb9000-7f04ac000000 ---p 00000000 00:00 0 
7f04ac000000-7f04ac021000 rw-p 00000000 00:00 0 
7f04ac021000-7f04b0000000 ---p 00000000 00:00 0 
7f04b0000000-7f04b0021000 rw-p 00000000 00:00 0 
7f04b0021000-7f04b4000000 ---p 00000000 00:00 0 
7f04b4000000-7f04b4021000 rw-p 00000000 00:00 0 
7f04b4021000-7f04b8000000 ---p 00000000 00:00 0 
7f04b8000000-7f04b82b0000 rw-p 00000000 00:00 0 
7f04b82b0000-7f04bc000000 ---p 00000000 00:00 0 
7f04bc000000-7f04bc021000 rw-p 00000000 00:00 0 
7f04bc021000-7f04c0000000 ---p 00000000 00:00 0 
7f04c0000000-7f04c0021000 rw-p 00000000 00:00 0 
7f04c0021000-7f04c4000000 ---p 00000000 00:00 0 
7f04c4000000-7f04c4021000 rw-p 00000000 00:00 0 
7f04c4021000-7f04c8000000 ---p 00000000 00:00 0 
7f04c8000000-7f04c8043000 rw-p 00000000 00:00 0 
7f04c8043000-7f04cc000000 ---p 00000000 00:00 0 
7f04cc000000-7f04cc021000 rw-p 00000000 00:00 0 
7f04cc021000-7f04d0000000 ---p 00000000 00:00 0 
7f04d4000000-7f04d4021000 rw-p 00000000 00:00 0 
7f04d4021000-7f04d8000000 ---p 00000000 00:00 0 
7f04dc000000-7f04dc021000 rw-p 00000000 00:00 0 
7f04dc021000-7f04e0000000 ---p 00000000 00:00 0 
7f04e4000000-7f04e4021000 rw-p 00000000 00:00 0 
7f04e4021000-7f04e8000000 ---p 00000000 00:00 0 
7f04ec000000-7f04ec021000 rw-p 00000000 00:00 0 
7f04ec021000-7f04f0000000 ---p 00000000 00:00 0 
7f04f26e5000-7f04f26e6000 ---p 00000000 00:00 0 
7f04f26e6000-7f04f27e6000 rw-p 00000000 00:00 0 
7f04f27e6000-7f04f27e9000 ---p 00000000 00:00 0 
7f04f27e9000-7f04f28e7000 rw-p 00000000 00:00 0 
7f04f28e7000-7f04f28ea000 ---p 00000000 00:00 0 
7f04f28ea000-7f04f29e8000 rw-p 00000000 00:00 0 
7f04f29e8000-7f04f29eb000 ---p 00000000 00:00 0 
7f04f29eb000-7f04f2ae9000 rw-p 00000000 00:00 0 
7f04f2ae9000-7f04f2aec000 ---p 00000000 00:00 0 
7f04f2aec000-7f04f2bea000 rw-p 00000000 00:00 0 
7f04f2bea000-7f04f2bed000 ---p 00000000 00:00 0 
7f04f2bed000-7f04f2ceb000 rw-p 00000000 00:00 0 
7f04f2ceb000-7f04f2cee000 ---p 00000000 00:00 0 
7f04f2cee000-7f04f2dec000 rw-p 00000000 00:00 0 
7f04f2dec000-7f04f2def000 ---p 00000000 00:00 0 
7f04f2def000-7f04f2eed000 rw-p 00000000 00:00 0 
7f04f2eed000-7f04f2ef0000 ---p 00000000 00:00 0 
7f04f2ef0000-7f04f2fee000 rw-p 00000000 00:00 0 
7f04f2fee000-7f04f2ff2000 r-xp 00000000 08:02 4205425                    /usr/lib/jvm/java-8-oracle/jre/lib/amd64/libdt_socket.so
7f04f2ff2000-7f04f31f1000 ---p 00004000 08:02 4205425                    /usr/lib/jvm/java-8-oracle/jre/lib/amd64/libdt_socket.so
7f04f31f1000-7f04f31f2000 rw-p 00003000 08:02 4205425                    /usr/lib/jvm/java-8-oracle/jre/lib/amd64/libdt_socket.so
7f04f31f2000-7f04f31f5000 ---p 00000000 00:00 0 
7f04f31f5000-7f04f32f3000 rw-p 00000000 00:00 0 
7f04f32f3000-7f04f32f6000 ---p 00000000 00:00 0 
7f04f32f6000-7f04f33f4000 rw-p 00000000 00:00 0 
7f04f33f4000-7f04f33f7000 ---p 00000000 00:00 0 
7f04f33f7000-7f04f34f5000 rw-p 00000000 00:00 0 
7f04f34f5000-7f04f34f6000 ---p 00000000 00:00 0 
7f04f34f6000-7f04f4000000 rw-p 00000000 00:00 0 
7f04f4000000-7f04f4021000 rw-p 00000000 00:00 0 
7f04f4021000-7f04f8000000 ---p 00000000 00:00 0 
7f04f80ef000-7f04fc000000 rw-p 00000000 00:00 0 
7f04fc000000-7f04fc021000 rw-p 00000000 00:00 0 
7f04fc021000-7f0500000000 ---p 00000000 00:00 0 
7f050005a000-7f050006d000 r--s 00345000 08:02 4077060                    /usr/lib/jvm/java-8-oracle/jre/lib/resources.jar
7f050006d000-7f0501000000 rw-p 00000000 00:00 0 
7f0501000000-7f0501370000 rwxp 00000000 00:00 0 
7f0501370000-7f0510000000 ---p 00000000 00:00 0 
7f0510000000-7f05103a9000 rw-p 00000000 00:00 0 
7f05103a9000-7f0514000000 ---p 00000000 00:00 0 
7f0514002000-7f05141b5000 rw-p 00000000 00:00 0 
7f05141b5000-7f051438e000 r--s 03d29000 08:02 4077049                    /usr/lib/jvm/java-8-oracle/jre/lib/rt.jar
7f051438e000-7f0514884000 rw-p 00000000 00:00 0 
7f0514884000-7f0514c04000 ---p 00000000 00:00 0 
7f0514c04000-7f0514fe5000 rw-p 00000000 00:00 0 
7f0514fe5000-7f0514fe6000 ---p 00000000 00:00 0 
7f0514fe6000-7f05150e6000 rw-p 00000000 00:00 0 
7f05150e6000-7f05150e7000 ---p 00000000 00:00 0 
7f05150e7000-7f05151e7000 rw-p 00000000 00:00 0 
7f05151e7000-7f05151e8000 ---p 00000000 00:00 0 
7f05151e8000-7f05152e8000 rw-p 00000000 00:00 0 
7f05152e8000-7f05152e9000 ---p 00000000 00:00 0 
7f05152e9000-7f05153e9000 rw-p 00000000 00:00 0 
7f05153e9000-7f05153ea000 ---p 00000000 00:00 0 
7f05153ea000-7f05154ea000 rw-p 00000000 00:00 0 
7f05154ea000-7f05154eb000 ---p 00000000 00:00 0 
7f05154eb000-7f05155eb000 rw-p 00000000 00:00 0 
7f05155eb000-7f05155ec000 ---p 00000000 00:00 0 
7f05155ec000-7f05156ec000 rw-p 00000000 00:00 0 
7f05156ec000-7f05156ed000 ---p 00000000 00:00 0 
7f05156ed000-7f0515817000 rw-p 00000000 00:00 0 
7f0515817000-7f0515a83000 ---p 00000000 00:00 0 
7f0515a83000-7f0515aad000 rw-p 00000000 00:00 0 
7f0515aad000-7f0515d19000 ---p 00000000 00:00 0 
7f0515d19000-7f0515d3e000 rw-p 00000000 00:00 0 
7f0515d3e000-7f0515e64000 ---p 00000000 00:00 0 
7f0515e64000-7f0515e73000 rw-p 00000000 00:00 0 
7f0515e73000-7f0516225000 ---p 00000000 00:00 0 
7f0516225000-7f051623f000 r-xp 00000000 08:02 4205653                    /usr/lib/jvm/java-8-oracle/jre/lib/amd64/libzip.so
7f051623f000-7f051643f000 ---p 0001a000 08:02 4205653                    /usr/lib/jvm/java-8-oracle/jre/lib/amd64/libzip.so
7f051643f000-7f0516440000 rw-p 0001a000 08:02 4205653                    /usr/lib/jvm/java-8-oracle/jre/lib/amd64/libzip.so
7f0516440000-7f051644b000 r-xp 00000000 08:02 1966283                    /lib/x86_64-linux-gnu/libnss_files-2.23.so
7f051644b000-7f051664a000 ---p 0000b000 08:02 1966283                    /lib/x86_64-linux-gnu/libnss_files-2.23.so
7f051664a000-7f051664b000 r--p 0000a000 08:02 1966283                    /lib/x86_64-linux-gnu/libnss_files-2.23.so
7f051664b000-7f051664c000 rw-p 0000b000 08:02 1966283                    /lib/x86_64-linux-gnu/libnss_files-2.23.so
7f051664c000-7f0516652000 rw-p 00000000 00:00 0 
7f0516652000-7f051665d000 r-xp 00000000 08:02 1966273                    /lib/x86_64-linux-gnu/libnss_nis-2.23.so
7f051665d000-7f051685c000 ---p 0000b000 08:02 1966273                    /lib/x86_64-linux-gnu/libnss_nis-2.23.so
7f051685c000-7f051685d000 r--p 0000a000 08:02 1966273                    /lib/x86_64-linux-gnu/libnss_nis-2.23.so
7f051685d000-7f051685e000 rw-p 0000b000 08:02 1966273                    /lib/x86_64-linux-gnu/libnss_nis-2.23.so
7f051685e000-7f0516874000 r-xp 00000000 08:02 1966268                    /lib/x86_64-linux-gnu/libnsl-2.23.so
7f0516874000-7f0516a73000 ---p 00016000 08:02 1966268                    /lib/x86_64-linux-gnu/libnsl-2.23.so
7f0516a73000-7f0516a74000 r--p 00015000 08:02 1966268                    /lib/x86_64-linux-gnu/libnsl-2.23.so
7f0516a74000-7f0516a75000 rw-p 00016000 08:02 1966268                    /lib/x86_64-linux-gnu/libnsl-2.23.so
7f0516a75000-7f0516a77000 rw-p 00000000 00:00 0 
7f0516a77000-7f0516a7f000 r-xp 00000000 08:02 1966256                    /lib/x86_64-linux-gnu/libnss_compat-2.23.so
7f0516a7f000-7f0516c7e000 ---p 00008000 08:02 1966256                    /lib/x86_64-linux-gnu/libnss_compat-2.23.so
7f0516c7e000-7f0516c7f000 r--p 00007000 08:02 1966256                    /lib/x86_64-linux-gnu/libnss_compat-2.23.so
7f0516c7f000-7f0516c80000 rw-p 00008000 08:02 1966256                    /lib/x86_64-linux-gnu/libnss_compat-2.23.so
7f0516c80000-7f05170d6000 r--p 00000000 08:02 3933485                    /usr/lib/locale/locale-archive
7f05170d6000-7f05170d8000 r-xp 00000000 08:02 4205427                    /usr/lib/jvm/java-8-oracle/jre/lib/amd64/libnpt.so
7f05170d8000-7f05172d8000 ---p 00002000 08:02 4205427                    /usr/lib/jvm/java-8-oracle/jre/lib/amd64/libnpt.so
7f05172d8000-7f05172d9000 rw-p 00002000 08:02 4205427                    /usr/lib/jvm/java-8-oracle/jre/lib/amd64/libnpt.so
7f05172d9000-7f0517312000 r-xp 00000000 08:02 4205424                    /usr/lib/jvm/java-8-oracle/jre/lib/amd64/libjdwp.so
7f0517312000-7f0517511000 ---p 00039000 08:02 4205424                    /usr/lib/jvm/java-8-oracle/jre/lib/amd64/libjdwp.so
7f0517511000-7f0517513000 rw-p 00038000 08:02 4205424                    /usr/lib/jvm/java-8-oracle/jre/lib/amd64/libjdwp.so
7f0517513000-7f051753d000 r-xp 00000000 08:02 4205655                    /usr/lib/jvm/java-8-oracle/jre/lib/amd64/libjava.so
7f051753d000-7f051773d000 ---p 0002a000 08:02 4205655                    /usr/lib/jvm/java-8-oracle/jre/lib/amd64/libjava.so
7f051773d000-7f051773f000 rw-p 0002a000 08:02 4205655                    /usr/lib/jvm/java-8-oracle/jre/lib/amd64/libjava.so
7f051773f000-7f051774c000 r-xp 00000000 08:02 4205684                    /usr/lib/jvm/java-8-oracle/jre/lib/amd64/libverify.so
7f051774c000-7f051794c000 ---p 0000d000 08:02 4205684                    /usr/lib/jvm/java-8-oracle/jre/lib/amd64/libverify.so
7f051794c000-7f051794e000 rw-p 0000d000 08:02 4205684                    /usr/lib/jvm/java-8-oracle/jre/lib/amd64/libverify.so
7f051794e000-7f0517955000 r-xp 00000000 08:02 1967227                    /lib/x86_64-linux-gnu/librt-2.23.so
7f0517955000-7f0517b54000 ---p 00007000 08:02 1967227                    /lib/x86_64-linux-gnu/librt-2.23.so
7f0517b54000-7f0517b55000 r--p 00006000 08:02 1967227                    /lib/x86_64-linux-gnu/librt-2.23.so
7f0517b55000-7f0517b56000 rw-p 00007000 08:02 1967227                    /lib/x86_64-linux-gnu/librt-2.23.so
7f0517b56000-7f0517c5e000 r-xp 00000000 08:02 1967221                    /lib/x86_64-linux-gnu/libm-2.23.so
7f0517c5e000-7f0517e5d000 ---p 00108000 08:02 1967221                    /lib/x86_64-linux-gnu/libm-2.23.so
7f0517e5d000-7f0517e5e000 r--p 00107000 08:02 1967221                    /lib/x86_64-linux-gnu/libm-2.23.so
7f0517e5e000-7f0517e5f000 rw-p 00108000 08:02 1967221                    /lib/x86_64-linux-gnu/libm-2.23.so
7f0517e5f000-7f0518b2a000 r-xp 00000000 08:02 4205679                    /usr/lib/jvm/java-8-oracle/jre/lib/amd64/server/libjvm.so
7f0518b2a000-7f0518d29000 ---p 00ccb000 08:02 4205679                    /usr/lib/jvm/java-8-oracle/jre/lib/amd64/server/libjvm.so
7f0518d29000-7f0518e02000 rw-p 00cca000 08:02 4205679                    /usr/lib/jvm/java-8-oracle/jre/lib/amd64/server/libjvm.so
7f0518e02000-7f0518e4d000 rw-p 00000000 00:00 0 
7f0518e4d000-7f051900c000 r-xp 00000000 08:02 1967237                    /lib/x86_64-linux-gnu/libc-2.23.so
7f051900c000-7f051920c000 ---p 001bf000 08:02 1967237                    /lib/x86_64-linux-gnu/libc-2.23.so
7f051920c000-7f0519210000 r--p 001bf000 08:02 1967237                    /lib/x86_64-linux-gnu/libc-2.23.so
7f0519210000-7f0519212000 rw-p 001c3000 08:02 1967237                    /lib/x86_64-linux-gnu/libc-2.23.so
7f0519212000-7f0519216000 rw-p 00000000 00:00 0 
7f0519216000-7f0519219000 r-xp 00000000 08:02 1967239                    /lib/x86_64-linux-gnu/libdl-2.23.so
7f0519219000-7f0519418000 ---p 00003000 08:02 1967239                    /lib/x86_64-linux-gnu/libdl-2.23.so
7f0519418000-7f0519419000 r--p 00002000 08:02 1967239                    /lib/x86_64-linux-gnu/libdl-2.23.so
7f0519419000-7f051941a000 rw-p 00003000 08:02 1967239                    /lib/x86_64-linux-gnu/libdl-2.23.so
7f051941a000-7f051942f000 r-xp 00000000 08:02 3941116                    /usr/lib/jvm/java-8-oracle/lib/amd64/jli/libjli.so
7f051942f000-7f051962f000 ---p 00015000 08:02 3941116                    /usr/lib/jvm/java-8-oracle/lib/amd64/jli/libjli.so
7f051962f000-7f0519630000 rw-p 00015000 08:02 3941116                    /usr/lib/jvm/java-8-oracle/lib/amd64/jli/libjli.so
7f0519630000-7f0519648000 r-xp 00000000 08:02 1967235                    /lib/x86_64-linux-gnu/libpthread-2.23.so
7f0519648000-7f0519847000 ---p 00018000 08:02 1967235                    /lib/x86_64-linux-gnu/libpthread-2.23.so
7f0519847000-7f0519848000 r--p 00017000 08:02 1967235                    /lib/x86_64-linux-gnu/libpthread-2.23.so
7f0519848000-7f0519849000 rw-p 00018000 08:02 1967235                    /lib/x86_64-linux-gnu/libpthread-2.23.so
7f0519849000-7f051984d000 rw-p 00000000 00:00 0 
7f051984d000-7f0519873000 r-xp 00000000 08:02 1967229                    /lib/x86_64-linux-gnu/ld-2.23.so
7f0519875000-7f0519940000 rw-p 00000000 00:00 0 
7f0519940000-7f0519943000 ---p 00000000 00:00 0 
7f0519943000-7f0519a66000 rw-p 00000000 00:00 0 
7f0519a66000-7f0519a6e000 rw-s 00000000 08:02 3026726                    /tmp/hsperfdata_homac/4606
7f0519a6e000-7f0519a6f000 rw-p 00000000 00:00 0 
7f0519a6f000-7f0519a70000 r--p 00000000 00:00 0 
7f0519a70000-7f0519a72000 rw-p 00000000 00:00 0 
7f0519a72000-7f0519a73000 r--p 00025000 08:02 1967229                    /lib/x86_64-linux-gnu/ld-2.23.so
7f0519a73000-7f0519a74000 rw-p 00026000 08:02 1967229                    /lib/x86_64-linux-gnu/ld-2.23.so
7f0519a74000-7f0519a75000 rw-p 00000000 00:00 0 
7ffd18deb000-7ffd18e0c000 rw-p 00000000 00:00 0                          [stack]
7ffd18e3a000-7ffd18e3c000 r--p 00000000 00:00 0                          [vvar]
7ffd18e3c000-7ffd18e3e000 r-xp 00000000 00:00 0                          [vdso]
ffffffffff600000-ffffffffff601000 r-xp 00000000 00:00 0                  [vsyscall]

VM Arguments:
jvm_args: -agentlib:jdwp=transport=dt_socket,suspend=y,address=localhost:42594 -Dfile.encoding=UTF-8 
java_command: org.cakelab.jdoxml.examples.metrics.Main
java_class_path (initial): /home/homac/repos/svn/cakelab.org/playground/org.cakelab.jdoxml/bin
Launcher Type: SUN_STANDARD

Environment Variables:
JAVA_HOME=/usr/lib/jvm/java-8-oracle
PATH=/home/homac/bin:/usr/local/sbin:/usr/local/bin:/usr/sbin:/usr/bin:/sbin:/bin:/usr/games:/usr/local/games:/snap/bin:/usr/lib/jvm/java-8-oracle/bin:/usr/lib/jvm/java-8-oracle/db/bin:/usr/lib/jvm/java-8-oracle/jre/bin
SHELL=/bin/bash
DISPLAY=:0.0

Signal Handlers:
SIGSEGV: [libjvm.so+0xac4790], sa_mask[0]=11111111011111111101111111111110, sa_flags=SA_RESTART|SA_SIGINFO
SIGBUS: [libjvm.so+0xac4790], sa_mask[0]=11111111011111111101111111111110, sa_flags=SA_RESTART|SA_SIGINFO
SIGFPE: [libjvm.so+0x91f140], sa_mask[0]=11111111011111111101111111111110, sa_flags=SA_RESTART|SA_SIGINFO
SIGPIPE: [libjvm.so+0x91f140], sa_mask[0]=11111111011111111101111111111110, sa_flags=SA_RESTART|SA_SIGINFO
SIGXFSZ: [libjvm.so+0x91f140], sa_mask[0]=11111111011111111101111111111110, sa_flags=SA_RESTART|SA_SIGINFO
SIGILL: [libjvm.so+0x91f140], sa_mask[0]=11111111011111111101111111111110, sa_flags=SA_RESTART|SA_SIGINFO
SIGUSR1: SIG_DFL, sa_mask[0]=00000000000000000000000000000000, sa_flags=none
SIGUSR2: [libjvm.so+0x920770], sa_mask[0]=00100000000000000000000000000000, sa_flags=SA_RESTART|SA_SIGINFO
SIGHUP: [libjvm.so+0x921b70], sa_mask[0]=11111111011111111101111111111110, sa_flags=SA_RESTART|SA_SIGINFO
SIGINT: [libjvm.so+0x921b70], sa_mask[0]=11111111011111111101111111111110, sa_flags=SA_RESTART|SA_SIGINFO
SIGTERM: [libjvm.so+0x921b70], sa_mask[0]=11111111011111111101111111111110, sa_flags=SA_RESTART|SA_SIGINFO
SIGQUIT: [libjvm.so+0x921b70], sa_mask[0]=11111111011111111101111111111110, sa_flags=SA_RESTART|SA_SIGINFO


---------------  S Y S T E M  ---------------

OS:DISTRIB_ID=Ubuntu
DISTRIB_RELEASE=16.04
DISTRIB_CODENAME=xenial
DISTRIB_DESCRIPTION="Ubuntu 16.04.1 LTS"

uname:Linux 4.4.0-47-generic #68-Ubuntu SMP Wed Oct 26 19:39:52 UTC 2016 x86_64
libc:glibc 2.23 NPTL 2.23 
rlimit: STACK 8192k, CORE 0k, NPROC 31574, NOFILE 65536, AS infinity
load average:0,12 0,06 0,08

/proc/meminfo:
MemTotal:        8129944 kB
MemFree:         4578816 kB
MemAvailable:    5404300 kB
Buffers:          111848 kB
Cached:           939340 kB
SwapCached:            0 kB
Active:          2847980 kB
Inactive:         477020 kB
Active(anon):    2275040 kB
Inactive(anon):    35892 kB
Active(file):     572940 kB
Inactive(file):   441128 kB
Unevictable:          32 kB
Mlocked:              32 kB
SwapTotal:      16605180 kB
SwapFree:       16605180 kB
Dirty:                32 kB
Writeback:             0 kB
AnonPages:       2273888 kB
Mapped:           292408 kB
Shmem:             37120 kB
Slab:              98488 kB
SReclaimable:      61596 kB
SUnreclaim:        36892 kB
KernelStack:        8672 kB
PageTables:        32044 kB
NFS_Unstable:          0 kB
Bounce:                0 kB
WritebackTmp:          0 kB
CommitLimit:    20670152 kB
Committed_AS:    4733832 kB
VmallocTotal:   34359738367 kB
VmallocUsed:           0 kB
VmallocChunk:          0 kB
HardwareCorrupted:     0 kB
AnonHugePages:   1447936 kB
CmaTotal:              0 kB
CmaFree:               0 kB
HugePages_Total:       0
HugePages_Free:        0
HugePages_Rsvd:        0
HugePages_Surp:        0
Hugepagesize:       2048 kB
DirectMap4k:      158064 kB
DirectMap2M:     8185856 kB


CPU:total 8 (4 cores per cpu, 2 threads per core) family 6 model 58 stepping 9, cmov, cx8, fxsr, mmx, sse, sse2, sse3, ssse3, sse4.1, sse4.2, popcnt, avx, aes, clmul, erms, ht, tsc, tscinvbit, tscinv

/proc/cpuinfo:
processor	: 0
vendor_id	: GenuineIntel
cpu family	: 6
model		: 58
model name	: Intel(R) Core(TM) i7-3770K CPU @ 3.50GHz
stepping	: 9
microcode	: 0x15
cpu MHz		: 2304.531
cache size	: 8192 KB
physical id	: 0
siblings	: 8
core id		: 0
cpu cores	: 4
apicid		: 0
initial apicid	: 0
fpu		: yes
fpu_exception	: yes
cpuid level	: 13
wp		: yes
flags		: fpu vme de pse tsc msr pae mce cx8 apic sep mtrr pge mca cmov pat pse36 clflush dts acpi mmx fxsr sse sse2 ss ht tm pbe syscall nx rdtscp lm constant_tsc arch_perfmon pebs bts rep_good nopl xtopology nonstop_tsc aperfmperf eagerfpu pni pclmulqdq dtes64 monitor ds_cpl vmx est tm2 ssse3 cx16 xtpr pdcm pcid sse4_1 sse4_2 popcnt tsc_deadline_timer aes xsave avx f16c rdrand lahf_lm epb tpr_shadow vnmi flexpriority ept vpid fsgsbase smep erms xsaveopt dtherm ida arat pln pts
bugs		:
bogomips	: 6984.29
clflush size	: 64
cache_alignment	: 64
address sizes	: 36 bits physical, 48 bits virtual
power management:

processor	: 1
vendor_id	: GenuineIntel
cpu family	: 6
model		: 58
model name	: Intel(R) Core(TM) i7-3770K CPU @ 3.50GHz
stepping	: 9
microcode	: 0x15
cpu MHz		: 1930.605
cache size	: 8192 KB
physical id	: 0
siblings	: 8
core id		: 1
cpu cores	: 4
apicid		: 2
initial apicid	: 2
fpu		: yes
fpu_exception	: yes
cpuid level	: 13
wp		: yes
flags		: fpu vme de pse tsc msr pae mce cx8 apic sep mtrr pge mca cmov pat pse36 clflush dts acpi mmx fxsr sse sse2 ss ht tm pbe syscall nx rdtscp lm constant_tsc arch_perfmon pebs bts rep_good nopl xtopology nonstop_tsc aperfmperf eagerfpu pni pclmulqdq dtes64 monitor ds_cpl vmx est tm2 ssse3 cx16 xtpr pdcm pcid sse4_1 sse4_2 popcnt tsc_deadline_timer aes xsave avx f16c rdrand lahf_lm epb tpr_shadow vnmi flexpriority ept vpid fsgsbase smep erms xsaveopt dtherm ida arat pln pts
bugs		:
bogomips	: 6984.29
clflush size	: 64
cache_alignment	: 64
address sizes	: 36 bits physical, 48 bits virtual
power management:

processor	: 2
vendor_id	: GenuineIntel
cpu family	: 6
model		: 58
model name	: Intel(R) Core(TM) i7-3770K CPU @ 3.50GHz
stepping	: 9
microcode	: 0x15
cpu MHz		: 2397.226
cache size	: 8192 KB
physical id	: 0
siblings	: 8
core id		: 2
cpu cores	: 4
apicid		: 4
initial apicid	: 4
fpu		: yes
fpu_exception	: yes
cpuid level	: 13
wp		: yes
flags		: fpu vme de pse tsc msr pae mce cx8 apic sep mtrr pge mca cmov pat pse36 clflush dts acpi mmx fxsr sse sse2 ss ht tm pbe syscall nx rdtscp lm constant_tsc arch_perfmon pebs bts rep_good nopl xtopology nonstop_tsc aperfmperf eagerfpu pni pclmulqdq dtes64 monitor ds_cpl vmx est tm2 ssse3 cx16 xtpr pdcm pcid sse4_1 sse4_2 popcnt tsc_deadline_timer aes xsave avx f16c rdrand lahf_lm epb tpr_shadow vnmi flexpriority ept vpid fsgsbase smep erms xsaveopt dtherm ida arat pln pts
bugs		:
bogomips	: 6984.29
clflush size	: 64
cache_alignment	: 64
address sizes	: 36 bits physical, 48 bits virtual
power management:

processor	: 3
vendor_id	: GenuineIntel
cpu family	: 6
model		: 58
model name	: Intel(R) Core(TM) i7-3770K CPU @ 3.50GHz
stepping	: 9
microcode	: 0x15
cpu MHz		: 2399.824
cache size	: 8192 KB
physical id	: 0
siblings	: 8
core id		: 3
cpu cores	: 4
apicid		: 6
initial apicid	: 6
fpu		: yes
fpu_exception	: yes
cpuid level	: 13
wp		: yes
flags		: fpu vme de pse tsc msr pae mce cx8 apic sep mtrr pge mca cmov pat pse36 clflush dts acpi mmx fxsr sse sse2 ss ht tm pbe syscall nx rdtscp lm constant_tsc arch_perfmon pebs bts rep_good nopl xtopology nonstop_tsc aperfmperf eagerfpu pni pclmulqdq dtes64 monitor ds_cpl vmx est tm2 ssse3 cx16 xtpr pdcm pcid sse4_1 sse4_2 popcnt tsc_deadline_timer aes xsave avx f16c rdrand lahf_lm epb tpr_shadow vnmi flexpriority ept vpid fsgsbase smep erms xsaveopt dtherm ida arat pln pts
bugs		:
bogomips	: 6984.29
clflush size	: 64
cache_alignment	: 64
address sizes	: 36 bits physical, 48 bits virtual
power management:

processor	: 4
vendor_id	: GenuineIntel
cpu family	: 6
model		: 58
model name	: Intel(R) Core(TM) i7-3770K CPU @ 3.50GHz
stepping	: 9
microcode	: 0x15
cpu MHz		: 2399.550
cache size	: 8192 KB
physical id	: 0
siblings	: 8
core id		: 0
cpu cores	: 4
apicid		: 1
initial apicid	: 1
fpu		: yes
fpu_exception	: yes
cpuid level	: 13
wp		: yes
flags		: fpu vme de pse tsc msr pae mce cx8 apic sep mtrr pge mca cmov pat pse36 clflush dts acpi mmx fxsr sse sse2 ss ht tm pbe syscall nx rdtscp lm constant_tsc arch_perfmon pebs bts rep_good nopl xtopology nonstop_tsc aperfmperf eagerfpu pni pclmulqdq dtes64 monitor ds_cpl vmx est tm2 ssse3 cx16 xtpr pdcm pcid sse4_1 sse4_2 popcnt tsc_deadline_timer aes xsave avx f16c rdrand lahf_lm epb tpr_shadow vnmi flexpriority ept vpid fsgsbase smep erms xsaveopt dtherm ida arat pln pts
bugs		:
bogomips	: 6984.29
clflush size	: 64
cache_alignment	: 64
address sizes	: 36 bits physical, 48 bits virtual
power management:

processor	: 5
vendor_id	: GenuineIntel
cpu family	: 6
model		: 58
model name	: Intel(R) Core(TM) i7-3770K CPU @ 3.50GHz
stepping	: 9
microcode	: 0x15
cpu MHz		: 2241.914
cache size	: 8192 KB
physical id	: 0
siblings	: 8
core id		: 1
cpu cores	: 4
apicid		: 3
initial apicid	: 3
fpu		: yes
fpu_exception	: yes
cpuid level	: 13
wp		: yes
flags		: fpu vme de pse tsc msr pae mce cx8 apic sep mtrr pge mca cmov pat pse36 clflush dts acpi mmx fxsr sse sse2 ss ht tm pbe syscall nx rdtscp lm constant_tsc arch_perfmon pebs bts rep_good nopl xtopology nonstop_tsc aperfmperf eagerfpu pni pclmulqdq dtes64 monitor ds_cpl vmx est tm2 ssse3 cx16 xtpr pdcm pcid sse4_1 sse4_2 popcnt tsc_deadline_timer aes xsave avx f16c rdrand lahf_lm epb tpr_shadow vnmi flexpriority ept vpid fsgsbase smep erms xsaveopt dtherm ida arat pln pts
bugs		:
bogomips	: 6984.29
clflush size	: 64
cache_alignment	: 64
address sizes	: 36 bits physical, 48 bits virtual
power management:

processor	: 6
vendor_id	: GenuineIntel
cpu family	: 6
model		: 58
model name	: Intel(R) Core(TM) i7-3770K CPU @ 3.50GHz
stepping	: 9
microcode	: 0x15
cpu MHz		: 2394.628
cache size	: 8192 KB
physical id	: 0
siblings	: 8
core id		: 2
cpu cores	: 4
apicid		: 5
initial apicid	: 5
fpu		: yes
fpu_exception	: yes
cpuid level	: 13
wp		: yes
flags		: fpu vme de pse tsc msr pae mce cx8 apic sep mtrr pge mca cmov pat pse36 clflush dts acpi mmx fxsr sse sse2 ss ht tm pbe syscall nx rdtscp lm constant_tsc arch_perfmon pebs bts rep_good nopl xtopology nonstop_tsc aperfmperf eagerfpu pni pclmulqdq dtes64 monitor ds_cpl vmx est tm2 ssse3 cx16 xtpr pdcm pcid sse4_1 sse4_2 popcnt tsc_deadline_timer aes xsave avx f16c rdrand lahf_lm epb tpr_shadow vnmi flexpriority ept vpid fsgsbase smep erms xsaveopt dtherm ida arat pln pts
bugs		:
bogomips	: 6984.29
clflush size	: 64
cache_alignment	: 64
address sizes	: 36 bits physical, 48 bits virtual
power management:

processor	: 7
vendor_id	: GenuineIntel
cpu family	: 6
model		: 58
model name	: Intel(R) Core(TM) i7-3770K CPU @ 3.50GHz
stepping	: 9
microcode	: 0x15
cpu MHz		: 2284.023
cache size	: 8192 KB
physical id	: 0
siblings	: 8
core id		: 3
cpu cores	: 4
apicid		: 7
initial apicid	: 7
fpu		: yes
fpu_exception	: yes
cpuid level	: 13
wp		: yes
flags		: fpu vme de pse tsc msr pae mce cx8 apic sep mtrr pge mca cmov pat pse36 clflush dts acpi mmx fxsr sse sse2 ss ht tm pbe syscall nx rdtscp lm constant_tsc arch_perfmon pebs bts rep_good nopl xtopology nonstop_tsc aperfmperf eagerfpu pni pclmulqdq dtes64 monitor ds_cpl vmx est tm2 ssse3 cx16 xtpr pdcm pcid sse4_1 sse4_2 popcnt tsc_deadline_timer aes xsave avx f16c rdrand lahf_lm epb tpr_shadow vnmi flexpriority ept vpid fsgsbase smep erms xsaveopt dtherm ida arat pln pts
bugs		:
bogomips	: 6984.29
clflush size	: 64
cache_alignment	: 64
address sizes	: 36 bits physical, 48 bits virtual
power management:



Memory: 4k page, physical 8129944k(4578816k free), swap 16605180k(16605180k free)

vm_info: Java HotSpot(TM) 64-Bit Server VM (25.101-b13) for linux-amd64 JRE (1.8.0_101-b13), built on Jun 22 2016 02:59:44 by "java_re" with gcc 4.3.0 20080428 (Red Hat 4.3.0-8)

time: Sat Nov 12 15:27:52 2016
elapsed time: 450 seconds (0d 0h 7m 30s)

