#
# A fatal error has been detected by the Java Runtime Environment:
#
#  SIGSEGV (0xb) at pc=0x00007fb6c4000098, pid=20929, tid=0x00007fb6fa3e1700
#
# JRE version: Java(TM) SE Runtime Environment (8.0_101-b13) (build 1.8.0_101-b13)
# Java VM: Java HotSpot(TM) 64-Bit Server VM (25.101-b13 mixed mode linux-amd64 compressed oops)
# Problematic frame:
# C  0x00007fb6c4000098
#
# Failed to write core dump. Core dumps have been disabled. To enable core dumping, try "ulimit -c unlimited" before starting Java again
#
# If you would like to submit a bug report, please visit:
#   http://bugreport.java.com/bugreport/crash.jsp
#

---------------  T H R E A D  ---------------

Current thread (0x00007fb7180ce000):  JavaThread "JDWP Transport Listener: dt_socket" daemon [_thread_in_vm, id=20949, stack(0x00007fb6fa2e1000,0x00007fb6fa3e2000)]

siginfo: si_signo: 11 (SIGSEGV), si_code: 2 (SEGV_ACCERR), si_addr: 0x00007fb6c4000098

Registers:
RAX=0x00007fb6c4000098, RBX=0x00007fb6c40056c0, RCX=0x00007fb720baa2c0, RDX=0x00007fb720182e80
RSP=0x00007fb6fa3e07c8, RBP=0x00007fb6fa3e07e0, RSI=0x00007fb7180ce000, RDI=0x00007fb6c40056c0
R8 =0x00007fb6c4007450, R9 =0x0000000000000000, R10=0x00007fb6c4007440, R11=0x00007fb720344790
R12=0x0000000000000017, R13=0x00007fb6c4000098, R14=0x00007fb7180ce000, R15=0x00007fb6fa3e08e7
RIP=0x00007fb6c4000098, EFLAGS=0x0000000000010212, CSGSFS=0x0000000000000033, ERR=0x0000000000000015
  TRAPNO=0x000000000000000e

Top of Stack: (sp=0x00007fb6fa3e07c8)
0x00007fb6fa3e07c8:   00007fb71fa6dd97 0000000000000074
0x00007fb6fa3e07d8:   00007fb7180034a0 00007fb6fa3e0850
0x00007fb6fa3e07e8:   00007fb71f8faefe 00007fb6fa3e0810
0x00007fb6fa3e07f8:   00007fb6fa3e0800 00007fb7180ce000
0x00007fb6fa3e0808:   0000000000000000 00007fb600000000
0x00007fb6fa3e0818:   0000000000000000 00007fb6fa3e0840
0x00007fb6fa3e0828:   00007fb71e874e40 00007fb6c4000098
0x00007fb6fa3e0838:   00007fb6fa3e08e7 0000000000000006
0x00007fb6fa3e0848:   00007fb6fa3e08e7 00007fb6fa3e0880
0x00007fb6fa3e0858:   00007fb71e6608c2 00007fb6fa3e0880
0x00007fb6fa3e0868:   00007fb6c4000098 00007fb6fa3e0950
0x00007fb6fa3e0878:   0000000000000030 00007fb6fa3e0910
0x00007fb6fa3e0888:   00007fb71e641aa0 00007fb6fa3e08c8
0x00007fb6fa3e0898:   00007fb6fa3e08c0 00007fb6fa3e08b8
0x00007fb6fa3e08a8:   00007fb6fa3e08dc 00000001c4006770
0x00007fb6fa3e08b8:   0000000000000000 0000000000000000
0x00007fb6fa3e08c8:   0000000000000000 00007fb6c4005690
0x00007fb6fa3e08d8:   f0001008fa3e0950 0100000000000007
0x00007fb6fa3e08e8:   0000000000000002 000000000000000f
0x00007fb6fa3e08f8:   0000000000000002 00000000000f0200
0x00007fb6fa3e0908:   000000000000000f 00007fb6fa3e0b60
0x00007fb6fa3e0918:   00007fb71e64c9c6 0005473100000013
0x00007fb6fa3e0928:   00007fb71f0f0200 00007fb6bc000fb0
0x00007fb6fa3e0938:   0000000000000000 00007fb6fa3e0950
0x00007fb6fa3e0948:   00007fb6fa3e0ae0 00007fb6c400b0d0
0x00007fb6fa3e0958:   00007fb7000001e8 00007fb6c400a9f0
0x00007fb6fa3e0968:   000000000000012c 00007fb6fa3e09a0
0x00007fb6fa3e0978:   00007fb6c400a9f0 00007f0000000000
0x00007fb6fa3e0988:   000547310000001c 00007fb600000a80
0x00007fb6fa3e0998:   00007fb6fa3e09a0 b67f000007000000
0x00007fb6fa3e09a8:   04000000385600c4 160000006e69616d
0x00007fb6fa3e09b8:   2f6176616a4c5b28 7274532f676e616c 

Instructions: (pc=0x00007fb6c4000098)
0x00007fb6c4000078:   30 ce 00 c4 b6 7f 00 00 b0 b2 00 c4 b6 7f 00 00
0x00007fb6c4000088:   b0 b2 00 c4 b6 7f 00 00 b0 b2 00 c4 b6 7f 00 00
0x00007fb6c4000098:   c0 56 00 c4 b6 7f 00 00 c0 56 00 c4 b6 7f 00 00
0x00007fb6c40000a8:   98 00 00 c4 b6 7f 00 00 98 00 00 c4 b6 7f 00 00 

Register to memory mapping:

RAX=0x00007fb6c4000098 is an unknown value
RBX=0x00007fb6c40056c0 is an unknown value
RCX=0x00007fb720baa2c0: <offset 0x2182c0> in /lib/x86_64-linux-gnu/libpthread.so.0 at 0x00007fb720992000
RDX=0x00007fb720182e80: <offset 0xfc1e80> in /usr/lib/jvm/java-8-oracle/jre/lib/amd64/server/libjvm.so at 0x00007fb71f1c1000
RSP=0x00007fb6fa3e07c8 is pointing into the stack for thread: 0x00007fb7180ce000
RBP=0x00007fb6fa3e07e0 is pointing into the stack for thread: 0x00007fb7180ce000
RSI=0x00007fb7180ce000 is a thread
RDI=0x00007fb6c40056c0 is an unknown value
R8 =0x00007fb6c4007450 is an unknown value
R9 =0x0000000000000000 is an unknown value
R10=0x00007fb6c4007440 is an unknown value
R11=0x00007fb720344790: <offset 0x195790> in /lib/x86_64-linux-gnu/libc.so.6 at 0x00007fb7201af000
R12=0x0000000000000017 is an unknown value
R13=0x00007fb6c4000098 is an unknown value
R14=0x00007fb7180ce000 is a thread
R15=0x00007fb6fa3e08e7 is pointing into the stack for thread: 0x00007fb7180ce000


Stack: [0x00007fb6fa2e1000,0x00007fb6fa3e2000],  sp=0x00007fb6fa3e07c8,  free space=1021k
Native frames: (J=compiled Java code, j=interpreted, Vv=VM code, C=native code)
C  0x00007fb6c4000098
V  [libjvm.so+0x739efe]  jvmti_IsMethodSynthetic+0x2be
C  [libjdwp.so+0x258c2]  isMethodSynthetic+0x42
C  [libjdwp.so+0x6aa0]  methods1+0x1b0
C  [libjdwp.so+0x119c6]  debugLoop_run+0x2b6
C  [libjdwp.so+0x247ff]  attachThread+0x2f
V  [libjvm.so+0x7a63e2]  JvmtiAgentThread::call_start_function()+0xc2
V  [libjvm.so+0xa7343f]  JavaThread::thread_main_inner()+0xdf
V  [libjvm.so+0xa7356c]  JavaThread::run()+0x11c
V  [libjvm.so+0x924698]  java_start(Thread*)+0x108
C  [libpthread.so.0+0x770a]  start_thread+0xca


---------------  P R O C E S S  ---------------

Java Threads: ( => current thread )
  0x00007fb7180dd800 JavaThread "Service Thread" daemon [_thread_blocked, id=20961, stack(0x00007fb6f9bda000,0x00007fb6f9cdb000)]
  0x00007fb7180da000 JavaThread "C1 CompilerThread3" daemon [_thread_blocked, id=20959, stack(0x00007fb6f9cdb000,0x00007fb6f9ddc000)]
  0x00007fb7180d8000 JavaThread "C2 CompilerThread2" daemon [_thread_blocked, id=20958, stack(0x00007fb6f9ddc000,0x00007fb6f9edd000)]
  0x00007fb7180d6800 JavaThread "C2 CompilerThread1" daemon [_thread_blocked, id=20957, stack(0x00007fb6f9edd000,0x00007fb6f9fde000)]
  0x00007fb7180d3800 JavaThread "C2 CompilerThread0" daemon [_thread_blocked, id=20956, stack(0x00007fb6f9fde000,0x00007fb6fa0df000)]
  0x00007fb6c4001000 JavaThread "JDWP Command Reader" daemon [_thread_in_native, id=20953, stack(0x00007fb6fa0df000,0x00007fb6fa1e0000)]
  0x00007fb7180d1800 JavaThread "JDWP Event Helper Thread" daemon [_thread_blocked, id=20951, stack(0x00007fb6fa1e0000,0x00007fb6fa2e1000)]
=>0x00007fb7180ce000 JavaThread "JDWP Transport Listener: dt_socket" daemon [_thread_in_vm, id=20949, stack(0x00007fb6fa2e1000,0x00007fb6fa3e2000)]
  0x00007fb7180c1800 JavaThread "Signal Dispatcher" daemon [_thread_blocked, id=20947, stack(0x00007fb6fa5e6000,0x00007fb6fa6e7000)]
  0x00007fb71808f000 JavaThread "Finalizer" daemon [_thread_blocked, id=20946, stack(0x00007fb6fa6e7000,0x00007fb6fa7e8000)]
  0x00007fb71808a800 JavaThread "Reference Handler" daemon [_thread_blocked, id=20945, stack(0x00007fb6fa7e8000,0x00007fb6fa8e9000)]
  0x00007fb71800d000 JavaThread "main" [_thread_blocked, id=20934, stack(0x00007fb720ca2000,0x00007fb720da3000)]

Other Threads:
  0x00007fb718083000 VMThread [stack: 0x00007fb6fa8e9000,0x00007fb6fa9ea000] [id=20944]
  0x00007fb7180e0800 WatcherThread [stack: 0x00007fb6f9ad9000,0x00007fb6f9bda000] [id=20962]

VM state:not at safepoint (normal execution)

VM Mutex/Monitor currently owned by a thread: None

Heap:
 PSYoungGen      total 37888K, used 30209K [0x00000000d6a00000, 0x00000000d9400000, 0x0000000100000000)
  eden space 32768K, 92% used [0x00000000d6a00000,0x00000000d8780480,0x00000000d8a00000)
  from space 5120K, 0% used [0x00000000d8f00000,0x00000000d8f00000,0x00000000d9400000)
  to   space 5120K, 0% used [0x00000000d8a00000,0x00000000d8a00000,0x00000000d8f00000)
 ParOldGen       total 86016K, used 0K [0x0000000083e00000, 0x0000000089200000, 0x00000000d6a00000)
  object space 86016K, 0% used [0x0000000083e00000,0x0000000083e00000,0x0000000089200000)
 Metaspace       used 4992K, capacity 5310K, committed 5504K, reserved 1056768K
  class space    used 574K, capacity 629K, committed 640K, reserved 1048576K

Card table byte_map: [0x00007fb71cde5000,0x00007fb71d1c7000] byte_map_base: 0x00007fb71c9c6000

Marking Bits: (ParMarkBitMap*) 0x00007fb720182120
 Begin Bits: [0x00007fb7001f0000, 0x00007fb7020f8000)
 End Bits:   [0x00007fb7020f8000, 0x00007fb704000000)

Polling page: 0x00007fb720dd1000

CodeCache: size=245760Kb used=2613Kb max_used=2654Kb free=243146Kb
 bounds [0x00007fb709000000, 0x00007fb7092b0000, 0x00007fb718000000]
 total_blobs=705 nmethods=461 adapters=166
 compilation: enabled

Compilation events (10 events):
Event: 0,535 Thread 0x00007fb7180d6800  303       4       com.sun.org.apache.xerces.internal.impl.XMLDocumentFragmentScannerImpl$ElementStack::popElement (59 bytes)
Event: 0,537 Thread 0x00007fb7180d6800 nmethod 303 0x00007fb7092676d0 code [0x00007fb709267820, 0x00007fb709267978]
Event: 0,537 Thread 0x00007fb7180d6800  304   !   4       com.sun.org.apache.xerces.internal.parsers.AbstractSAXParser::endElement (108 bytes)
Event: 0,541 Thread 0x00007fb7180d6800 nmethod 304 0x00007fb709268590 code [0x00007fb709268760, 0x00007fb709268db8]
Event: 0,541 Thread 0x00007fb7180d6800  284       4       com.sun.org.apache.xerces.internal.impl.XMLDocumentFragmentScannerImpl::scanEndElement (170 bytes)
Event: 0,568 Thread 0x00007fb7180d6800 nmethod 284 0x00007fb709271c90 code [0x00007fb709271fc0, 0x00007fb7092736c0]
Event: 0,568 Thread 0x00007fb7180d6800  249 %     4       com.sun.org.apache.xerces.internal.impl.io.UTF8Reader::read @ 113 (1443 bytes)
Event: 0,573 Thread 0x00007fb7180d6800 nmethod 249% 0x00007fb709267b10 code [0x00007fb709267c80, 0x00007fb709268218]
Event: 0,614 Thread 0x00007fb7180d3800 nmethod 456 0x00007fb70927db50 code [0x00007fb70927e300, 0x00007fb7092853b0]
Event: 0,628 Thread 0x00007fb7180d8000 nmethod 367 0x00007fb709295bd0 code [0x00007fb709296b60, 0x00007fb70929fa18]

GC Heap History (0 events):
No events

Deoptimization events (10 events):
Event: 0,428 Thread 0x00007fb71800d000 Uncommon trap: reason=class_check action=maybe_recompile pc=0x00007fb709198148 method=com.sun.org.apache.xerces.internal.impl.XMLDocumentScannerImpl.next()I @ 4
Event: 0,438 Thread 0x00007fb71800d000 Uncommon trap: reason=unstable_if action=reinterpret pc=0x00007fb7091e7ce8 method=com.sun.org.apache.xerces.internal.parsers.AbstractSAXParser.startNamespaceMapping()V @ 11
Event: 0,441 Thread 0x00007fb71800d000 Uncommon trap: reason=unstable_if action=reinterpret pc=0x00007fb709197bc0 method=com.sun.org.apache.xerces.internal.utils.XMLLimitAnalyzer.addValue(ILjava/lang/String;I)V @ 78
Event: 0,462 Thread 0x00007fb71800d000 Uncommon trap: reason=class_check action=maybe_recompile pc=0x00007fb709251210 method=com.sun.org.apache.xerces.internal.parsers.AbstractSAXParser.startElement(Lcom/sun/org/apache/xerces/internal/xni/QName;Lcom/sun/org/apache/xerces/internal/xni/XMLAttrib
Event: 0,462 Thread 0x00007fb71800d000 Uncommon trap: reason=class_check action=maybe_recompile pc=0x00007fb709251210 method=com.sun.org.apache.xerces.internal.parsers.AbstractSAXParser.startElement(Lcom/sun/org/apache/xerces/internal/xni/QName;Lcom/sun/org/apache/xerces/internal/xni/XMLAttrib
Event: 0,462 Thread 0x00007fb71800d000 Uncommon trap: reason=class_check action=maybe_recompile pc=0x00007fb709251210 method=com.sun.org.apache.xerces.internal.parsers.AbstractSAXParser.startElement(Lcom/sun/org/apache/xerces/internal/xni/QName;Lcom/sun/org/apache/xerces/internal/xni/XMLAttrib
Event: 0,462 Thread 0x00007fb71800d000 Uncommon trap: reason=class_check action=maybe_recompile pc=0x00007fb709251210 method=com.sun.org.apache.xerces.internal.parsers.AbstractSAXParser.startElement(Lcom/sun/org/apache/xerces/internal/xni/QName;Lcom/sun/org/apache/xerces/internal/xni/XMLAttrib
Event: 0,466 Thread 0x00007fb71800d000 Uncommon trap: reason=class_check action=maybe_recompile pc=0x00007fb7091face4 method=com.sun.org.apache.xerces.internal.parsers.AbstractSAXParser.endNamespaceMapping()V @ 35
Event: 0,481 Thread 0x00007fb71800d000 Uncommon trap: reason=class_check action=maybe_recompile pc=0x00007fb7091face4 method=com.sun.org.apache.xerces.internal.parsers.AbstractSAXParser.endNamespaceMapping()V @ 35
Event: 0,488 Thread 0x00007fb71800d000 Uncommon trap: reason=class_check action=maybe_recompile pc=0x00007fb7091face4 method=com.sun.org.apache.xerces.internal.parsers.AbstractSAXParser.endNamespaceMapping()V @ 35

Internal exceptions (10 events):
Event: 0,028 Thread 0x00007fb71800d000 Exception <a 'java/lang/NoSuchMethodError': Method sun.misc.Unsafe.defineClass(Ljava/lang/String;[BII)Ljava/lang/Class; name or signature does not match> (0x00000000d6a07cc0) thrown at [/HUDSON3/workspace/8-2-build-linux-amd64/jdk8u101/7261/hotspot/src/sh
Event: 0,028 Thread 0x00007fb71800d000 Exception <a 'java/lang/NoSuchMethodError': Method sun.misc.Unsafe.prefetchRead(Ljava/lang/Object;J)V name or signature does not match> (0x00000000d6a07fa8) thrown at [/HUDSON3/workspace/8-2-build-linux-amd64/jdk8u101/7261/hotspot/src/share/vm/prims/jni.c
Event: 0,185 Thread 0x00007fb71800d000 Exception <a 'java/security/PrivilegedActionException'> (0x00000000d6c7d3a8) thrown at [/HUDSON3/workspace/8-2-build-linux-amd64/jdk8u101/7261/hotspot/src/share/vm/prims/jvm.cpp, line 1386]
Event: 0,185 Thread 0x00007fb71800d000 Exception <a 'java/security/PrivilegedActionException'> (0x00000000d6c7d5b8) thrown at [/HUDSON3/workspace/8-2-build-linux-amd64/jdk8u101/7261/hotspot/src/share/vm/prims/jvm.cpp, line 1386]
Event: 0,186 Thread 0x00007fb71800d000 Exception <a 'java/security/PrivilegedActionException'> (0x00000000d6c7f9f8) thrown at [/HUDSON3/workspace/8-2-build-linux-amd64/jdk8u101/7261/hotspot/src/share/vm/prims/jvm.cpp, line 1386]
Event: 0,186 Thread 0x00007fb71800d000 Exception <a 'java/security/PrivilegedActionException'> (0x00000000d6c7fc08) thrown at [/HUDSON3/workspace/8-2-build-linux-amd64/jdk8u101/7261/hotspot/src/share/vm/prims/jvm.cpp, line 1386]
Event: 0,406 Thread 0x00007fb71800d000 Implicit null exception at 0x00007fb7091dcf3c to 0x00007fb7091deb9d
Event: 0,406 Thread 0x00007fb71800d000 Implicit null exception at 0x00007fb70919da32 to 0x00007fb70919df09
Event: 0,406 Thread 0x00007fb71800d000 Implicit null exception at 0x00007fb7091fccd0 to 0x00007fb7091fcf01
Event: 0,406 Thread 0x00007fb71800d000 Implicit null exception at 0x00007fb7091e2f70 to 0x00007fb7091e30a2

Events (10 events):
Event: 319,276 Executing VM operation: GetCurrentLocation
Event: 319,276 Executing VM operation: GetCurrentLocation done
Event: 319,276 Executing VM operation: EnterInterpOnlyMode
Event: 319,276 Executing VM operation: EnterInterpOnlyMode done
Event: 319,276 Executing VM operation: ChangeSingleStep
Event: 319,276 Executing VM operation: ChangeSingleStep done
Event: 319,276 Executing VM operation: ChangeSingleStep
Event: 319,276 Executing VM operation: ChangeSingleStep done
Event: 319,279 Executing VM operation: RedefineClasses
Event: 319,282 Executing VM operation: RedefineClasses done


Dynamic libraries:
00400000-00401000 r-xp 00000000 08:02 4072954                            /usr/lib/jvm/java-8-oracle/bin/java
00600000-00601000 rw-p 00000000 08:02 4072954                            /usr/lib/jvm/java-8-oracle/bin/java
01b92000-01bb3000 rw-p 00000000 00:00 0                                  [heap]
83e00000-89200000 rw-p 00000000 00:00 0 
89200000-d6a00000 ---p 00000000 00:00 0 
d6a00000-d9400000 rw-p 00000000 00:00 0 
d9400000-100000000 ---p 00000000 00:00 0 
100000000-1000a0000 rw-p 00000000 00:00 0 
1000a0000-140000000 ---p 00000000 00:00 0 
7fb6a4000000-7fb6a4021000 rw-p 00000000 00:00 0 
7fb6a4021000-7fb6a8000000 ---p 00000000 00:00 0 
7fb6ac000000-7fb6ac4a1000 rw-p 00000000 00:00 0 
7fb6ac4a1000-7fb6b0000000 ---p 00000000 00:00 0 
7fb6b0000000-7fb6b0021000 rw-p 00000000 00:00 0 
7fb6b0021000-7fb6b4000000 ---p 00000000 00:00 0 
7fb6b4000000-7fb6b4596000 rw-p 00000000 00:00 0 
7fb6b4596000-7fb6b8000000 ---p 00000000 00:00 0 
7fb6b8000000-7fb6b8bd4000 rw-p 00000000 00:00 0 
7fb6b8bd4000-7fb6bc000000 ---p 00000000 00:00 0 
7fb6bc000000-7fb6bc021000 rw-p 00000000 00:00 0 
7fb6bc021000-7fb6c0000000 ---p 00000000 00:00 0 
7fb6c0000000-7fb6c0a80000 rw-p 00000000 00:00 0 
7fb6c0a80000-7fb6c4000000 ---p 00000000 00:00 0 
7fb6c4000000-7fb6c42ae000 rw-p 00000000 00:00 0 
7fb6c42ae000-7fb6c8000000 ---p 00000000 00:00 0 
7fb6c8000000-7fb6c8021000 rw-p 00000000 00:00 0 
7fb6c8021000-7fb6cc000000 ---p 00000000 00:00 0 
7fb6cc000000-7fb6cc021000 rw-p 00000000 00:00 0 
7fb6cc021000-7fb6d0000000 ---p 00000000 00:00 0 
7fb6d0000000-7fb6d0021000 rw-p 00000000 00:00 0 
7fb6d0021000-7fb6d4000000 ---p 00000000 00:00 0 
7fb6d4000000-7fb6d4021000 rw-p 00000000 00:00 0 
7fb6d4021000-7fb6d8000000 ---p 00000000 00:00 0 
7fb6d8000000-7fb6d8021000 rw-p 00000000 00:00 0 
7fb6d8021000-7fb6dc000000 ---p 00000000 00:00 0 
7fb6dc000000-7fb6dc021000 rw-p 00000000 00:00 0 
7fb6dc021000-7fb6e0000000 ---p 00000000 00:00 0 
7fb6e0000000-7fb6e0021000 rw-p 00000000 00:00 0 
7fb6e0021000-7fb6e4000000 ---p 00000000 00:00 0 
7fb6e4000000-7fb6e4021000 rw-p 00000000 00:00 0 
7fb6e4021000-7fb6e8000000 ---p 00000000 00:00 0 
7fb6e8000000-7fb6e8021000 rw-p 00000000 00:00 0 
7fb6e8021000-7fb6ec000000 ---p 00000000 00:00 0 
7fb6ec000000-7fb6ec021000 rw-p 00000000 00:00 0 
7fb6ec021000-7fb6f0000000 ---p 00000000 00:00 0 
7fb6f4000000-7fb6f4021000 rw-p 00000000 00:00 0 
7fb6f4021000-7fb6f8000000 ---p 00000000 00:00 0 
7fb6f9ad9000-7fb6f9ada000 ---p 00000000 00:00 0 
7fb6f9ada000-7fb6f9bda000 rw-p 00000000 00:00 0 
7fb6f9bda000-7fb6f9bdd000 ---p 00000000 00:00 0 
7fb6f9bdd000-7fb6f9cdb000 rw-p 00000000 00:00 0 
7fb6f9cdb000-7fb6f9cde000 ---p 00000000 00:00 0 
7fb6f9cde000-7fb6f9ddc000 rw-p 00000000 00:00 0 
7fb6f9ddc000-7fb6f9ddf000 ---p 00000000 00:00 0 
7fb6f9ddf000-7fb6f9edd000 rw-p 00000000 00:00 0 
7fb6f9edd000-7fb6f9ee0000 ---p 00000000 00:00 0 
7fb6f9ee0000-7fb6f9fde000 rw-p 00000000 00:00 0 
7fb6f9fde000-7fb6f9fe1000 ---p 00000000 00:00 0 
7fb6f9fe1000-7fb6fa0df000 rw-p 00000000 00:00 0 
7fb6fa0df000-7fb6fa0e2000 ---p 00000000 00:00 0 
7fb6fa0e2000-7fb6fa1e0000 rw-p 00000000 00:00 0 
7fb6fa1e0000-7fb6fa1e3000 ---p 00000000 00:00 0 
7fb6fa1e3000-7fb6fa2e1000 rw-p 00000000 00:00 0 
7fb6fa2e1000-7fb6fa2e4000 ---p 00000000 00:00 0 
7fb6fa2e4000-7fb6fa3e2000 rw-p 00000000 00:00 0 
7fb6fa3e2000-7fb6fa3e6000 r-xp 00000000 08:02 4205425                    /usr/lib/jvm/java-8-oracle/jre/lib/amd64/libdt_socket.so
7fb6fa3e6000-7fb6fa5e5000 ---p 00004000 08:02 4205425                    /usr/lib/jvm/java-8-oracle/jre/lib/amd64/libdt_socket.so
7fb6fa5e5000-7fb6fa5e6000 rw-p 00003000 08:02 4205425                    /usr/lib/jvm/java-8-oracle/jre/lib/amd64/libdt_socket.so
7fb6fa5e6000-7fb6fa5e9000 ---p 00000000 00:00 0 
7fb6fa5e9000-7fb6fa6e7000 rw-p 00000000 00:00 0 
7fb6fa6e7000-7fb6fa6ea000 ---p 00000000 00:00 0 
7fb6fa6ea000-7fb6fa7e8000 rw-p 00000000 00:00 0 
7fb6fa7e8000-7fb6fa7eb000 ---p 00000000 00:00 0 
7fb6fa7eb000-7fb6fa8e9000 rw-p 00000000 00:00 0 
7fb6fa8e9000-7fb6fa8ea000 ---p 00000000 00:00 0 
7fb6fa8ea000-7fb6fc000000 rw-p 00000000 00:00 0 
7fb6fc000000-7fb6fc021000 rw-p 00000000 00:00 0 
7fb6fc021000-7fb700000000 ---p 00000000 00:00 0 
7fb7000ad000-7fb704000000 rw-p 00000000 00:00 0 
7fb704000000-7fb704021000 rw-p 00000000 00:00 0 
7fb704021000-7fb708000000 ---p 00000000 00:00 0 
7fb708008000-7fb70801b000 r--s 00345000 08:02 4077060                    /usr/lib/jvm/java-8-oracle/jre/lib/resources.jar
7fb70801b000-7fb7088df000 rw-p 00000000 00:00 0 
7fb7088df000-7fb708c1f000 ---p 00000000 00:00 0 
7fb708c1f000-7fb709000000 rw-p 00000000 00:00 0 
7fb709000000-7fb7092b0000 rwxp 00000000 00:00 0 
7fb7092b0000-7fb718000000 ---p 00000000 00:00 0 
7fb718000000-7fb7183a9000 rw-p 00000000 00:00 0 
7fb7183a9000-7fb71c000000 ---p 00000000 00:00 0 
7fb71c004000-7fb71c0f8000 rw-p 00000000 00:00 0 
7fb71c0f8000-7fb71c2d1000 r--s 03d29000 08:02 4077049                    /usr/lib/jvm/java-8-oracle/jre/lib/rt.jar
7fb71c2d1000-7fb71c347000 rw-p 00000000 00:00 0 
7fb71c347000-7fb71c348000 ---p 00000000 00:00 0 
7fb71c348000-7fb71c448000 rw-p 00000000 00:00 0 
7fb71c448000-7fb71c449000 ---p 00000000 00:00 0 
7fb71c449000-7fb71c549000 rw-p 00000000 00:00 0 
7fb71c549000-7fb71c54a000 ---p 00000000 00:00 0 
7fb71c54a000-7fb71c64a000 rw-p 00000000 00:00 0 
7fb71c64a000-7fb71c64b000 ---p 00000000 00:00 0 
7fb71c64b000-7fb71c74b000 rw-p 00000000 00:00 0 
7fb71c74b000-7fb71c74c000 ---p 00000000 00:00 0 
7fb71c74c000-7fb71c84c000 rw-p 00000000 00:00 0 
7fb71c84c000-7fb71c84d000 ---p 00000000 00:00 0 
7fb71c84d000-7fb71c94d000 rw-p 00000000 00:00 0 
7fb71c94d000-7fb71c94e000 ---p 00000000 00:00 0 
7fb71c94e000-7fb71ca4e000 rw-p 00000000 00:00 0 
7fb71ca4e000-7fb71ca4f000 ---p 00000000 00:00 0 
7fb71ca4f000-7fb71cb79000 rw-p 00000000 00:00 0 
7fb71cb79000-7fb71cde5000 ---p 00000000 00:00 0 
7fb71cde5000-7fb71ce0f000 rw-p 00000000 00:00 0 
7fb71ce0f000-7fb71d07b000 ---p 00000000 00:00 0 
7fb71d07b000-7fb71d090000 rw-p 00000000 00:00 0 
7fb71d090000-7fb71d1c6000 ---p 00000000 00:00 0 
7fb71d1c6000-7fb71d1d2000 rw-p 00000000 00:00 0 
7fb71d1d2000-7fb71d587000 ---p 00000000 00:00 0 
7fb71d587000-7fb71d5a1000 r-xp 00000000 08:02 4205653                    /usr/lib/jvm/java-8-oracle/jre/lib/amd64/libzip.so
7fb71d5a1000-7fb71d7a1000 ---p 0001a000 08:02 4205653                    /usr/lib/jvm/java-8-oracle/jre/lib/amd64/libzip.so
7fb71d7a1000-7fb71d7a2000 rw-p 0001a000 08:02 4205653                    /usr/lib/jvm/java-8-oracle/jre/lib/amd64/libzip.so
7fb71d7a2000-7fb71d7ad000 r-xp 00000000 08:02 1966283                    /lib/x86_64-linux-gnu/libnss_files-2.23.so
7fb71d7ad000-7fb71d9ac000 ---p 0000b000 08:02 1966283                    /lib/x86_64-linux-gnu/libnss_files-2.23.so
7fb71d9ac000-7fb71d9ad000 r--p 0000a000 08:02 1966283                    /lib/x86_64-linux-gnu/libnss_files-2.23.so
7fb71d9ad000-7fb71d9ae000 rw-p 0000b000 08:02 1966283                    /lib/x86_64-linux-gnu/libnss_files-2.23.so
7fb71d9ae000-7fb71d9b4000 rw-p 00000000 00:00 0 
7fb71d9b4000-7fb71d9bf000 r-xp 00000000 08:02 1966273                    /lib/x86_64-linux-gnu/libnss_nis-2.23.so
7fb71d9bf000-7fb71dbbe000 ---p 0000b000 08:02 1966273                    /lib/x86_64-linux-gnu/libnss_nis-2.23.so
7fb71dbbe000-7fb71dbbf000 r--p 0000a000 08:02 1966273                    /lib/x86_64-linux-gnu/libnss_nis-2.23.so
7fb71dbbf000-7fb71dbc0000 rw-p 0000b000 08:02 1966273                    /lib/x86_64-linux-gnu/libnss_nis-2.23.so
7fb71dbc0000-7fb71dbd6000 r-xp 00000000 08:02 1966268                    /lib/x86_64-linux-gnu/libnsl-2.23.so
7fb71dbd6000-7fb71ddd5000 ---p 00016000 08:02 1966268                    /lib/x86_64-linux-gnu/libnsl-2.23.so
7fb71ddd5000-7fb71ddd6000 r--p 00015000 08:02 1966268                    /lib/x86_64-linux-gnu/libnsl-2.23.so
7fb71ddd6000-7fb71ddd7000 rw-p 00016000 08:02 1966268                    /lib/x86_64-linux-gnu/libnsl-2.23.so
7fb71ddd7000-7fb71ddd9000 rw-p 00000000 00:00 0 
7fb71ddd9000-7fb71dde1000 r-xp 00000000 08:02 1966256                    /lib/x86_64-linux-gnu/libnss_compat-2.23.so
7fb71dde1000-7fb71dfe0000 ---p 00008000 08:02 1966256                    /lib/x86_64-linux-gnu/libnss_compat-2.23.so
7fb71dfe0000-7fb71dfe1000 r--p 00007000 08:02 1966256                    /lib/x86_64-linux-gnu/libnss_compat-2.23.so
7fb71dfe1000-7fb71dfe2000 rw-p 00008000 08:02 1966256                    /lib/x86_64-linux-gnu/libnss_compat-2.23.so
7fb71dfe2000-7fb71e438000 r--p 00000000 08:02 3933485                    /usr/lib/locale/locale-archive
7fb71e438000-7fb71e43a000 r-xp 00000000 08:02 4205427                    /usr/lib/jvm/java-8-oracle/jre/lib/amd64/libnpt.so
7fb71e43a000-7fb71e63a000 ---p 00002000 08:02 4205427                    /usr/lib/jvm/java-8-oracle/jre/lib/amd64/libnpt.so
7fb71e63a000-7fb71e63b000 rw-p 00002000 08:02 4205427                    /usr/lib/jvm/java-8-oracle/jre/lib/amd64/libnpt.so
7fb71e63b000-7fb71e674000 r-xp 00000000 08:02 4205424                    /usr/lib/jvm/java-8-oracle/jre/lib/amd64/libjdwp.so
7fb71e674000-7fb71e873000 ---p 00039000 08:02 4205424                    /usr/lib/jvm/java-8-oracle/jre/lib/amd64/libjdwp.so
7fb71e873000-7fb71e875000 rw-p 00038000 08:02 4205424                    /usr/lib/jvm/java-8-oracle/jre/lib/amd64/libjdwp.so
7fb71e875000-7fb71e89f000 r-xp 00000000 08:02 4205655                    /usr/lib/jvm/java-8-oracle/jre/lib/amd64/libjava.so
7fb71e89f000-7fb71ea9f000 ---p 0002a000 08:02 4205655                    /usr/lib/jvm/java-8-oracle/jre/lib/amd64/libjava.so
7fb71ea9f000-7fb71eaa1000 rw-p 0002a000 08:02 4205655                    /usr/lib/jvm/java-8-oracle/jre/lib/amd64/libjava.so
7fb71eaa1000-7fb71eaae000 r-xp 00000000 08:02 4205684                    /usr/lib/jvm/java-8-oracle/jre/lib/amd64/libverify.so
7fb71eaae000-7fb71ecae000 ---p 0000d000 08:02 4205684                    /usr/lib/jvm/java-8-oracle/jre/lib/amd64/libverify.so
7fb71ecae000-7fb71ecb0000 rw-p 0000d000 08:02 4205684                    /usr/lib/jvm/java-8-oracle/jre/lib/amd64/libverify.so
7fb71ecb0000-7fb71ecb7000 r-xp 00000000 08:02 1967227                    /lib/x86_64-linux-gnu/librt-2.23.so
7fb71ecb7000-7fb71eeb6000 ---p 00007000 08:02 1967227                    /lib/x86_64-linux-gnu/librt-2.23.so
7fb71eeb6000-7fb71eeb7000 r--p 00006000 08:02 1967227                    /lib/x86_64-linux-gnu/librt-2.23.so
7fb71eeb7000-7fb71eeb8000 rw-p 00007000 08:02 1967227                    /lib/x86_64-linux-gnu/librt-2.23.so
7fb71eeb8000-7fb71efc0000 r-xp 00000000 08:02 1967221                    /lib/x86_64-linux-gnu/libm-2.23.so
7fb71efc0000-7fb71f1bf000 ---p 00108000 08:02 1967221                    /lib/x86_64-linux-gnu/libm-2.23.so
7fb71f1bf000-7fb71f1c0000 r--p 00107000 08:02 1967221                    /lib/x86_64-linux-gnu/libm-2.23.so
7fb71f1c0000-7fb71f1c1000 rw-p 00108000 08:02 1967221                    /lib/x86_64-linux-gnu/libm-2.23.so
7fb71f1c1000-7fb71fe8c000 r-xp 00000000 08:02 4205679                    /usr/lib/jvm/java-8-oracle/jre/lib/amd64/server/libjvm.so
7fb71fe8c000-7fb72008b000 ---p 00ccb000 08:02 4205679                    /usr/lib/jvm/java-8-oracle/jre/lib/amd64/server/libjvm.so
7fb72008b000-7fb720164000 rw-p 00cca000 08:02 4205679                    /usr/lib/jvm/java-8-oracle/jre/lib/amd64/server/libjvm.so
7fb720164000-7fb7201af000 rw-p 00000000 00:00 0 
7fb7201af000-7fb72036e000 r-xp 00000000 08:02 1967237                    /lib/x86_64-linux-gnu/libc-2.23.so
7fb72036e000-7fb72056e000 ---p 001bf000 08:02 1967237                    /lib/x86_64-linux-gnu/libc-2.23.so
7fb72056e000-7fb720572000 r--p 001bf000 08:02 1967237                    /lib/x86_64-linux-gnu/libc-2.23.so
7fb720572000-7fb720574000 rw-p 001c3000 08:02 1967237                    /lib/x86_64-linux-gnu/libc-2.23.so
7fb720574000-7fb720578000 rw-p 00000000 00:00 0 
7fb720578000-7fb72057b000 r-xp 00000000 08:02 1967239                    /lib/x86_64-linux-gnu/libdl-2.23.so
7fb72057b000-7fb72077a000 ---p 00003000 08:02 1967239                    /lib/x86_64-linux-gnu/libdl-2.23.so
7fb72077a000-7fb72077b000 r--p 00002000 08:02 1967239                    /lib/x86_64-linux-gnu/libdl-2.23.so
7fb72077b000-7fb72077c000 rw-p 00003000 08:02 1967239                    /lib/x86_64-linux-gnu/libdl-2.23.so
7fb72077c000-7fb720791000 r-xp 00000000 08:02 3941116                    /usr/lib/jvm/java-8-oracle/lib/amd64/jli/libjli.so
7fb720791000-7fb720991000 ---p 00015000 08:02 3941116                    /usr/lib/jvm/java-8-oracle/lib/amd64/jli/libjli.so
7fb720991000-7fb720992000 rw-p 00015000 08:02 3941116                    /usr/lib/jvm/java-8-oracle/lib/amd64/jli/libjli.so
7fb720992000-7fb7209aa000 r-xp 00000000 08:02 1967235                    /lib/x86_64-linux-gnu/libpthread-2.23.so
7fb7209aa000-7fb720ba9000 ---p 00018000 08:02 1967235                    /lib/x86_64-linux-gnu/libpthread-2.23.so
7fb720ba9000-7fb720baa000 r--p 00017000 08:02 1967235                    /lib/x86_64-linux-gnu/libpthread-2.23.so
7fb720baa000-7fb720bab000 rw-p 00018000 08:02 1967235                    /lib/x86_64-linux-gnu/libpthread-2.23.so
7fb720bab000-7fb720baf000 rw-p 00000000 00:00 0 
7fb720baf000-7fb720bd5000 r-xp 00000000 08:02 1967229                    /lib/x86_64-linux-gnu/ld-2.23.so
7fb720bd7000-7fb720ca2000 rw-p 00000000 00:00 0 
7fb720ca2000-7fb720ca5000 ---p 00000000 00:00 0 
7fb720ca5000-7fb720dc8000 rw-p 00000000 00:00 0 
7fb720dc8000-7fb720dd0000 rw-s 00000000 08:02 3026727                    /tmp/hsperfdata_homac/20929
7fb720dd0000-7fb720dd1000 rw-p 00000000 00:00 0 
7fb720dd1000-7fb720dd2000 r--p 00000000 00:00 0 
7fb720dd2000-7fb720dd4000 rw-p 00000000 00:00 0 
7fb720dd4000-7fb720dd5000 r--p 00025000 08:02 1967229                    /lib/x86_64-linux-gnu/ld-2.23.so
7fb720dd5000-7fb720dd6000 rw-p 00026000 08:02 1967229                    /lib/x86_64-linux-gnu/ld-2.23.so
7fb720dd6000-7fb720dd7000 rw-p 00000000 00:00 0 
7ffd69897000-7ffd698b8000 rw-p 00000000 00:00 0                          [stack]
7ffd69971000-7ffd69973000 r--p 00000000 00:00 0                          [vvar]
7ffd69973000-7ffd69975000 r-xp 00000000 00:00 0                          [vdso]
ffffffffff600000-ffffffffff601000 r-xp 00000000 00:00 0                  [vsyscall]

VM Arguments:
jvm_args: -agentlib:jdwp=transport=dt_socket,suspend=y,address=localhost:42318 -Dfile.encoding=UTF-8 
java_command: org.cakelab.jdoxml.examples.metrics.Main
java_class_path (initial): /home/homac/repos/svn/cakelab.org/playground/org.cakelab.jdoxml/bin
Launcher Type: SUN_STANDARD

Environment Variables:
JAVA_HOME=/usr/lib/jvm/java-8-oracle
PATH=/home/homac/bin:/usr/local/sbin:/usr/local/bin:/usr/sbin:/usr/bin:/sbin:/bin:/usr/games:/usr/local/games:/snap/bin:/usr/lib/jvm/java-8-oracle/bin:/usr/lib/jvm/java-8-oracle/db/bin:/usr/lib/jvm/java-8-oracle/jre/bin
SHELL=/bin/bash
DISPLAY=:0.0

Signal Handlers:
SIGSEGV: [libjvm.so+0xac4790], sa_mask[0]=11111111011111111101111111111110, sa_flags=SA_RESTART|SA_SIGINFO
SIGBUS: [libjvm.so+0xac4790], sa_mask[0]=11111111011111111101111111111110, sa_flags=SA_RESTART|SA_SIGINFO
SIGFPE: [libjvm.so+0x91f140], sa_mask[0]=11111111011111111101111111111110, sa_flags=SA_RESTART|SA_SIGINFO
SIGPIPE: [libjvm.so+0x91f140], sa_mask[0]=11111111011111111101111111111110, sa_flags=SA_RESTART|SA_SIGINFO
SIGXFSZ: [libjvm.so+0x91f140], sa_mask[0]=11111111011111111101111111111110, sa_flags=SA_RESTART|SA_SIGINFO
SIGILL: [libjvm.so+0x91f140], sa_mask[0]=11111111011111111101111111111110, sa_flags=SA_RESTART|SA_SIGINFO
SIGUSR1: SIG_DFL, sa_mask[0]=00000000000000000000000000000000, sa_flags=none
SIGUSR2: [libjvm.so+0x920770], sa_mask[0]=00100000000000000000000000000000, sa_flags=SA_RESTART|SA_SIGINFO
SIGHUP: [libjvm.so+0x921b70], sa_mask[0]=11111111011111111101111111111110, sa_flags=SA_RESTART|SA_SIGINFO
SIGINT: [libjvm.so+0x921b70], sa_mask[0]=11111111011111111101111111111110, sa_flags=SA_RESTART|SA_SIGINFO
SIGTERM: [libjvm.so+0x921b70], sa_mask[0]=11111111011111111101111111111110, sa_flags=SA_RESTART|SA_SIGINFO
SIGQUIT: [libjvm.so+0x921b70], sa_mask[0]=11111111011111111101111111111110, sa_flags=SA_RESTART|SA_SIGINFO


---------------  S Y S T E M  ---------------

OS:DISTRIB_ID=Ubuntu
DISTRIB_RELEASE=16.04
DISTRIB_CODENAME=xenial
DISTRIB_DESCRIPTION="Ubuntu 16.04.1 LTS"

uname:Linux 4.4.0-47-generic #68-Ubuntu SMP Wed Oct 26 19:39:52 UTC 2016 x86_64
libc:glibc 2.23 NPTL 2.23 
rlimit: STACK 8192k, CORE 0k, NPROC 31574, NOFILE 65536, AS infinity
load average:0,13 0,08 0,04

/proc/meminfo:
MemTotal:        8129944 kB
MemFree:         3128892 kB
MemAvailable:    4439080 kB
Buffers:          179644 kB
Cached:          1330956 kB
SwapCached:            0 kB
Active:          3934932 kB
Inactive:         773820 kB
Active(anon):    3199380 kB
Inactive(anon):    39320 kB
Active(file):     735552 kB
Inactive(file):   734500 kB
Unevictable:          32 kB
Mlocked:              32 kB
SwapTotal:      16605180 kB
SwapFree:       16605180 kB
Dirty:                92 kB
Writeback:             0 kB
AnonPages:       3198204 kB
Mapped:           300920 kB
Shmem:             40552 kB
Slab:             158532 kB
SReclaimable:     119036 kB
SUnreclaim:        39496 kB
KernelStack:        9424 kB
PageTables:        36212 kB
NFS_Unstable:          0 kB
Bounce:                0 kB
WritebackTmp:          0 kB
CommitLimit:    20670152 kB
Committed_AS:    6200172 kB
VmallocTotal:   34359738367 kB
VmallocUsed:           0 kB
VmallocChunk:          0 kB
HardwareCorrupted:     0 kB
AnonHugePages:   2357248 kB
CmaTotal:              0 kB
CmaFree:               0 kB
HugePages_Total:       0
HugePages_Free:        0
HugePages_Rsvd:        0
HugePages_Surp:        0
Hugepagesize:       2048 kB
DirectMap4k:      166256 kB
DirectMap2M:     8177664 kB


CPU:total 8 (4 cores per cpu, 2 threads per core) family 6 model 58 stepping 9, cmov, cx8, fxsr, mmx, sse, sse2, sse3, ssse3, sse4.1, sse4.2, popcnt, avx, aes, clmul, erms, ht, tsc, tscinvbit, tscinv

/proc/cpuinfo:
processor	: 0
vendor_id	: GenuineIntel
cpu family	: 6
model		: 58
model name	: Intel(R) Core(TM) i7-3770K CPU @ 3.50GHz
stepping	: 9
microcode	: 0x15
cpu MHz		: 3389.257
cache size	: 8192 KB
physical id	: 0
siblings	: 8
core id		: 0
cpu cores	: 4
apicid		: 0
initial apicid	: 0
fpu		: yes
fpu_exception	: yes
cpuid level	: 13
wp		: yes
flags		: fpu vme de pse tsc msr pae mce cx8 apic sep mtrr pge mca cmov pat pse36 clflush dts acpi mmx fxsr sse sse2 ss ht tm pbe syscall nx rdtscp lm constant_tsc arch_perfmon pebs bts rep_good nopl xtopology nonstop_tsc aperfmperf eagerfpu pni pclmulqdq dtes64 monitor ds_cpl vmx est tm2 ssse3 cx16 xtpr pdcm pcid sse4_1 sse4_2 popcnt tsc_deadline_timer aes xsave avx f16c rdrand lahf_lm epb tpr_shadow vnmi flexpriority ept vpid fsgsbase smep erms xsaveopt dtherm ida arat pln pts
bugs		:
bogomips	: 6984.29
clflush size	: 64
cache_alignment	: 64
address sizes	: 36 bits physical, 48 bits virtual
power management:

processor	: 1
vendor_id	: GenuineIntel
cpu family	: 6
model		: 58
model name	: Intel(R) Core(TM) i7-3770K CPU @ 3.50GHz
stepping	: 9
microcode	: 0x15
cpu MHz		: 3391.035
cache size	: 8192 KB
physical id	: 0
siblings	: 8
core id		: 1
cpu cores	: 4
apicid		: 2
initial apicid	: 2
fpu		: yes
fpu_exception	: yes
cpuid level	: 13
wp		: yes
flags		: fpu vme de pse tsc msr pae mce cx8 apic sep mtrr pge mca cmov pat pse36 clflush dts acpi mmx fxsr sse sse2 ss ht tm pbe syscall nx rdtscp lm constant_tsc arch_perfmon pebs bts rep_good nopl xtopology nonstop_tsc aperfmperf eagerfpu pni pclmulqdq dtes64 monitor ds_cpl vmx est tm2 ssse3 cx16 xtpr pdcm pcid sse4_1 sse4_2 popcnt tsc_deadline_timer aes xsave avx f16c rdrand lahf_lm epb tpr_shadow vnmi flexpriority ept vpid fsgsbase smep erms xsaveopt dtherm ida arat pln pts
bugs		:
bogomips	: 6984.29
clflush size	: 64
cache_alignment	: 64
address sizes	: 36 bits physical, 48 bits virtual
power management:

processor	: 2
vendor_id	: GenuineIntel
cpu family	: 6
model		: 58
model name	: Intel(R) Core(TM) i7-3770K CPU @ 3.50GHz
stepping	: 9
microcode	: 0x15
cpu MHz		: 3307.226
cache size	: 8192 KB
physical id	: 0
siblings	: 8
core id		: 2
cpu cores	: 4
apicid		: 4
initial apicid	: 4
fpu		: yes
fpu_exception	: yes
cpuid level	: 13
wp		: yes
flags		: fpu vme de pse tsc msr pae mce cx8 apic sep mtrr pge mca cmov pat pse36 clflush dts acpi mmx fxsr sse sse2 ss ht tm pbe syscall nx rdtscp lm constant_tsc arch_perfmon pebs bts rep_good nopl xtopology nonstop_tsc aperfmperf eagerfpu pni pclmulqdq dtes64 monitor ds_cpl vmx est tm2 ssse3 cx16 xtpr pdcm pcid sse4_1 sse4_2 popcnt tsc_deadline_timer aes xsave avx f16c rdrand lahf_lm epb tpr_shadow vnmi flexpriority ept vpid fsgsbase smep erms xsaveopt dtherm ida arat pln pts
bugs		:
bogomips	: 6984.29
clflush size	: 64
cache_alignment	: 64
address sizes	: 36 bits physical, 48 bits virtual
power management:

processor	: 3
vendor_id	: GenuineIntel
cpu family	: 6
model		: 58
model name	: Intel(R) Core(TM) i7-3770K CPU @ 3.50GHz
stepping	: 9
microcode	: 0x15
cpu MHz		: 3098.320
cache size	: 8192 KB
physical id	: 0
siblings	: 8
core id		: 3
cpu cores	: 4
apicid		: 6
initial apicid	: 6
fpu		: yes
fpu_exception	: yes
cpuid level	: 13
wp		: yes
flags		: fpu vme de pse tsc msr pae mce cx8 apic sep mtrr pge mca cmov pat pse36 clflush dts acpi mmx fxsr sse sse2 ss ht tm pbe syscall nx rdtscp lm constant_tsc arch_perfmon pebs bts rep_good nopl xtopology nonstop_tsc aperfmperf eagerfpu pni pclmulqdq dtes64 monitor ds_cpl vmx est tm2 ssse3 cx16 xtpr pdcm pcid sse4_1 sse4_2 popcnt tsc_deadline_timer aes xsave avx f16c rdrand lahf_lm epb tpr_shadow vnmi flexpriority ept vpid fsgsbase smep erms xsaveopt dtherm ida arat pln pts
bugs		:
bogomips	: 6984.29
clflush size	: 64
cache_alignment	: 64
address sizes	: 36 bits physical, 48 bits virtual
power management:

processor	: 4
vendor_id	: GenuineIntel
cpu family	: 6
model		: 58
model name	: Intel(R) Core(TM) i7-3770K CPU @ 3.50GHz
stepping	: 9
microcode	: 0x15
cpu MHz		: 3398.144
cache size	: 8192 KB
physical id	: 0
siblings	: 8
core id		: 0
cpu cores	: 4
apicid		: 1
initial apicid	: 1
fpu		: yes
fpu_exception	: yes
cpuid level	: 13
wp		: yes
flags		: fpu vme de pse tsc msr pae mce cx8 apic sep mtrr pge mca cmov pat pse36 clflush dts acpi mmx fxsr sse sse2 ss ht tm pbe syscall nx rdtscp lm constant_tsc arch_perfmon pebs bts rep_good nopl xtopology nonstop_tsc aperfmperf eagerfpu pni pclmulqdq dtes64 monitor ds_cpl vmx est tm2 ssse3 cx16 xtpr pdcm pcid sse4_1 sse4_2 popcnt tsc_deadline_timer aes xsave avx f16c rdrand lahf_lm epb tpr_shadow vnmi flexpriority ept vpid fsgsbase smep erms xsaveopt dtherm ida arat pln pts
bugs		:
bogomips	: 6984.29
clflush size	: 64
cache_alignment	: 64
address sizes	: 36 bits physical, 48 bits virtual
power management:

processor	: 5
vendor_id	: GenuineIntel
cpu family	: 6
model		: 58
model name	: Intel(R) Core(TM) i7-3770K CPU @ 3.50GHz
stepping	: 9
microcode	: 0x15
cpu MHz		: 3299.843
cache size	: 8192 KB
physical id	: 0
siblings	: 8
core id		: 1
cpu cores	: 4
apicid		: 3
initial apicid	: 3
fpu		: yes
fpu_exception	: yes
cpuid level	: 13
wp		: yes
flags		: fpu vme de pse tsc msr pae mce cx8 apic sep mtrr pge mca cmov pat pse36 clflush dts acpi mmx fxsr sse sse2 ss ht tm pbe syscall nx rdtscp lm constant_tsc arch_perfmon pebs bts rep_good nopl xtopology nonstop_tsc aperfmperf eagerfpu pni pclmulqdq dtes64 monitor ds_cpl vmx est tm2 ssse3 cx16 xtpr pdcm pcid sse4_1 sse4_2 popcnt tsc_deadline_timer aes xsave avx f16c rdrand lahf_lm epb tpr_shadow vnmi flexpriority ept vpid fsgsbase smep erms xsaveopt dtherm ida arat pln pts
bugs		:
bogomips	: 6984.29
clflush size	: 64
cache_alignment	: 64
address sizes	: 36 bits physical, 48 bits virtual
power management:

processor	: 6
vendor_id	: GenuineIntel
cpu family	: 6
model		: 58
model name	: Intel(R) Core(TM) i7-3770K CPU @ 3.50GHz
stepping	: 9
microcode	: 0x15
cpu MHz		: 3388.437
cache size	: 8192 KB
physical id	: 0
siblings	: 8
core id		: 2
cpu cores	: 4
apicid		: 5
initial apicid	: 5
fpu		: yes
fpu_exception	: yes
cpuid level	: 13
wp		: yes
flags		: fpu vme de pse tsc msr pae mce cx8 apic sep mtrr pge mca cmov pat pse36 clflush dts acpi mmx fxsr sse sse2 ss ht tm pbe syscall nx rdtscp lm constant_tsc arch_perfmon pebs bts rep_good nopl xtopology nonstop_tsc aperfmperf eagerfpu pni pclmulqdq dtes64 monitor ds_cpl vmx est tm2 ssse3 cx16 xtpr pdcm pcid sse4_1 sse4_2 popcnt tsc_deadline_timer aes xsave avx f16c rdrand lahf_lm epb tpr_shadow vnmi flexpriority ept vpid fsgsbase smep erms xsaveopt dtherm ida arat pln pts
bugs		:
bogomips	: 6984.29
clflush size	: 64
cache_alignment	: 64
address sizes	: 36 bits physical, 48 bits virtual
power management:

processor	: 7
vendor_id	: GenuineIntel
cpu family	: 6
model		: 58
model name	: Intel(R) Core(TM) i7-3770K CPU @ 3.50GHz
stepping	: 9
microcode	: 0x15
cpu MHz		: 3396.914
cache size	: 8192 KB
physical id	: 0
siblings	: 8
core id		: 3
cpu cores	: 4
apicid		: 7
initial apicid	: 7
fpu		: yes
fpu_exception	: yes
cpuid level	: 13
wp		: yes
flags		: fpu vme de pse tsc msr pae mce cx8 apic sep mtrr pge mca cmov pat pse36 clflush dts acpi mmx fxsr sse sse2 ss ht tm pbe syscall nx rdtscp lm constant_tsc arch_perfmon pebs bts rep_good nopl xtopology nonstop_tsc aperfmperf eagerfpu pni pclmulqdq dtes64 monitor ds_cpl vmx est tm2 ssse3 cx16 xtpr pdcm pcid sse4_1 sse4_2 popcnt tsc_deadline_timer aes xsave avx f16c rdrand lahf_lm epb tpr_shadow vnmi flexpriority ept vpid fsgsbase smep erms xsaveopt dtherm ida arat pln pts
bugs		:
bogomips	: 6984.29
clflush size	: 64
cache_alignment	: 64
address sizes	: 36 bits physical, 48 bits virtual
power management:



Memory: 4k page, physical 8129944k(3128892k free), swap 16605180k(16605180k free)

vm_info: Java HotSpot(TM) 64-Bit Server VM (25.101-b13) for linux-amd64 JRE (1.8.0_101-b13), built on Jun 22 2016 02:59:44 by "java_re" with gcc 4.3.0 20080428 (Red Hat 4.3.0-8)

time: Sat Nov 12 19:23:55 2016
elapsed time: 319 seconds (0d 0h 5m 19s)

