#
# A fatal error has been detected by the Java Runtime Environment:
#
#  SIGSEGV (0xb) at pc=0x00007f0b3c18fd80, pid=22070, tid=0x00007f0b0e9e7700
#
# JRE version: Java(TM) SE Runtime Environment (8.0_101-b13) (build 1.8.0_101-b13)
# Java VM: Java HotSpot(TM) 64-Bit Server VM (25.101-b13 mixed mode linux-amd64 compressed oops)
# Problematic frame:
# V  [libjvm.so+0x8acd80]  Method::checked_resolve_jmethod_id(_jmethodID*)+0x20
#
# Failed to write core dump. Core dumps have been disabled. To enable core dumping, try "ulimit -c unlimited" before starting Java again
#
# If you would like to submit a bug report, please visit:
#   http://bugreport.java.com/bugreport/crash.jsp
#

---------------  T H R E A D  ---------------

Current thread (0x00007f0b340ce000):  JavaThread "JDWP Transport Listener: dt_socket" daemon [_thread_in_vm, id=22090, stack(0x00007f0b0e8e7000,0x00007f0b0e9e8000)]

siginfo: si_signo: 11 (SIGSEGV), si_code: 1 (SEGV_MAPERR), si_addr: 0x0000000000000060

Registers:
RAX=0x0000000000000001, RBX=0x00007f0b340034a0, RCX=0x00007f0b3d2cc2c0, RDX=0x00007f0b3c8a4e80
RSP=0x00007f0b0e9e6950, RBP=0x00007f0b0e9e6960, RSI=0x00007f0b340ce000, RDI=0x0000000000000060
R8 =0x00007f0ae0007820, R9 =0x0000000000000000, R10=0x00007f0ae0007810, R11=0x00007f0b3ca66790
R12=0x0000000000000017, R13=0x0000000000000060, R14=0x00007f0b340ce000, R15=0x00007f0b0e9e6a67
RIP=0x00007f0b3c18fd80, EFLAGS=0x0000000000010206, CSGSFS=0x0000000000000033, ERR=0x0000000000000004
  TRAPNO=0x000000000000000e

Top of Stack: (sp=0x00007f0b0e9e6950)
0x00007f0b0e9e6950:   0000000000000074 00007f0b340034a0
0x00007f0b0e9e6960:   00007f0b0e9e69d0 00007f0b3c01cefe
0x00007f0b0e9e6970:   00007f0b0e9e6990 00007f0b0e9e6980
0x00007f0b0e9e6980:   00007f0b340ce000 0000000000000000
0x00007f0b0e9e6990:   00007f0b00000000 0000000000000000
0x00007f0b0e9e69a0:   00007f0b0e9e69c0 00007f0b3af96e40
0x00007f0b0e9e69b0:   0000000000000060 00007f0b0e9e6a67
0x00007f0b0e9e69c0:   000000000000000a 00007f0b0e9e6a67
0x00007f0b0e9e69d0:   00007f0b0e9e6a00 00007f0b3ad828c2
0x00007f0b0e9e69e0:   00007f0b0e9e6a00 0000000000000060
0x00007f0b0e9e69f0:   00007f0b0e9e6ad0 0000000000000050
0x00007f0b0e9e6a00:   00007f0b0e9e6a90 00007f0b3ad63aa0
0x00007f0b0e9e6a10:   00007f0b0e9e6a48 00007f0b0e9e6a40
0x00007f0b0e9e6a20:   00007f0b0e9e6a38 00007f0b0e9e6a5c
0x00007f0b0e9e6a30:   00000001e0002fc0 0000000000000000
0x00007f0b0e9e6a40:   0000000000000000 0000000000000000
0x00007f0b0e9e6a50:   00007f0ae0009840 f00010080e9e6ad0
0x00007f0b0e9e6a60:   010000000000000b 0000000000000002
0x00007f0b0e9e6a70:   000000000000000f 0000000000000002
0x00007f0b0e9e6a80:   00000000000f0200 000000000000000f
0x00007f0b0e9e6a90:   00007f0b0e9e6ce0 00007f0b3ad6e9c6
0x00007f0b0e9e6aa0:   000a704100000013 00007f0b3c0f0200
0x00007f0b0e9e6ab0:   00007f0ad8000fb0 0000000000000000
0x00007f0b0e9e6ac0:   00007f0b0e9e6ad0 00007f0b0e9e6c60
0x00007f0b0e9e6ad0:   00007f0ae000b0a4 00007f0b000000e4
0x00007f0b0e9e6ae0:   00007f0ae00040c0 000000000000012c
0x00007f0b0e9e6af0:   00007f0b0e9e6b20 00007f0ae00040c0
0x00007f0b0e9e6b00:   00007f0000000000 000a70410000001c
0x00007f0b0e9e6b10:   00007f0b00006c80 00007f0b0e9e6b20
0x00007f0b0e9e6b20:   0a7f00000b000000 04000000685900e0
0x00007f0b0e9e6b30:   160000006e69616d 2f6176616a4c5b28
0x00007f0b0e9e6b40:   7274532f676e616c 000056293b676e69 

Instructions: (pc=0x00007f0b3c18fd80)
0x00007f0b3c18fd60:   55 48 89 e5 53 48 83 ec 08 48 85 ff 75 12 31 db
0x00007f0b3c18fd70:   48 89 d8 48 83 c4 08 5b c9 c3 66 0f 1f 44 00 00
0x00007f0b3c18fd80:   48 8b 1f 48 85 db 74 e6 48 83 fb 37 74 e0 48 8b
0x00007f0b3c18fd90:   03 48 89 df ff 50 10 84 c0 0f 1f 80 00 00 00 00 

Register to memory mapping:

RAX=0x0000000000000001 is an unknown value
RBX=0x00007f0b340034a0 is an unknown value
RCX=0x00007f0b3d2cc2c0: <offset 0x2182c0> in /lib/x86_64-linux-gnu/libpthread.so.0 at 0x00007f0b3d0b4000
RDX=0x00007f0b3c8a4e80: <offset 0xfc1e80> in /usr/lib/jvm/java-8-oracle/jre/lib/amd64/server/libjvm.so at 0x00007f0b3b8e3000
RSP=0x00007f0b0e9e6950 is pointing into the stack for thread: 0x00007f0b340ce000
RBP=0x00007f0b0e9e6960 is pointing into the stack for thread: 0x00007f0b340ce000
RSI=0x00007f0b340ce000 is a thread
RDI=0x0000000000000060 is an unknown value
R8 =0x00007f0ae0007820 is an unknown value
R9 =0x0000000000000000 is an unknown value
R10=0x00007f0ae0007810 is an unknown value
R11=0x00007f0b3ca66790: <offset 0x195790> in /lib/x86_64-linux-gnu/libc.so.6 at 0x00007f0b3c8d1000
R12=0x0000000000000017 is an unknown value
R13=0x0000000000000060 is an unknown value
R14=0x00007f0b340ce000 is a thread
R15=0x00007f0b0e9e6a67 is pointing into the stack for thread: 0x00007f0b340ce000


Stack: [0x00007f0b0e8e7000,0x00007f0b0e9e8000],  sp=0x00007f0b0e9e6950,  free space=1022k
Native frames: (J=compiled Java code, j=interpreted, Vv=VM code, C=native code)
V  [libjvm.so+0x8acd80]  Method::checked_resolve_jmethod_id(_jmethodID*)+0x20
V  [libjvm.so+0x739efe]  jvmti_IsMethodSynthetic+0x2be
C  [libjdwp.so+0x258c2]  isMethodSynthetic+0x42
C  [libjdwp.so+0x6aa0]  methods1+0x1b0
C  [libjdwp.so+0x119c6]  debugLoop_run+0x2b6
C  [libjdwp.so+0x247ff]  attachThread+0x2f
V  [libjvm.so+0x7a63e2]  JvmtiAgentThread::call_start_function()+0xc2
V  [libjvm.so+0xa7343f]  JavaThread::thread_main_inner()+0xdf
V  [libjvm.so+0xa7356c]  JavaThread::run()+0x11c
V  [libjvm.so+0x924698]  java_start(Thread*)+0x108
C  [libpthread.so.0+0x770a]  start_thread+0xca


---------------  P R O C E S S  ---------------

Java Threads: ( => current thread )
  0x00007f0b340ee000 JavaThread "Service Thread" daemon [_thread_blocked, id=22102, stack(0x00007f0b0e1e0000,0x00007f0b0e2e1000)]
  0x00007f0b340da800 JavaThread "C1 CompilerThread3" daemon [_thread_blocked, id=22101, stack(0x00007f0b0e2e1000,0x00007f0b0e3e2000)]
  0x00007f0b340d8000 JavaThread "C2 CompilerThread2" daemon [_thread_blocked, id=22100, stack(0x00007f0b0e3e2000,0x00007f0b0e4e3000)]
  0x00007f0b340d6800 JavaThread "C2 CompilerThread1" daemon [_thread_blocked, id=22099, stack(0x00007f0b0e4e3000,0x00007f0b0e5e4000)]
  0x00007f0b340d3800 JavaThread "C2 CompilerThread0" daemon [_thread_blocked, id=22098, stack(0x00007f0b0e5e4000,0x00007f0b0e6e5000)]
  0x00007f0ae0001000 JavaThread "JDWP Command Reader" daemon [_thread_in_native, id=22094, stack(0x00007f0b0e6e5000,0x00007f0b0e7e6000)]
  0x00007f0b340d1800 JavaThread "JDWP Event Helper Thread" daemon [_thread_blocked, id=22093, stack(0x00007f0b0e7e6000,0x00007f0b0e8e7000)]
=>0x00007f0b340ce000 JavaThread "JDWP Transport Listener: dt_socket" daemon [_thread_in_vm, id=22090, stack(0x00007f0b0e8e7000,0x00007f0b0e9e8000)]
  0x00007f0b340c1800 JavaThread "Signal Dispatcher" daemon [_thread_blocked, id=22088, stack(0x00007f0b0ebec000,0x00007f0b0eced000)]
  0x00007f0b3408f000 JavaThread "Finalizer" daemon [_thread_blocked, id=22087, stack(0x00007f0b0eced000,0x00007f0b0edee000)]
  0x00007f0b3408a800 JavaThread "Reference Handler" daemon [_thread_blocked, id=22086, stack(0x00007f0b0edee000,0x00007f0b0eeef000)]
  0x00007f0b3400d000 JavaThread "main" [_thread_blocked, id=22072, stack(0x00007f0b3d3c4000,0x00007f0b3d4c5000)]

Other Threads:
  0x00007f0b34083000 VMThread [stack: 0x00007f0b0eeef000,0x00007f0b0eff0000] [id=22085]
  0x00007f0b340f1000 WatcherThread [stack: 0x00007f0b0e0df000,0x00007f0b0e1e0000] [id=22103]

VM state:not at safepoint (normal execution)

VM Mutex/Monitor currently owned by a thread: None

Heap:
 PSYoungGen      total 668160K, used 371828K [0x00000000d6a00000, 0x0000000100000000, 0x0000000100000000)
  eden space 658432K, 56% used [0x00000000d6a00000,0x00000000ed4dd368,0x00000000fed00000)
  from space 9728K, 2% used [0x00000000fed00000,0x00000000fed40000,0x00000000ff680000)
  to   space 9728K, 0% used [0x00000000ff680000,0x00000000ff680000,0x0000000100000000)
 ParOldGen       total 86016K, used 11904K [0x0000000083e00000, 0x0000000089200000, 0x00000000d6a00000)
  object space 86016K, 13% used [0x0000000083e00000,0x00000000849a00e0,0x0000000089200000)
 Metaspace       used 5297K, capacity 5494K, committed 5632K, reserved 1056768K
  class space    used 590K, capacity 651K, committed 768K, reserved 1048576K

Card table byte_map: [0x00007f0b39507000,0x00007f0b398e9000] byte_map_base: 0x00007f0b390e8000

Marking Bits: (ParMarkBitMap*) 0x00007f0b3c8a4120
 Begin Bits: [0x00007f0b1c1f0000, 0x00007f0b1e0f8000)
 End Bits:   [0x00007f0b1e0f8000, 0x00007f0b20000000)

Polling page: 0x00007f0b3d4f3000

CodeCache: size=245760Kb used=2950Kb max_used=3356Kb free=242809Kb
 bounds [0x00007f0b25000000, 0x00007f0b25350000, 0x00007f0b34000000]
 total_blobs=895 nmethods=651 adapters=166
 compilation: enabled

Compilation events (10 events):
Event: 382,052 Thread 0x00007f0b340da800  823       3       java.lang.String::regionMatches (149 bytes)
Event: 382,053 Thread 0x00007f0b340d8000  824 %     4       sun.nio.cs.UTF_8$Encoder::encode @ 20 (359 bytes)
Event: 382,053 Thread 0x00007f0b340da800 nmethod 823 0x00007f0b251e4fd0 code [0x00007f0b251e5240, 0x00007f0b251e5f38]
Event: 382,054 Thread 0x00007f0b340da800  825       3       sun.reflect.AccessorGenerator::add (5 bytes)
Event: 382,054 Thread 0x00007f0b340da800 nmethod 825 0x00007f0b2525b310 code [0x00007f0b2525b460, 0x00007f0b2525b5b0]
Event: 382,054 Thread 0x00007f0b340d6800  826       4       sun.reflect.ClassFileAssembler::emitShort (24 bytes)
Event: 382,054 Thread 0x00007f0b340da800  827  s    3       java.util.Vector::addElement (38 bytes)
Event: 382,054 Thread 0x00007f0b340da800 nmethod 827 0x00007f0b251e4710 code [0x00007f0b251e48a0, 0x00007f0b251e4dc8]
Event: 382,057 Thread 0x00007f0b340d6800 nmethod 826 0x00007f0b251ca750 code [0x00007f0b251ca900, 0x00007f0b251cadd8]
Event: 382,058 Thread 0x00007f0b340d8000 nmethod 824% 0x00007f0b251c9e50 code [0x00007f0b251c9fc0, 0x00007f0b251ca4d8]

GC Heap History (10 events):
Event: 306,943 GC heap before
{Heap before GC invocations=9 (full 0):
 PSYoungGen      total 271360K, used 265513K [0x00000000d6a00000, 0x00000000e7c00000, 0x0000000100000000)
  eden space 262144K, 100% used [0x00000000d6a00000,0x00000000e6a00000,0x00000000e6a00000)
  from space 9216K, 36% used [0x00000000e7300000,0x00000000e764a418,0x00000000e7c00000)
  to   space 9216K, 0% used [0x00000000e6a00000,0x00000000e6a00000,0x00000000e7300000)
 ParOldGen       total 86016K, used 9940K [0x0000000083e00000, 0x0000000089200000, 0x00000000d6a00000)
  object space 86016K, 11% used [0x0000000083e00000,0x00000000847b50d0,0x0000000089200000)
 Metaspace       used 5134K, capacity 5388K, committed 5632K, reserved 1056768K
  class space    used 583K, capacity 644K, committed 768K, reserved 1048576K
Event: 306,946 GC heap after
Heap after GC invocations=9 (full 0):
 PSYoungGen      total 271360K, used 2008K [0x00000000d6a00000, 0x00000000f1600000, 0x0000000100000000)
  eden space 262144K, 0% used [0x00000000d6a00000,0x00000000d6a00000,0x00000000e6a00000)
  from space 9216K, 21% used [0x00000000e6a00000,0x00000000e6bf6380,0x00000000e7300000)
  to   space 9216K, 0% used [0x00000000f0d00000,0x00000000f0d00000,0x00000000f1600000)
 ParOldGen       total 86016K, used 11320K [0x0000000083e00000, 0x0000000089200000, 0x00000000d6a00000)
  object space 86016K, 13% used [0x0000000083e00000,0x000000008490e0e0,0x0000000089200000)
 Metaspace       used 5134K, capacity 5388K, committed 5632K, reserved 1056768K
  class space    used 583K, capacity 644K, committed 768K, reserved 1048576K
}
Event: 307,023 GC heap before
{Heap before GC invocations=10 (full 0):
 PSYoungGen      total 271360K, used 264152K [0x00000000d6a00000, 0x00000000f1600000, 0x0000000100000000)
  eden space 262144K, 100% used [0x00000000d6a00000,0x00000000e6a00000,0x00000000e6a00000)
  from space 9216K, 21% used [0x00000000e6a00000,0x00000000e6bf6380,0x00000000e7300000)
  to   space 9216K, 0% used [0x00000000f0d00000,0x00000000f0d00000,0x00000000f1600000)
 ParOldGen       total 86016K, used 11320K [0x0000000083e00000, 0x0000000089200000, 0x00000000d6a00000)
  object space 86016K, 13% used [0x0000000083e00000,0x000000008490e0e0,0x0000000089200000)
 Metaspace       used 5149K, capacity 5400K, committed 5632K, reserved 1056768K
  class space    used 585K, capacity 646K, committed 768K, reserved 1048576K
Event: 307,024 GC heap after
Heap after GC invocations=10 (full 0):
 PSYoungGen      total 428544K, used 736K [0x00000000d6a00000, 0x00000000f1700000, 0x0000000100000000)
  eden space 419328K, 0% used [0x00000000d6a00000,0x00000000d6a00000,0x00000000f0380000)
  from space 9216K, 7% used [0x00000000f0d00000,0x00000000f0db8000,0x00000000f1600000)
  to   space 9728K, 0% used [0x00000000f0380000,0x00000000f0380000,0x00000000f0d00000)
 ParOldGen       total 86016K, used 11800K [0x0000000083e00000, 0x0000000089200000, 0x00000000d6a00000)
  object space 86016K, 13% used [0x0000000083e00000,0x00000000849860e0,0x0000000089200000)
 Metaspace       used 5149K, capacity 5400K, committed 5632K, reserved 1056768K
  class space    used 585K, capacity 646K, committed 768K, reserved 1048576K
}
Event: 307,155 GC heap before
{Heap before GC invocations=11 (full 0):
 PSYoungGen      total 428544K, used 420064K [0x00000000d6a00000, 0x00000000f1700000, 0x0000000100000000)
  eden space 419328K, 100% used [0x00000000d6a00000,0x00000000f0380000,0x00000000f0380000)
  from space 9216K, 7% used [0x00000000f0d00000,0x00000000f0db8000,0x00000000f1600000)
  to   space 9728K, 0% used [0x00000000f0380000,0x00000000f0380000,0x00000000f0d00000)
 ParOldGen       total 86016K, used 11800K [0x0000000083e00000, 0x0000000089200000, 0x00000000d6a00000)
  object space 86016K, 13% used [0x0000000083e00000,0x00000000849860e0,0x0000000089200000)
 Metaspace       used 5184K, capacity 5412K, committed 5632K, reserved 1056768K
  class space    used 586K, capacity 648K, committed 768K, reserved 1048576K
Event: 307,157 GC heap after
Heap after GC invocations=11 (full 0):
 PSYoungGen      total 429056K, used 1475K [0x00000000d6a00000, 0x0000000100000000, 0x0000000100000000)
  eden space 419328K, 0% used [0x00000000d6a00000,0x00000000d6a00000,0x00000000f0380000)
  from space 9728K, 15% used [0x00000000f0380000,0x00000000f04f0d30,0x00000000f0d00000)
  to   space 9728K, 0% used [0x00000000ff680000,0x00000000ff680000,0x0000000100000000)
 ParOldGen       total 86016K, used 11848K [0x0000000083e00000, 0x0000000089200000, 0x00000000d6a00000)
  object space 86016K, 13% used [0x0000000083e00000,0x00000000849920e0,0x0000000089200000)
 Metaspace       used 5184K, capacity 5412K, committed 5632K, reserved 1056768K
  class space    used 586K, capacity 648K, committed 768K, reserved 1048576K
}
Event: 373,060 GC heap before
{Heap before GC invocations=12 (full 0):
 PSYoungGen      total 429056K, used 420803K [0x00000000d6a00000, 0x0000000100000000, 0x0000000100000000)
  eden space 419328K, 100% used [0x00000000d6a00000,0x00000000f0380000,0x00000000f0380000)
  from space 9728K, 15% used [0x00000000f0380000,0x00000000f04f0d30,0x00000000f0d00000)
  to   space 9728K, 0% used [0x00000000ff680000,0x00000000ff680000,0x0000000100000000)
 ParOldGen       total 86016K, used 11848K [0x0000000083e00000, 0x0000000089200000, 0x00000000d6a00000)
  object space 86016K, 13% used [0x0000000083e00000,0x00000000849920e0,0x0000000089200000)
 Metaspace       used 5217K, capacity 5476K, committed 5632K, reserved 1056768K
  class space    used 586K, capacity 648K, committed 768K, reserved 1048576K
Event: 373,063 GC heap after
Heap after GC invocations=12 (full 0):
 PSYoungGen      total 668160K, used 1339K [0x00000000d6a00000, 0x0000000100000000, 0x0000000100000000)
  eden space 658432K, 0% used [0x00000000d6a00000,0x00000000d6a00000,0x00000000fed00000)
  from space 9728K, 13% used [0x00000000ff680000,0x00000000ff7ced98,0x0000000100000000)
  to   space 9728K, 0% used [0x00000000fed00000,0x00000000fed00000,0x00000000ff680000)
 ParOldGen       total 86016K, used 11880K [0x0000000083e00000, 0x0000000089200000, 0x00000000d6a00000)
  object space 86016K, 13% used [0x0000000083e00000,0x000000008499a0e0,0x0000000089200000)
 Metaspace       used 5217K, capacity 5476K, committed 5632K, reserved 1056768K
  class space    used 586K, capacity 648K, committed 768K, reserved 1048576K
}
Event: 381,938 GC heap before
{Heap before GC invocations=13 (full 0):
 PSYoungGen      total 668160K, used 659771K [0x00000000d6a00000, 0x0000000100000000, 0x0000000100000000)
  eden space 658432K, 100% used [0x00000000d6a00000,0x00000000fed00000,0x00000000fed00000)
  from space 9728K, 13% used [0x00000000ff680000,0x00000000ff7ced98,0x0000000100000000)
  to   space 9728K, 0% used [0x00000000fed00000,0x00000000fed00000,0x00000000ff680000)
 ParOldGen       total 86016K, used 11880K [0x0000000083e00000, 0x0000000089200000, 0x00000000d6a00000)
  object space 86016K, 13% used [0x0000000083e00000,0x000000008499a0e0,0x0000000089200000)
 Metaspace       used 5235K, capacity 5476K, committed 5632K, reserved 1056768K
  class space    used 586K, capacity 648K, committed 768K, reserved 1048576K
Event: 381,940 GC heap after
Heap after GC invocations=13 (full 0):
 PSYoungGen      total 668160K, used 256K [0x00000000d6a00000, 0x0000000100000000, 0x0000000100000000)
  eden space 658432K, 0% used [0x00000000d6a00000,0x00000000d6a00000,0x00000000fed00000)
  from space 9728K, 2% used [0x00000000fed00000,0x00000000fed40000,0x00000000ff680000)
  to   space 9728K, 0% used [0x00000000ff680000,0x00000000ff680000,0x0000000100000000)
 ParOldGen       total 86016K, used 11904K [0x0000000083e00000, 0x0000000089200000, 0x00000000d6a00000)
  object space 86016K, 13% used [0x0000000083e00000,0x00000000849a00e0,0x0000000089200000)
 Metaspace       used 5235K, capacity 5476K, committed 5632K, reserved 1056768K
  class space    used 586K, capacity 648K, committed 768K, reserved 1048576K
}

Deoptimization events (10 events):
Event: 382,049 Thread 0x00007f0b3400d000 Uncommon trap: reason=unhandled action=none pc=0x00007f0b25211f60 method=java.util.ArrayList.rangeCheck(I)V @ 20
Event: 382,049 Thread 0x00007f0b3400d000 Uncommon trap: reason=unhandled action=none pc=0x00007f0b25211f60 method=java.util.ArrayList.rangeCheck(I)V @ 20
Event: 382,049 Thread 0x00007f0b3400d000 Uncommon trap: reason=unhandled action=none pc=0x00007f0b25211f60 method=java.util.ArrayList.rangeCheck(I)V @ 20
Event: 382,049 Thread 0x00007f0b3400d000 Uncommon trap: reason=unhandled action=none pc=0x00007f0b25211f60 method=java.util.ArrayList.rangeCheck(I)V @ 20
Event: 382,049 Thread 0x00007f0b3400d000 Uncommon trap: reason=unhandled action=none pc=0x00007f0b25211f60 method=java.util.ArrayList.rangeCheck(I)V @ 20
Event: 382,055 Thread 0x00007f0b3400d000 Uncommon trap: reason=unhandled action=none pc=0x00007f0b25211f60 method=java.util.ArrayList.rangeCheck(I)V @ 20
Event: 382,055 Thread 0x00007f0b3400d000 Uncommon trap: reason=unhandled action=none pc=0x00007f0b25211f60 method=java.util.ArrayList.rangeCheck(I)V @ 20
Event: 382,056 Thread 0x00007f0b3400d000 Uncommon trap: reason=unhandled action=none pc=0x00007f0b25211f60 method=java.util.ArrayList.rangeCheck(I)V @ 20
Event: 382,056 Thread 0x00007f0b3400d000 Uncommon trap: reason=unhandled action=none pc=0x00007f0b25211f60 method=java.util.ArrayList.rangeCheck(I)V @ 20
Event: 382,056 Thread 0x00007f0b3400d000 Uncommon trap: reason=unhandled action=none pc=0x00007f0b25211f60 method=java.util.ArrayList.rangeCheck(I)V @ 20

Internal exceptions (10 events):
Event: 0,042 Thread 0x00007f0b3400d000 Exception <a 'java/lang/NoSuchMethodError': Method sun.misc.Unsafe.prefetchRead(Ljava/lang/Object;J)V name or signature does not match> (0x00000000d6a07fa8) thrown at [/HUDSON3/workspace/8-2-build-linux-amd64/jdk8u101/7261/hotspot/src/share/vm/prims/jni.c
Event: 0,178 Thread 0x00007f0b3400d000 Exception <a 'java/security/PrivilegedActionException'> (0x00000000d6c7d8e0) thrown at [/HUDSON3/workspace/8-2-build-linux-amd64/jdk8u101/7261/hotspot/src/share/vm/prims/jvm.cpp, line 1386]
Event: 0,179 Thread 0x00007f0b3400d000 Exception <a 'java/security/PrivilegedActionException'> (0x00000000d6c7daf0) thrown at [/HUDSON3/workspace/8-2-build-linux-amd64/jdk8u101/7261/hotspot/src/share/vm/prims/jvm.cpp, line 1386]
Event: 0,179 Thread 0x00007f0b3400d000 Exception <a 'java/security/PrivilegedActionException'> (0x00000000d6c7ff30) thrown at [/HUDSON3/workspace/8-2-build-linux-amd64/jdk8u101/7261/hotspot/src/share/vm/prims/jvm.cpp, line 1386]
Event: 0,180 Thread 0x00007f0b3400d000 Exception <a 'java/security/PrivilegedActionException'> (0x00000000d6c80140) thrown at [/HUDSON3/workspace/8-2-build-linux-amd64/jdk8u101/7261/hotspot/src/share/vm/prims/jvm.cpp, line 1386]
Event: 0,389 Thread 0x00007f0b3400d000 Implicit null exception at 0x00007f0b251ded4d to 0x00007f0b251e09e9
Event: 0,389 Thread 0x00007f0b3400d000 Implicit null exception at 0x00007f0b251bf032 to 0x00007f0b251bf509
Event: 0,389 Thread 0x00007f0b3400d000 Implicit null exception at 0x00007f0b25213b10 to 0x00007f0b25213d41
Event: 0,390 Thread 0x00007f0b3400d000 Implicit null exception at 0x00007f0b251fbbf0 to 0x00007f0b251fbd22
Event: 268,389 Thread 0x00007f0b3400d000 Implicit null exception at 0x00007f0b2531c1e2 to 0x00007f0b2531c97b

Events (10 events):
Event: 585,883 Executing VM operation: GetCurrentLocation
Event: 585,883 Executing VM operation: GetCurrentLocation done
Event: 585,883 Executing VM operation: EnterInterpOnlyMode
Event: 585,883 Executing VM operation: EnterInterpOnlyMode done
Event: 585,883 Executing VM operation: ChangeSingleStep
Event: 585,883 Executing VM operation: ChangeSingleStep done
Event: 585,883 Executing VM operation: ChangeSingleStep
Event: 585,883 Executing VM operation: ChangeSingleStep done
Event: 585,886 Executing VM operation: RedefineClasses
Event: 585,889 Executing VM operation: RedefineClasses done


Dynamic libraries:
00400000-00401000 r-xp 00000000 08:02 4072954                            /usr/lib/jvm/java-8-oracle/bin/java
00600000-00601000 rw-p 00000000 08:02 4072954                            /usr/lib/jvm/java-8-oracle/bin/java
01bb3000-01bd4000 rw-p 00000000 00:00 0                                  [heap]
83e00000-89200000 rw-p 00000000 00:00 0 
89200000-d6a00000 ---p 00000000 00:00 0 
d6a00000-100000000 rw-p 00000000 00:00 0 
100000000-1000c0000 rw-p 00000000 00:00 0 
1000c0000-140000000 ---p 00000000 00:00 0 
7f0ac0000000-7f0ac0021000 rw-p 00000000 00:00 0 
7f0ac0021000-7f0ac4000000 ---p 00000000 00:00 0 
7f0ac8000000-7f0ac83f6000 rw-p 00000000 00:00 0 
7f0ac83f6000-7f0acc000000 ---p 00000000 00:00 0 
7f0acc000000-7f0acc021000 rw-p 00000000 00:00 0 
7f0acc021000-7f0ad0000000 ---p 00000000 00:00 0 
7f0ad0000000-7f0ad078a000 rw-p 00000000 00:00 0 
7f0ad078a000-7f0ad4000000 ---p 00000000 00:00 0 
7f0ad4000000-7f0ad4583000 rw-p 00000000 00:00 0 
7f0ad4583000-7f0ad8000000 ---p 00000000 00:00 0 
7f0ad8000000-7f0ad8021000 rw-p 00000000 00:00 0 
7f0ad8021000-7f0adc000000 ---p 00000000 00:00 0 
7f0adc000000-7f0adc7bc000 rw-p 00000000 00:00 0 
7f0adc7bc000-7f0ae0000000 ---p 00000000 00:00 0 
7f0ae0000000-7f0ae02ad000 rw-p 00000000 00:00 0 
7f0ae02ad000-7f0ae4000000 ---p 00000000 00:00 0 
7f0ae4000000-7f0ae4021000 rw-p 00000000 00:00 0 
7f0ae4021000-7f0ae8000000 ---p 00000000 00:00 0 
7f0ae8000000-7f0ae8021000 rw-p 00000000 00:00 0 
7f0ae8021000-7f0aec000000 ---p 00000000 00:00 0 
7f0aec000000-7f0aec021000 rw-p 00000000 00:00 0 
7f0aec021000-7f0af0000000 ---p 00000000 00:00 0 
7f0af0000000-7f0af0021000 rw-p 00000000 00:00 0 
7f0af0021000-7f0af4000000 ---p 00000000 00:00 0 
7f0af4000000-7f0af4021000 rw-p 00000000 00:00 0 
7f0af4021000-7f0af8000000 ---p 00000000 00:00 0 
7f0af8000000-7f0af8021000 rw-p 00000000 00:00 0 
7f0af8021000-7f0afc000000 ---p 00000000 00:00 0 
7f0b00000000-7f0b00021000 rw-p 00000000 00:00 0 
7f0b00021000-7f0b04000000 ---p 00000000 00:00 0 
7f0b04000000-7f0b04021000 rw-p 00000000 00:00 0 
7f0b04021000-7f0b08000000 ---p 00000000 00:00 0 
7f0b08000000-7f0b08021000 rw-p 00000000 00:00 0 
7f0b08021000-7f0b0c000000 ---p 00000000 00:00 0 
7f0b0e0df000-7f0b0e0e0000 ---p 00000000 00:00 0 
7f0b0e0e0000-7f0b0e1e0000 rw-p 00000000 00:00 0 
7f0b0e1e0000-7f0b0e1e3000 ---p 00000000 00:00 0 
7f0b0e1e3000-7f0b0e2e1000 rw-p 00000000 00:00 0 
7f0b0e2e1000-7f0b0e2e4000 ---p 00000000 00:00 0 
7f0b0e2e4000-7f0b0e3e2000 rw-p 00000000 00:00 0 
7f0b0e3e2000-7f0b0e3e5000 ---p 00000000 00:00 0 
7f0b0e3e5000-7f0b0e4e3000 rw-p 00000000 00:00 0 
7f0b0e4e3000-7f0b0e4e6000 ---p 00000000 00:00 0 
7f0b0e4e6000-7f0b0e5e4000 rw-p 00000000 00:00 0 
7f0b0e5e4000-7f0b0e5e7000 ---p 00000000 00:00 0 
7f0b0e5e7000-7f0b0e6e5000 rw-p 00000000 00:00 0 
7f0b0e6e5000-7f0b0e6e8000 ---p 00000000 00:00 0 
7f0b0e6e8000-7f0b0e7e6000 rw-p 00000000 00:00 0 
7f0b0e7e6000-7f0b0e7e9000 ---p 00000000 00:00 0 
7f0b0e7e9000-7f0b0e8e7000 rw-p 00000000 00:00 0 
7f0b0e8e7000-7f0b0e8ea000 ---p 00000000 00:00 0 
7f0b0e8ea000-7f0b0e9e8000 rw-p 00000000 00:00 0 
7f0b0e9e8000-7f0b0e9ec000 r-xp 00000000 08:02 4205425                    /usr/lib/jvm/java-8-oracle/jre/lib/amd64/libdt_socket.so
7f0b0e9ec000-7f0b0ebeb000 ---p 00004000 08:02 4205425                    /usr/lib/jvm/java-8-oracle/jre/lib/amd64/libdt_socket.so
7f0b0ebeb000-7f0b0ebec000 rw-p 00003000 08:02 4205425                    /usr/lib/jvm/java-8-oracle/jre/lib/amd64/libdt_socket.so
7f0b0ebec000-7f0b0ebef000 ---p 00000000 00:00 0 
7f0b0ebef000-7f0b0eced000 rw-p 00000000 00:00 0 
7f0b0eced000-7f0b0ecf0000 ---p 00000000 00:00 0 
7f0b0ecf0000-7f0b0edee000 rw-p 00000000 00:00 0 
7f0b0edee000-7f0b0edf1000 ---p 00000000 00:00 0 
7f0b0edf1000-7f0b0eeef000 rw-p 00000000 00:00 0 
7f0b0eeef000-7f0b0eef0000 ---p 00000000 00:00 0 
7f0b0eef0000-7f0b10000000 rw-p 00000000 00:00 0 
7f0b10000000-7f0b10021000 rw-p 00000000 00:00 0 
7f0b10021000-7f0b14000000 ---p 00000000 00:00 0 
7f0b14000000-7f0b14021000 rw-p 00000000 00:00 0 
7f0b14021000-7f0b18000000 ---p 00000000 00:00 0 
7f0b18000000-7f0b18021000 rw-p 00000000 00:00 0 
7f0b18021000-7f0b1c000000 ---p 00000000 00:00 0 
7f0b1c0ef000-7f0b20000000 rw-p 00000000 00:00 0 
7f0b20000000-7f0b20021000 rw-p 00000000 00:00 0 
7f0b20021000-7f0b24000000 ---p 00000000 00:00 0 
7f0b240e6000-7f0b240f9000 r--s 00345000 08:02 4077060                    /usr/lib/jvm/java-8-oracle/jre/lib/resources.jar
7f0b240f9000-7f0b24cc0000 rw-p 00000000 00:00 0 
7f0b24cc0000-7f0b25000000 ---p 00000000 00:00 0 
7f0b25000000-7f0b25350000 rwxp 00000000 00:00 0 
7f0b25350000-7f0b34000000 ---p 00000000 00:00 0 
7f0b34000000-7f0b343ca000 rw-p 00000000 00:00 0 
7f0b343ca000-7f0b38000000 ---p 00000000 00:00 0 
7f0b38000000-7f0b38439000 rw-p 00000000 00:00 0 
7f0b38439000-7f0b38612000 r--s 03d29000 08:02 4077049                    /usr/lib/jvm/java-8-oracle/jre/lib/rt.jar
7f0b38612000-7f0b38a69000 rw-p 00000000 00:00 0 
7f0b38a69000-7f0b38a6a000 ---p 00000000 00:00 0 
7f0b38a6a000-7f0b38b6a000 rw-p 00000000 00:00 0 
7f0b38b6a000-7f0b38b6b000 ---p 00000000 00:00 0 
7f0b38b6b000-7f0b38c6b000 rw-p 00000000 00:00 0 
7f0b38c6b000-7f0b38c6c000 ---p 00000000 00:00 0 
7f0b38c6c000-7f0b38d6c000 rw-p 00000000 00:00 0 
7f0b38d6c000-7f0b38d6d000 ---p 00000000 00:00 0 
7f0b38d6d000-7f0b38e6d000 rw-p 00000000 00:00 0 
7f0b38e6d000-7f0b38e6e000 ---p 00000000 00:00 0 
7f0b38e6e000-7f0b38f6e000 rw-p 00000000 00:00 0 
7f0b38f6e000-7f0b38f6f000 ---p 00000000 00:00 0 
7f0b38f6f000-7f0b3906f000 rw-p 00000000 00:00 0 
7f0b3906f000-7f0b39070000 ---p 00000000 00:00 0 
7f0b39070000-7f0b39170000 rw-p 00000000 00:00 0 
7f0b39170000-7f0b39171000 ---p 00000000 00:00 0 
7f0b39171000-7f0b3929b000 rw-p 00000000 00:00 0 
7f0b3929b000-7f0b39507000 ---p 00000000 00:00 0 
7f0b39507000-7f0b39531000 rw-p 00000000 00:00 0 
7f0b39531000-7f0b3979d000 ---p 00000000 00:00 0 
7f0b3979d000-7f0b398e8000 rw-p 00000000 00:00 0 
7f0b398e8000-7f0b398f7000 rw-p 00000000 00:00 0 
7f0b398f7000-7f0b39ca9000 ---p 00000000 00:00 0 
7f0b39ca9000-7f0b39cc3000 r-xp 00000000 08:02 4205653                    /usr/lib/jvm/java-8-oracle/jre/lib/amd64/libzip.so
7f0b39cc3000-7f0b39ec3000 ---p 0001a000 08:02 4205653                    /usr/lib/jvm/java-8-oracle/jre/lib/amd64/libzip.so
7f0b39ec3000-7f0b39ec4000 rw-p 0001a000 08:02 4205653                    /usr/lib/jvm/java-8-oracle/jre/lib/amd64/libzip.so
7f0b39ec4000-7f0b39ecf000 r-xp 00000000 08:02 1966283                    /lib/x86_64-linux-gnu/libnss_files-2.23.so
7f0b39ecf000-7f0b3a0ce000 ---p 0000b000 08:02 1966283                    /lib/x86_64-linux-gnu/libnss_files-2.23.so
7f0b3a0ce000-7f0b3a0cf000 r--p 0000a000 08:02 1966283                    /lib/x86_64-linux-gnu/libnss_files-2.23.so
7f0b3a0cf000-7f0b3a0d0000 rw-p 0000b000 08:02 1966283                    /lib/x86_64-linux-gnu/libnss_files-2.23.so
7f0b3a0d0000-7f0b3a0d6000 rw-p 00000000 00:00 0 
7f0b3a0d6000-7f0b3a0e1000 r-xp 00000000 08:02 1966273                    /lib/x86_64-linux-gnu/libnss_nis-2.23.so
7f0b3a0e1000-7f0b3a2e0000 ---p 0000b000 08:02 1966273                    /lib/x86_64-linux-gnu/libnss_nis-2.23.so
7f0b3a2e0000-7f0b3a2e1000 r--p 0000a000 08:02 1966273                    /lib/x86_64-linux-gnu/libnss_nis-2.23.so
7f0b3a2e1000-7f0b3a2e2000 rw-p 0000b000 08:02 1966273                    /lib/x86_64-linux-gnu/libnss_nis-2.23.so
7f0b3a2e2000-7f0b3a2f8000 r-xp 00000000 08:02 1966268                    /lib/x86_64-linux-gnu/libnsl-2.23.so
7f0b3a2f8000-7f0b3a4f7000 ---p 00016000 08:02 1966268                    /lib/x86_64-linux-gnu/libnsl-2.23.so
7f0b3a4f7000-7f0b3a4f8000 r--p 00015000 08:02 1966268                    /lib/x86_64-linux-gnu/libnsl-2.23.so
7f0b3a4f8000-7f0b3a4f9000 rw-p 00016000 08:02 1966268                    /lib/x86_64-linux-gnu/libnsl-2.23.so
7f0b3a4f9000-7f0b3a4fb000 rw-p 00000000 00:00 0 
7f0b3a4fb000-7f0b3a503000 r-xp 00000000 08:02 1966256                    /lib/x86_64-linux-gnu/libnss_compat-2.23.so
7f0b3a503000-7f0b3a702000 ---p 00008000 08:02 1966256                    /lib/x86_64-linux-gnu/libnss_compat-2.23.so
7f0b3a702000-7f0b3a703000 r--p 00007000 08:02 1966256                    /lib/x86_64-linux-gnu/libnss_compat-2.23.so
7f0b3a703000-7f0b3a704000 rw-p 00008000 08:02 1966256                    /lib/x86_64-linux-gnu/libnss_compat-2.23.so
7f0b3a704000-7f0b3ab5a000 r--p 00000000 08:02 3933485                    /usr/lib/locale/locale-archive
7f0b3ab5a000-7f0b3ab5c000 r-xp 00000000 08:02 4205427                    /usr/lib/jvm/java-8-oracle/jre/lib/amd64/libnpt.so
7f0b3ab5c000-7f0b3ad5c000 ---p 00002000 08:02 4205427                    /usr/lib/jvm/java-8-oracle/jre/lib/amd64/libnpt.so
7f0b3ad5c000-7f0b3ad5d000 rw-p 00002000 08:02 4205427                    /usr/lib/jvm/java-8-oracle/jre/lib/amd64/libnpt.so
7f0b3ad5d000-7f0b3ad96000 r-xp 00000000 08:02 4205424                    /usr/lib/jvm/java-8-oracle/jre/lib/amd64/libjdwp.so
7f0b3ad96000-7f0b3af95000 ---p 00039000 08:02 4205424                    /usr/lib/jvm/java-8-oracle/jre/lib/amd64/libjdwp.so
7f0b3af95000-7f0b3af97000 rw-p 00038000 08:02 4205424                    /usr/lib/jvm/java-8-oracle/jre/lib/amd64/libjdwp.so
7f0b3af97000-7f0b3afc1000 r-xp 00000000 08:02 4205655                    /usr/lib/jvm/java-8-oracle/jre/lib/amd64/libjava.so
7f0b3afc1000-7f0b3b1c1000 ---p 0002a000 08:02 4205655                    /usr/lib/jvm/java-8-oracle/jre/lib/amd64/libjava.so
7f0b3b1c1000-7f0b3b1c3000 rw-p 0002a000 08:02 4205655                    /usr/lib/jvm/java-8-oracle/jre/lib/amd64/libjava.so
7f0b3b1c3000-7f0b3b1d0000 r-xp 00000000 08:02 4205684                    /usr/lib/jvm/java-8-oracle/jre/lib/amd64/libverify.so
7f0b3b1d0000-7f0b3b3d0000 ---p 0000d000 08:02 4205684                    /usr/lib/jvm/java-8-oracle/jre/lib/amd64/libverify.so
7f0b3b3d0000-7f0b3b3d2000 rw-p 0000d000 08:02 4205684                    /usr/lib/jvm/java-8-oracle/jre/lib/amd64/libverify.so
7f0b3b3d2000-7f0b3b3d9000 r-xp 00000000 08:02 1967227                    /lib/x86_64-linux-gnu/librt-2.23.so
7f0b3b3d9000-7f0b3b5d8000 ---p 00007000 08:02 1967227                    /lib/x86_64-linux-gnu/librt-2.23.so
7f0b3b5d8000-7f0b3b5d9000 r--p 00006000 08:02 1967227                    /lib/x86_64-linux-gnu/librt-2.23.so
7f0b3b5d9000-7f0b3b5da000 rw-p 00007000 08:02 1967227                    /lib/x86_64-linux-gnu/librt-2.23.so
7f0b3b5da000-7f0b3b6e2000 r-xp 00000000 08:02 1967221                    /lib/x86_64-linux-gnu/libm-2.23.so
7f0b3b6e2000-7f0b3b8e1000 ---p 00108000 08:02 1967221                    /lib/x86_64-linux-gnu/libm-2.23.so
7f0b3b8e1000-7f0b3b8e2000 r--p 00107000 08:02 1967221                    /lib/x86_64-linux-gnu/libm-2.23.so
7f0b3b8e2000-7f0b3b8e3000 rw-p 00108000 08:02 1967221                    /lib/x86_64-linux-gnu/libm-2.23.so
7f0b3b8e3000-7f0b3c5ae000 r-xp 00000000 08:02 4205679                    /usr/lib/jvm/java-8-oracle/jre/lib/amd64/server/libjvm.so
7f0b3c5ae000-7f0b3c7ad000 ---p 00ccb000 08:02 4205679                    /usr/lib/jvm/java-8-oracle/jre/lib/amd64/server/libjvm.so
7f0b3c7ad000-7f0b3c886000 rw-p 00cca000 08:02 4205679                    /usr/lib/jvm/java-8-oracle/jre/lib/amd64/server/libjvm.so
7f0b3c886000-7f0b3c8d1000 rw-p 00000000 00:00 0 
7f0b3c8d1000-7f0b3ca90000 r-xp 00000000 08:02 1967237                    /lib/x86_64-linux-gnu/libc-2.23.so
7f0b3ca90000-7f0b3cc90000 ---p 001bf000 08:02 1967237                    /lib/x86_64-linux-gnu/libc-2.23.so
7f0b3cc90000-7f0b3cc94000 r--p 001bf000 08:02 1967237                    /lib/x86_64-linux-gnu/libc-2.23.so
7f0b3cc94000-7f0b3cc96000 rw-p 001c3000 08:02 1967237                    /lib/x86_64-linux-gnu/libc-2.23.so
7f0b3cc96000-7f0b3cc9a000 rw-p 00000000 00:00 0 
7f0b3cc9a000-7f0b3cc9d000 r-xp 00000000 08:02 1967239                    /lib/x86_64-linux-gnu/libdl-2.23.so
7f0b3cc9d000-7f0b3ce9c000 ---p 00003000 08:02 1967239                    /lib/x86_64-linux-gnu/libdl-2.23.so
7f0b3ce9c000-7f0b3ce9d000 r--p 00002000 08:02 1967239                    /lib/x86_64-linux-gnu/libdl-2.23.so
7f0b3ce9d000-7f0b3ce9e000 rw-p 00003000 08:02 1967239                    /lib/x86_64-linux-gnu/libdl-2.23.so
7f0b3ce9e000-7f0b3ceb3000 r-xp 00000000 08:02 3941116                    /usr/lib/jvm/java-8-oracle/lib/amd64/jli/libjli.so
7f0b3ceb3000-7f0b3d0b3000 ---p 00015000 08:02 3941116                    /usr/lib/jvm/java-8-oracle/lib/amd64/jli/libjli.so
7f0b3d0b3000-7f0b3d0b4000 rw-p 00015000 08:02 3941116                    /usr/lib/jvm/java-8-oracle/lib/amd64/jli/libjli.so
7f0b3d0b4000-7f0b3d0cc000 r-xp 00000000 08:02 1967235                    /lib/x86_64-linux-gnu/libpthread-2.23.so
7f0b3d0cc000-7f0b3d2cb000 ---p 00018000 08:02 1967235                    /lib/x86_64-linux-gnu/libpthread-2.23.so
7f0b3d2cb000-7f0b3d2cc000 r--p 00017000 08:02 1967235                    /lib/x86_64-linux-gnu/libpthread-2.23.so
7f0b3d2cc000-7f0b3d2cd000 rw-p 00018000 08:02 1967235                    /lib/x86_64-linux-gnu/libpthread-2.23.so
7f0b3d2cd000-7f0b3d2d1000 rw-p 00000000 00:00 0 
7f0b3d2d1000-7f0b3d2f7000 r-xp 00000000 08:02 1967229                    /lib/x86_64-linux-gnu/ld-2.23.so
7f0b3d2f9000-7f0b3d3c4000 rw-p 00000000 00:00 0 
7f0b3d3c4000-7f0b3d3c7000 ---p 00000000 00:00 0 
7f0b3d3c7000-7f0b3d4ea000 rw-p 00000000 00:00 0 
7f0b3d4ea000-7f0b3d4f2000 rw-s 00000000 08:02 3026727                    /tmp/hsperfdata_homac/22070
7f0b3d4f2000-7f0b3d4f3000 rw-p 00000000 00:00 0 
7f0b3d4f3000-7f0b3d4f4000 r--p 00000000 00:00 0 
7f0b3d4f4000-7f0b3d4f6000 rw-p 00000000 00:00 0 
7f0b3d4f6000-7f0b3d4f7000 r--p 00025000 08:02 1967229                    /lib/x86_64-linux-gnu/ld-2.23.so
7f0b3d4f7000-7f0b3d4f8000 rw-p 00026000 08:02 1967229                    /lib/x86_64-linux-gnu/ld-2.23.so
7f0b3d4f8000-7f0b3d4f9000 rw-p 00000000 00:00 0 
7ffe989e2000-7ffe98a03000 rw-p 00000000 00:00 0                          [stack]
7ffe98a5b000-7ffe98a5d000 r--p 00000000 00:00 0                          [vvar]
7ffe98a5d000-7ffe98a5f000 r-xp 00000000 00:00 0                          [vdso]
ffffffffff600000-ffffffffff601000 r-xp 00000000 00:00 0                  [vsyscall]

VM Arguments:
jvm_args: -agentlib:jdwp=transport=dt_socket,suspend=y,address=localhost:41430 -Dfile.encoding=UTF-8 
java_command: org.cakelab.jdoxml.examples.metrics.Main
java_class_path (initial): /home/homac/repos/svn/cakelab.org/playground/org.cakelab.jdoxml/bin
Launcher Type: SUN_STANDARD

Environment Variables:
JAVA_HOME=/usr/lib/jvm/java-8-oracle
PATH=/home/homac/bin:/usr/local/sbin:/usr/local/bin:/usr/sbin:/usr/bin:/sbin:/bin:/usr/games:/usr/local/games:/snap/bin:/usr/lib/jvm/java-8-oracle/bin:/usr/lib/jvm/java-8-oracle/db/bin:/usr/lib/jvm/java-8-oracle/jre/bin
SHELL=/bin/bash
DISPLAY=:0.0

Signal Handlers:
SIGSEGV: [libjvm.so+0xac4790], sa_mask[0]=11111111011111111101111111111110, sa_flags=SA_RESTART|SA_SIGINFO
SIGBUS: [libjvm.so+0xac4790], sa_mask[0]=11111111011111111101111111111110, sa_flags=SA_RESTART|SA_SIGINFO
SIGFPE: [libjvm.so+0x91f140], sa_mask[0]=11111111011111111101111111111110, sa_flags=SA_RESTART|SA_SIGINFO
SIGPIPE: [libjvm.so+0x91f140], sa_mask[0]=11111111011111111101111111111110, sa_flags=SA_RESTART|SA_SIGINFO
SIGXFSZ: [libjvm.so+0x91f140], sa_mask[0]=11111111011111111101111111111110, sa_flags=SA_RESTART|SA_SIGINFO
SIGILL: [libjvm.so+0x91f140], sa_mask[0]=11111111011111111101111111111110, sa_flags=SA_RESTART|SA_SIGINFO
SIGUSR1: SIG_DFL, sa_mask[0]=00000000000000000000000000000000, sa_flags=none
SIGUSR2: [libjvm.so+0x920770], sa_mask[0]=00100000000000000000000000000000, sa_flags=SA_RESTART|SA_SIGINFO
SIGHUP: [libjvm.so+0x921b70], sa_mask[0]=11111111011111111101111111111110, sa_flags=SA_RESTART|SA_SIGINFO
SIGINT: [libjvm.so+0x921b70], sa_mask[0]=11111111011111111101111111111110, sa_flags=SA_RESTART|SA_SIGINFO
SIGTERM: [libjvm.so+0x921b70], sa_mask[0]=11111111011111111101111111111110, sa_flags=SA_RESTART|SA_SIGINFO
SIGQUIT: [libjvm.so+0x921b70], sa_mask[0]=11111111011111111101111111111110, sa_flags=SA_RESTART|SA_SIGINFO


---------------  S Y S T E M  ---------------

OS:DISTRIB_ID=Ubuntu
DISTRIB_RELEASE=16.04
DISTRIB_CODENAME=xenial
DISTRIB_DESCRIPTION="Ubuntu 16.04.1 LTS"

uname:Linux 4.4.0-47-generic #68-Ubuntu SMP Wed Oct 26 19:39:52 UTC 2016 x86_64
libc:glibc 2.23 NPTL 2.23 
rlimit: STACK 8192k, CORE 0k, NPROC 31574, NOFILE 65536, AS infinity
load average:0,33 0,32 0,22

/proc/meminfo:
MemTotal:        8129944 kB
MemFree:         2448052 kB
MemAvailable:    3800904 kB
Buffers:          185156 kB
Cached:          1366668 kB
SwapCached:            0 kB
Active:          4583316 kB
Inactive:         801428 kB
Active(anon):    3834156 kB
Inactive(anon):    39328 kB
Active(file):     749160 kB
Inactive(file):   762100 kB
Unevictable:          32 kB
Mlocked:              32 kB
SwapTotal:      16605180 kB
SwapFree:       16605180 kB
Dirty:                96 kB
Writeback:             0 kB
AnonPages:       3833000 kB
Mapped:           300744 kB
Shmem:             40560 kB
Slab:             161788 kB
SReclaimable:     121948 kB
SUnreclaim:        39840 kB
KernelStack:        9456 kB
PageTables:        37632 kB
NFS_Unstable:          0 kB
Bounce:                0 kB
WritebackTmp:          0 kB
CommitLimit:    20670152 kB
Committed_AS:    6818352 kB
VmallocTotal:   34359738367 kB
VmallocUsed:           0 kB
VmallocChunk:          0 kB
HardwareCorrupted:     0 kB
AnonHugePages:   2793472 kB
CmaTotal:              0 kB
CmaFree:               0 kB
HugePages_Total:       0
HugePages_Free:        0
HugePages_Rsvd:        0
HugePages_Surp:        0
Hugepagesize:       2048 kB
DirectMap4k:      174448 kB
DirectMap2M:     8169472 kB


CPU:total 8 (4 cores per cpu, 2 threads per core) family 6 model 58 stepping 9, cmov, cx8, fxsr, mmx, sse, sse2, sse3, ssse3, sse4.1, sse4.2, popcnt, avx, aes, clmul, erms, ht, tsc, tscinvbit, tscinv

/proc/cpuinfo:
processor	: 0
vendor_id	: GenuineIntel
cpu family	: 6
model		: 58
model name	: Intel(R) Core(TM) i7-3770K CPU @ 3.50GHz
stepping	: 9
microcode	: 0x15
cpu MHz		: 3209.472
cache size	: 8192 KB
physical id	: 0
siblings	: 8
core id		: 0
cpu cores	: 4
apicid		: 0
initial apicid	: 0
fpu		: yes
fpu_exception	: yes
cpuid level	: 13
wp		: yes
flags		: fpu vme de pse tsc msr pae mce cx8 apic sep mtrr pge mca cmov pat pse36 clflush dts acpi mmx fxsr sse sse2 ss ht tm pbe syscall nx rdtscp lm constant_tsc arch_perfmon pebs bts rep_good nopl xtopology nonstop_tsc aperfmperf eagerfpu pni pclmulqdq dtes64 monitor ds_cpl vmx est tm2 ssse3 cx16 xtpr pdcm pcid sse4_1 sse4_2 popcnt tsc_deadline_timer aes xsave avx f16c rdrand lahf_lm epb tpr_shadow vnmi flexpriority ept vpid fsgsbase smep erms xsaveopt dtherm ida arat pln pts
bugs		:
bogomips	: 6984.29
clflush size	: 64
cache_alignment	: 64
address sizes	: 36 bits physical, 48 bits virtual
power management:

processor	: 1
vendor_id	: GenuineIntel
cpu family	: 6
model		: 58
model name	: Intel(R) Core(TM) i7-3770K CPU @ 3.50GHz
stepping	: 9
microcode	: 0x15
cpu MHz		: 3130.175
cache size	: 8192 KB
physical id	: 0
siblings	: 8
core id		: 1
cpu cores	: 4
apicid		: 2
initial apicid	: 2
fpu		: yes
fpu_exception	: yes
cpuid level	: 13
wp		: yes
flags		: fpu vme de pse tsc msr pae mce cx8 apic sep mtrr pge mca cmov pat pse36 clflush dts acpi mmx fxsr sse sse2 ss ht tm pbe syscall nx rdtscp lm constant_tsc arch_perfmon pebs bts rep_good nopl xtopology nonstop_tsc aperfmperf eagerfpu pni pclmulqdq dtes64 monitor ds_cpl vmx est tm2 ssse3 cx16 xtpr pdcm pcid sse4_1 sse4_2 popcnt tsc_deadline_timer aes xsave avx f16c rdrand lahf_lm epb tpr_shadow vnmi flexpriority ept vpid fsgsbase smep erms xsaveopt dtherm ida arat pln pts
bugs		:
bogomips	: 6984.29
clflush size	: 64
cache_alignment	: 64
address sizes	: 36 bits physical, 48 bits virtual
power management:

processor	: 2
vendor_id	: GenuineIntel
cpu family	: 6
model		: 58
model name	: Intel(R) Core(TM) i7-3770K CPU @ 3.50GHz
stepping	: 9
microcode	: 0x15
cpu MHz		: 3270.722
cache size	: 8192 KB
physical id	: 0
siblings	: 8
core id		: 2
cpu cores	: 4
apicid		: 4
initial apicid	: 4
fpu		: yes
fpu_exception	: yes
cpuid level	: 13
wp		: yes
flags		: fpu vme de pse tsc msr pae mce cx8 apic sep mtrr pge mca cmov pat pse36 clflush dts acpi mmx fxsr sse sse2 ss ht tm pbe syscall nx rdtscp lm constant_tsc arch_perfmon pebs bts rep_good nopl xtopology nonstop_tsc aperfmperf eagerfpu pni pclmulqdq dtes64 monitor ds_cpl vmx est tm2 ssse3 cx16 xtpr pdcm pcid sse4_1 sse4_2 popcnt tsc_deadline_timer aes xsave avx f16c rdrand lahf_lm epb tpr_shadow vnmi flexpriority ept vpid fsgsbase smep erms xsaveopt dtherm ida arat pln pts
bugs		:
bogomips	: 6984.29
clflush size	: 64
cache_alignment	: 64
address sizes	: 36 bits physical, 48 bits virtual
power management:

processor	: 3
vendor_id	: GenuineIntel
cpu family	: 6
model		: 58
model name	: Intel(R) Core(TM) i7-3770K CPU @ 3.50GHz
stepping	: 9
microcode	: 0x15
cpu MHz		: 3104.746
cache size	: 8192 KB
physical id	: 0
siblings	: 8
core id		: 3
cpu cores	: 4
apicid		: 6
initial apicid	: 6
fpu		: yes
fpu_exception	: yes
cpuid level	: 13
wp		: yes
flags		: fpu vme de pse tsc msr pae mce cx8 apic sep mtrr pge mca cmov pat pse36 clflush dts acpi mmx fxsr sse sse2 ss ht tm pbe syscall nx rdtscp lm constant_tsc arch_perfmon pebs bts rep_good nopl xtopology nonstop_tsc aperfmperf eagerfpu pni pclmulqdq dtes64 monitor ds_cpl vmx est tm2 ssse3 cx16 xtpr pdcm pcid sse4_1 sse4_2 popcnt tsc_deadline_timer aes xsave avx f16c rdrand lahf_lm epb tpr_shadow vnmi flexpriority ept vpid fsgsbase smep erms xsaveopt dtherm ida arat pln pts
bugs		:
bogomips	: 6984.29
clflush size	: 64
cache_alignment	: 64
address sizes	: 36 bits physical, 48 bits virtual
power management:

processor	: 4
vendor_id	: GenuineIntel
cpu family	: 6
model		: 58
model name	: Intel(R) Core(TM) i7-3770K CPU @ 3.50GHz
stepping	: 9
microcode	: 0x15
cpu MHz		: 2945.195
cache size	: 8192 KB
physical id	: 0
siblings	: 8
core id		: 0
cpu cores	: 4
apicid		: 1
initial apicid	: 1
fpu		: yes
fpu_exception	: yes
cpuid level	: 13
wp		: yes
flags		: fpu vme de pse tsc msr pae mce cx8 apic sep mtrr pge mca cmov pat pse36 clflush dts acpi mmx fxsr sse sse2 ss ht tm pbe syscall nx rdtscp lm constant_tsc arch_perfmon pebs bts rep_good nopl xtopology nonstop_tsc aperfmperf eagerfpu pni pclmulqdq dtes64 monitor ds_cpl vmx est tm2 ssse3 cx16 xtpr pdcm pcid sse4_1 sse4_2 popcnt tsc_deadline_timer aes xsave avx f16c rdrand lahf_lm epb tpr_shadow vnmi flexpriority ept vpid fsgsbase smep erms xsaveopt dtherm ida arat pln pts
bugs		:
bogomips	: 6984.29
clflush size	: 64
cache_alignment	: 64
address sizes	: 36 bits physical, 48 bits virtual
power management:

processor	: 5
vendor_id	: GenuineIntel
cpu family	: 6
model		: 58
model name	: Intel(R) Core(TM) i7-3770K CPU @ 3.50GHz
stepping	: 9
microcode	: 0x15
cpu MHz		: 3343.183
cache size	: 8192 KB
physical id	: 0
siblings	: 8
core id		: 1
cpu cores	: 4
apicid		: 3
initial apicid	: 3
fpu		: yes
fpu_exception	: yes
cpuid level	: 13
wp		: yes
flags		: fpu vme de pse tsc msr pae mce cx8 apic sep mtrr pge mca cmov pat pse36 clflush dts acpi mmx fxsr sse sse2 ss ht tm pbe syscall nx rdtscp lm constant_tsc arch_perfmon pebs bts rep_good nopl xtopology nonstop_tsc aperfmperf eagerfpu pni pclmulqdq dtes64 monitor ds_cpl vmx est tm2 ssse3 cx16 xtpr pdcm pcid sse4_1 sse4_2 popcnt tsc_deadline_timer aes xsave avx f16c rdrand lahf_lm epb tpr_shadow vnmi flexpriority ept vpid fsgsbase smep erms xsaveopt dtherm ida arat pln pts
bugs		:
bogomips	: 6984.29
clflush size	: 64
cache_alignment	: 64
address sizes	: 36 bits physical, 48 bits virtual
power management:

processor	: 6
vendor_id	: GenuineIntel
cpu family	: 6
model		: 58
model name	: Intel(R) Core(TM) i7-3770K CPU @ 3.50GHz
stepping	: 9
microcode	: 0x15
cpu MHz		: 2114.355
cache size	: 8192 KB
physical id	: 0
siblings	: 8
core id		: 2
cpu cores	: 4
apicid		: 5
initial apicid	: 5
fpu		: yes
fpu_exception	: yes
cpuid level	: 13
wp		: yes
flags		: fpu vme de pse tsc msr pae mce cx8 apic sep mtrr pge mca cmov pat pse36 clflush dts acpi mmx fxsr sse sse2 ss ht tm pbe syscall nx rdtscp lm constant_tsc arch_perfmon pebs bts rep_good nopl xtopology nonstop_tsc aperfmperf eagerfpu pni pclmulqdq dtes64 monitor ds_cpl vmx est tm2 ssse3 cx16 xtpr pdcm pcid sse4_1 sse4_2 popcnt tsc_deadline_timer aes xsave avx f16c rdrand lahf_lm epb tpr_shadow vnmi flexpriority ept vpid fsgsbase smep erms xsaveopt dtherm ida arat pln pts
bugs		:
bogomips	: 6984.29
clflush size	: 64
cache_alignment	: 64
address sizes	: 36 bits physical, 48 bits virtual
power management:

processor	: 7
vendor_id	: GenuineIntel
cpu family	: 6
model		: 58
model name	: Intel(R) Core(TM) i7-3770K CPU @ 3.50GHz
stepping	: 9
microcode	: 0x15
cpu MHz		: 3394.726
cache size	: 8192 KB
physical id	: 0
siblings	: 8
core id		: 3
cpu cores	: 4
apicid		: 7
initial apicid	: 7
fpu		: yes
fpu_exception	: yes
cpuid level	: 13
wp		: yes
flags		: fpu vme de pse tsc msr pae mce cx8 apic sep mtrr pge mca cmov pat pse36 clflush dts acpi mmx fxsr sse sse2 ss ht tm pbe syscall nx rdtscp lm constant_tsc arch_perfmon pebs bts rep_good nopl xtopology nonstop_tsc aperfmperf eagerfpu pni pclmulqdq dtes64 monitor ds_cpl vmx est tm2 ssse3 cx16 xtpr pdcm pcid sse4_1 sse4_2 popcnt tsc_deadline_timer aes xsave avx f16c rdrand lahf_lm epb tpr_shadow vnmi flexpriority ept vpid fsgsbase smep erms xsaveopt dtherm ida arat pln pts
bugs		:
bogomips	: 6984.29
clflush size	: 64
cache_alignment	: 64
address sizes	: 36 bits physical, 48 bits virtual
power management:



Memory: 4k page, physical 8129944k(2448052k free), swap 16605180k(16605180k free)

vm_info: Java HotSpot(TM) 64-Bit Server VM (25.101-b13) for linux-amd64 JRE (1.8.0_101-b13), built on Jun 22 2016 02:59:44 by "java_re" with gcc 4.3.0 20080428 (Red Hat 4.3.0-8)

time: Sat Nov 12 19:59:41 2016
elapsed time: 585 seconds (0d 0h 9m 45s)

